<robot generator="Robot 6.1.1 (Python 3.10.12)" generated="20241016 00:00:00.000" rpa="FALSE" schemaversion="4">
  <suite id="s1" name="alpha" source="/opt/ci/tests/alpha/alpha.robot">
    <kw name="Suite Setup" type="setup">
      <msg timestamp="20241016 00:00:00.000" level="INFO">Suite alpha initialized — team TeamAlpha</msg>
      <status status="PASS" starttime="20241016 00:00:00.000" endtime="20241016 00:00:00.110" />
    </kw>
    <test id="s1-t1" name="TC_Login_ValidCredentials">
      <tag>alpha_regression</tag>
      <tag>feature_login</tag>
      <tag>priority_high</tag>
      <kw name="Run Test Steps" library="SeleniumLibrary">
        <msg timestamp="20241016 00:00:00.510" level="INFO">Executing TC_Login_ValidCredentials</msg>
        <status status="PASS" starttime="20241016 00:00:00.310" endtime="20241016 00:00:03.603" />
      </kw>
      <status status="PASS" starttime="20241016 00:00:00.310" endtime="20241016 00:00:03.603" />
    </test>
    <test id="s1-t2" name="TC_Login_InvalidPassword">
      <tag>alpha_regression</tag>
      <tag>feature_login</tag>
      <tag>priority_high</tag>
      <kw name="Run Test Steps" library="SeleniumLibrary">
        <msg timestamp="20241016 00:00:04.050" level="INFO">Executing TC_Login_InvalidPassword</msg>
        <status status="PASS" starttime="20241016 00:00:03.850" endtime="20241016 00:00:08.184" />
      </kw>
      <status status="PASS" starttime="20241016 00:00:03.850" endtime="20241016 00:00:08.184" />
    </test>
    <test id="s1-t3" name="TC_Login_SessionTimeout">
      <tag>alpha_regression</tag>
      <tag>feature_login</tag>
      <tag>priority_high</tag>
      <kw name="Run Test Steps" library="SeleniumLibrary">
        <msg timestamp="20241016 00:00:08.587" level="INFO">Executing TC_Login_SessionTimeout</msg>
        <status status="PASS" starttime="20241016 00:00:08.387" endtime="20241016 00:00:14.766" />
      </kw>
      <status status="PASS" starttime="20241016 00:00:08.387" endtime="20241016 00:00:14.766" />
    </test>
    <test id="s1-t4" name="TC_Login_AccountLockout">
      <tag>alpha_regression</tag>
      <tag>feature_login</tag>
      <tag>priority_medium</tag>
      <kw name="Run Test Steps" library="SeleniumLibrary">
        <msg timestamp="20241016 00:00:15.172" level="INFO">Executing TC_Login_AccountLockout</msg>
        <status status="PASS" starttime="20241016 00:00:14.972" endtime="20241016 00:00:18.285" />
      </kw>
      <status status="PASS" starttime="20241016 00:00:14.972" endtime="20241016 00:00:18.285" />
    </test>
    <test id="s1-t5" name="TC_Login_MFAVerification">
      <tag>alpha_regression</tag>
      <tag>feature_login</tag>
      <tag>priority_high</tag>
      <kw name="Run Test Steps" library="SeleniumLibrary">
        <msg timestamp="20241016 00:00:18.688" level="INFO">Executing TC_Login_MFAVerification</msg>
        <msg timestamp="20241016 00:00:28.039" level="FAIL">Expected HTTP status '200' but got '503' — Service Unavailable</msg>
        <status status="FAIL" starttime="20241016 00:00:18.488" endtime="20241016 00:00:28.088" />
      </kw>
      <kw name="Should Be Equal As Integers" library="BuiltIn">
        <msg timestamp="20241016 00:00:28.039" level="FAIL">Expected HTTP status '200' but got '503' — Service Unavailable</msg>
        <status status="FAIL" starttime="20241016 00:00:28.015" endtime="20241016 00:00:28.039" />
      </kw>
      <status status="FAIL" starttime="20241016 00:00:18.488" endtime="20241016 00:00:28.088">Expected HTTP status '200' but got '503' — Service Unavailable</status>
    </test>
    <test id="s1-t6" name="TC_Dashboard_FilterByDate">
      <tag>alpha_regression</tag>
      <tag>feature_dashboard</tag>
      <tag>priority_medium</tag>
      <kw name="Run Test Steps" library="SeleniumLibrary">
        <msg timestamp="20241016 00:00:28.410" level="INFO">Executing TC_Dashboard_FilterByDate</msg>
        <status status="PASS" starttime="20241016 00:00:28.210" endtime="20241016 00:00:32.598" />
      </kw>
      <status status="PASS" starttime="20241016 00:00:28.210" endtime="20241016 00:00:32.598" />
    </test>
    <test id="s1-t7" name="TC_Dashboard_Pagination">
      <tag>alpha_regression</tag>
      <tag>feature_dashboard</tag>
      <tag>priority_medium</tag>
      <kw name="Run Test Steps" library="SeleniumLibrary">
        <msg timestamp="20241016 00:00:32.925" level="INFO">Executing TC_Dashboard_Pagination</msg>
        <status status="PASS" starttime="20241016 00:00:32.725" endtime="20241016 00:00:35.701" />
      </kw>
      <status status="PASS" starttime="20241016 00:00:32.725" endtime="20241016 00:00:35.701" />
    </test>
    <test id="s1-t8" name="TC_Dashboard_ExportChart">
      <tag>alpha_regression</tag>
      <tag>feature_dashboard</tag>
      <tag>priority_medium</tag>
      <kw name="Run Test Steps" library="SeleniumLibrary">
        <msg timestamp="20241016 00:00:36.151" level="INFO">Executing TC_Dashboard_ExportChart</msg>
        <status status="PASS" starttime="20241016 00:00:35.951" endtime="20241016 00:00:39.752" />
      </kw>
      <status status="PASS" starttime="20241016 00:00:35.951" endtime="20241016 00:00:39.752" />
    </test>
    <test id="s1-t9" name="TC_Dashboard_SearchBar">
      <tag>alpha_regression</tag>
      <tag>feature_dashboard</tag>
      <tag>priority_medium</tag>
      <kw name="Run Test Steps" library="SeleniumLibrary">
        <msg timestamp="20241016 00:00:40.072" level="INFO">Executing TC_Dashboard_SearchBar</msg>
        <status status="PASS" starttime="20241016 00:00:39.872" endtime="20241016 00:00:43.961" />
      </kw>
      <status status="PASS" starttime="20241016 00:00:39.872" endtime="20241016 00:00:43.961" />
    </test>
    <test id="s1-t10" name="TC_User_CreateAccount">
      <tag>alpha_regression</tag>
      <tag>feature_usermgmt</tag>
      <tag>priority_high</tag>
      <kw name="Run Test Steps" library="SeleniumLibrary">
        <msg timestamp="20241016 00:00:44.340" level="INFO">Executing TC_User_CreateAccount</msg>
        <status status="PASS" starttime="20241016 00:00:44.140" endtime="20241016 00:00:50.784" />
      </kw>
      <status status="PASS" starttime="20241016 00:00:44.140" endtime="20241016 00:00:50.784" />
    </test>
    <test id="s1-t11" name="TC_User_EditProfile">
      <tag>alpha_regression</tag>
      <tag>feature_usermgmt</tag>
      <tag>priority_medium</tag>
      <kw name="Run Test Steps" library="SeleniumLibrary">
        <msg timestamp="20241016 00:00:51.140" level="INFO">Executing TC_User_EditProfile</msg>
        <status status="PASS" starttime="20241016 00:00:50.940" endtime="20241016 00:00:54.571" />
      </kw>
      <status status="PASS" starttime="20241016 00:00:50.940" endtime="20241016 00:00:54.571" />
    </test>
    <test id="s1-t12" name="TC_User_DeleteAccount">
      <tag>alpha_regression</tag>
      <tag>feature_usermgmt</tag>
      <tag>priority_high</tag>
      <kw name="Run Test Steps" library="SeleniumLibrary">
        <msg timestamp="20241016 00:00:54.914" level="INFO">Executing TC_User_DeleteAccount</msg>
        <status status="PASS" starttime="20241016 00:00:54.714" endtime="20241016 00:00:56.472" />
      </kw>
      <status status="PASS" starttime="20241016 00:00:54.714" endtime="20241016 00:00:56.472" />
    </test>
    <test id="s1-t13" name="TC_User_PasswordReset">
      <tag>alpha_regression</tag>
      <tag>feature_usermgmt</tag>
      <tag>priority_medium</tag>
      <kw name="Run Test Steps" library="SeleniumLibrary">
        <msg timestamp="20241016 00:00:56.934" level="INFO">Executing TC_User_PasswordReset</msg>
        <status status="PASS" starttime="20241016 00:00:56.734" endtime="20241016 00:00:58.766" />
      </kw>
      <status status="PASS" starttime="20241016 00:00:56.734" endtime="20241016 00:00:58.766" />
    </test>
    <test id="s1-t14" name="TC_Login_SSORedirect">
      <tag>alpha_regression</tag>
      <tag>feature_login</tag>
      <tag>priority_high</tag>
      <kw name="Run Test Steps" library="SeleniumLibrary">
        <msg timestamp="20241016 00:00:59.196" level="INFO">Executing TC_Login_SSORedirect</msg>
        <status status="PASS" starttime="20241016 00:00:58.996" endtime="20241016 00:01:01.611" />
      </kw>
      <status status="PASS" starttime="20241016 00:00:58.996" endtime="20241016 00:01:01.611" />
    </test>
    <test id="s1-t15" name="TC_Dashboard_LoadWidget">
      <tag>alpha_regression</tag>
      <tag>feature_dashboard</tag>
      <tag>priority_medium</tag>
      <kw name="Run Test Steps" library="SeleniumLibrary">
        <msg timestamp="20241016 00:01:02.109" level="INFO">Executing TC_Dashboard_LoadWidget</msg>
        <status status="PASS" starttime="20241016 00:01:01.909" endtime="20241016 00:01:05.659" />
      </kw>
      <status status="PASS" starttime="20241016 00:01:01.909" endtime="20241016 00:01:05.659" />
    </test>
    <test id="s1-t16" name="TC_Dashboard_RefreshData">
      <tag>alpha_regression</tag>
      <tag>feature_dashboard</tag>
      <tag>priority_medium</tag>
      <kw name="Run Test Steps" library="SeleniumLibrary">
        <msg timestamp="20241016 00:01:06.145" level="INFO">Executing TC_Dashboard_RefreshData</msg>
        <msg timestamp="20241016 00:01:25.580" level="FAIL">Expected HTTP status '200' but got '500' — Internal Server Error</msg>
        <status status="FAIL" starttime="20241016 00:01:05.945" endtime="20241016 00:01:25.594" />
      </kw>
      <kw name="Should Be Equal As Integers" library="BuiltIn">
        <msg timestamp="20241016 00:01:25.580" level="FAIL">Expected HTTP status '200' but got '500' — Internal Server Error</msg>
        <status status="FAIL" starttime="20241016 00:01:25.528" endtime="20241016 00:01:25.580" />
      </kw>
      <status status="FAIL" starttime="20241016 00:01:05.945" endtime="20241016 00:01:25.594">Expected HTTP status '200' but got '500' — Internal Server Error</status>
    </test>
    <test id="s1-t17" name="TC_User_BulkImport">
      <tag>alpha_regression</tag>
      <tag>feature_usermgmt</tag>
      <tag>priority_medium</tag>
      <kw name="Run Test Steps" library="SeleniumLibrary">
        <msg timestamp="20241016 00:01:25.944" level="INFO">Executing TC_User_BulkImport</msg>
        <status status="PASS" starttime="20241016 00:01:25.744" endtime="20241016 00:01:36.438" />
      </kw>
      <status status="PASS" starttime="20241016 00:01:25.744" endtime="20241016 00:01:36.438" />
    </test>
    <test id="s1-t18" name="TC_User_RoleAssignment">
      <tag>alpha_regression</tag>
      <tag>feature_usermgmt</tag>
      <tag>priority_high</tag>
      <kw name="Run Test Steps" library="SeleniumLibrary">
        <msg timestamp="20241016 00:01:36.777" level="INFO">Executing TC_User_RoleAssignment</msg>
        <status status="PASS" starttime="20241016 00:01:36.577" endtime="20241016 00:01:43.327" />
      </kw>
      <status status="PASS" starttime="20241016 00:01:36.577" endtime="20241016 00:01:43.327" />
    </test>
    <test id="s1-t19" name="TC_User_BatchExport">
      <tag>alpha_regression</tag>
      <tag>feature_usermgmt</tag>
      <tag>priority_medium</tag>
      <kw name="Run Test Steps" library="SeleniumLibrary">
        <msg timestamp="20241016 00:01:43.794" level="INFO">Executing TC_User_BatchExport</msg>
        <msg timestamp="20241016 00:01:59.809" level="FAIL">CSV export contained 1 rows — expected at least 200 records for last 7 days</msg>
        <status status="FAIL" starttime="20241016 00:01:43.594" endtime="20241016 00:01:59.857" />
      </kw>
      <kw name="Should Not Be Empty" library="BuiltIn">
        <msg timestamp="20241016 00:01:59.809" level="FAIL">CSV export contained 1 rows — expected at least 200 records for last 7 days</msg>
        <status status="FAIL" starttime="20241016 00:01:59.771" endtime="20241016 00:01:59.809" />
      </kw>
      <status status="FAIL" starttime="20241016 00:01:43.594" endtime="20241016 00:01:59.857">CSV export contained 1 rows — expected at least 200 records for last 7 days</status>
    </test>
    <test id="s1-t20" name="TC_Login_OAuthCallback">
      <tag>alpha_regression</tag>
      <tag>feature_login</tag>
      <tag>priority_high</tag>
      <kw name="Run Test Steps" library="SeleniumLibrary">
        <msg timestamp="20241016 00:02:00.321" level="INFO">Executing TC_Login_OAuthCallback</msg>
        <status status="PASS" starttime="20241016 00:02:00.121" endtime="20241016 00:02:05.959" />
      </kw>
      <status status="PASS" starttime="20241016 00:02:00.121" endtime="20241016 00:02:05.959" />
    </test>
    <test id="s1-t21" name="TC_API_UserProfile_Get">
      <tag>alpha_regression</tag>
      <tag>feature_api</tag>
      <tag>priority_medium</tag>
      <kw name="Run Test Steps" library="SeleniumLibrary">
        <msg timestamp="20241016 00:02:06.418" level="INFO">Executing TC_API_UserProfile_Get</msg>
        <msg timestamp="20241016 00:02:24.478" level="FAIL">Expected HTTP status '200' but got '503' — Service Unavailable</msg>
        <status status="FAIL" starttime="20241016 00:02:06.218" endtime="20241016 00:02:24.487" />
      </kw>
      <kw name="Should Be Equal As Integers" library="BuiltIn">
        <msg timestamp="20241016 00:02:24.478" level="FAIL">Expected HTTP status '200' but got '503' — Service Unavailable</msg>
        <status status="FAIL" starttime="20241016 00:02:24.407" endtime="20241016 00:02:24.478" />
      </kw>
      <status status="FAIL" starttime="20241016 00:02:06.218" endtime="20241016 00:02:24.487">Expected HTTP status '200' but got '503' — Service Unavailable</status>
    </test>
    <test id="s1-t22" name="TC_Report_GenerateMonthly">
      <tag>alpha_regression</tag>
      <tag>feature_reports</tag>
      <tag>priority_medium</tag>
      <kw name="Run Test Steps" library="SeleniumLibrary">
        <msg timestamp="20241016 00:02:24.900" level="INFO">Executing TC_Report_GenerateMonthly</msg>
        <msg timestamp="20241016 00:02:43.435" level="FAIL">Suite setup failed — environment health check failed</msg>
        <status status="FAIL" starttime="20241016 00:02:24.700" endtime="20241016 00:02:43.472" />
      </kw>
      <kw name="Environment_Setup" library="BuiltIn">
        <msg timestamp="20241016 00:02:43.435" level="FAIL">Suite setup failed — environment health check failed</msg>
        <status status="FAIL" starttime="20241016 00:02:43.418" endtime="20241016 00:02:43.435" />
      </kw>
      <status status="FAIL" starttime="20241016 00:02:24.700" endtime="20241016 00:02:43.472">Suite setup failed — environment health check failed</status>
    </test>
    <test id="s1-t23" name="TC_Export_AuditLogs">
      <tag>alpha_regression</tag>
      <tag>feature_audit</tag>
      <tag>priority_medium</tag>
      <kw name="Run Test Steps" library="SeleniumLibrary">
        <msg timestamp="20241016 00:02:43.851" level="INFO">Executing TC_Export_AuditLogs</msg>
        <status status="PASS" starttime="20241016 00:02:43.651" endtime="20241016 00:02:48.222" />
      </kw>
      <status status="PASS" starttime="20241016 00:02:43.651" endtime="20241016 00:02:48.222" />
    </test>
    <status status="FAIL" starttime="20241016 00:00:00.000" endtime="20241016 00:02:48.331" passed="18" failed="5" />
  </suite>
  <statistics>
    <total>
      <stat pass="18" fail="5">All Tests</stat>
    </total>
    <tag>
      <stat pass="18" fail="5">alpha_regression</stat>
    </tag>
  </statistics>
  <errors />
</robot>