<robot generator="Robot 6.1.1 (Python 3.10.12)" generated="20241031 00:00:00.000" rpa="FALSE" schemaversion="4">
  <suite id="s1" name="Suite_Regression_TeamAlpha" source="/opt/ci/tests/alpha/Suite_Regression_TeamAlpha.robot">
    <kw name="Suite Setup" type="setup">
      <msg timestamp="20241031 00:00:00.000" level="INFO">Suite Suite_Regression_TeamAlpha initialized — team TeamAlpha</msg>
      <status status="PASS" starttime="20241031 00:00:00.000" endtime="20241031 00:00:00.110" />
    </kw>
    <test id="s1-t1" name="TC_Login_ValidCredentials">
      <tag>alpha_regression</tag>
      <tag>feature_login</tag>
      <tag>priority_high</tag>
      <kw name="Run Test Steps" library="SeleniumLibrary">
        <msg timestamp="20241031 00:00:00.510" level="INFO">Executing TC_Login_ValidCredentials</msg>
        <status status="PASS" starttime="20241031 00:00:00.310" endtime="20241031 00:00:05.085" />
      </kw>
      <status status="PASS" starttime="20241031 00:00:00.310" endtime="20241031 00:00:05.085" />
    </test>
    <test id="s1-t2" name="TC_Login_InvalidPassword">
      <tag>alpha_regression</tag>
      <tag>feature_login</tag>
      <tag>priority_high</tag>
      <kw name="Run Test Steps" library="SeleniumLibrary">
        <msg timestamp="20241031 00:00:05.546" level="INFO">Executing TC_Login_InvalidPassword</msg>
        <status status="PASS" starttime="20241031 00:00:05.346" endtime="20241031 00:00:08.235" />
      </kw>
      <status status="PASS" starttime="20241031 00:00:05.346" endtime="20241031 00:00:08.235" />
    </test>
    <test id="s1-t3" name="TC_Login_SessionTimeout">
      <tag>alpha_regression</tag>
      <tag>feature_login</tag>
      <tag>priority_high</tag>
      <kw name="Run Test Steps" library="SeleniumLibrary">
        <msg timestamp="20241031 00:00:08.716" level="INFO">Executing TC_Login_SessionTimeout</msg>
        <status status="PASS" starttime="20241031 00:00:08.516" endtime="20241031 00:00:10.819" />
      </kw>
      <status status="PASS" starttime="20241031 00:00:08.516" endtime="20241031 00:00:10.819" />
    </test>
    <test id="s1-t4" name="TC_Login_AccountLockout">
      <tag>alpha_regression</tag>
      <tag>feature_login</tag>
      <tag>priority_medium</tag>
      <kw name="Run Test Steps" library="SeleniumLibrary">
        <msg timestamp="20241031 00:00:11.174" level="INFO">Executing TC_Login_AccountLockout</msg>
        <status status="PASS" starttime="20241031 00:00:10.974" endtime="20241031 00:00:15.866" />
      </kw>
      <status status="PASS" starttime="20241031 00:00:10.974" endtime="20241031 00:00:15.866" />
    </test>
    <test id="s1-t5" name="TC_Login_MFAVerification">
      <tag>alpha_regression</tag>
      <tag>feature_login</tag>
      <tag>priority_high</tag>
      <kw name="Run Test Steps" library="SeleniumLibrary">
        <msg timestamp="20241031 00:00:16.261" level="INFO">Executing TC_Login_MFAVerification</msg>
        <msg timestamp="20241031 00:00:29.033" level="FAIL">Expected HTTP status '200' but got '503' — Service Unavailable</msg>
        <status status="FAIL" starttime="20241031 00:00:16.061" endtime="20241031 00:00:29.080" />
      </kw>
      <kw name="Should Be Equal As Integers" library="BuiltIn">
        <msg timestamp="20241031 00:00:29.033" level="FAIL">Expected HTTP status '200' but got '503' — Service Unavailable</msg>
        <status status="FAIL" starttime="20241031 00:00:28.999" endtime="20241031 00:00:29.033" />
      </kw>
      <status status="FAIL" starttime="20241031 00:00:16.061" endtime="20241031 00:00:29.080">Expected HTTP status '200' but got '503' — Service Unavailable</status>
    </test>
    <test id="s1-t6" name="TC_Dashboard_FilterByDate">
      <tag>alpha_regression</tag>
      <tag>feature_dashboard</tag>
      <tag>priority_medium</tag>
      <kw name="Run Test Steps" library="SeleniumLibrary">
        <msg timestamp="20241031 00:00:29.384" level="INFO">Executing TC_Dashboard_FilterByDate</msg>
        <status status="PASS" starttime="20241031 00:00:29.184" endtime="20241031 00:00:30.432" />
      </kw>
      <status status="PASS" starttime="20241031 00:00:29.184" endtime="20241031 00:00:30.432" />
    </test>
    <test id="s1-t7" name="TC_Dashboard_Pagination">
      <tag>alpha_regression</tag>
      <tag>feature_dashboard</tag>
      <tag>priority_medium</tag>
      <kw name="Run Test Steps" library="SeleniumLibrary">
        <msg timestamp="20241031 00:00:30.873" level="INFO">Executing TC_Dashboard_Pagination</msg>
        <status status="PASS" starttime="20241031 00:00:30.673" endtime="20241031 00:00:34.876" />
      </kw>
      <status status="PASS" starttime="20241031 00:00:30.673" endtime="20241031 00:00:34.876" />
    </test>
    <test id="s1-t8" name="TC_Dashboard_ExportChart">
      <tag>alpha_regression</tag>
      <tag>feature_dashboard</tag>
      <tag>priority_medium</tag>
      <kw name="Run Test Steps" library="SeleniumLibrary">
        <msg timestamp="20241031 00:00:35.180" level="INFO">Executing TC_Dashboard_ExportChart</msg>
        <status status="PASS" starttime="20241031 00:00:34.980" endtime="20241031 00:00:39.039" />
      </kw>
      <status status="PASS" starttime="20241031 00:00:34.980" endtime="20241031 00:00:39.039" />
    </test>
    <test id="s1-t9" name="TC_Dashboard_SearchBar">
      <tag>alpha_regression</tag>
      <tag>feature_dashboard</tag>
      <tag>priority_medium</tag>
      <kw name="Run Test Steps" library="SeleniumLibrary">
        <msg timestamp="20241031 00:00:39.409" level="INFO">Executing TC_Dashboard_SearchBar</msg>
        <status status="PASS" starttime="20241031 00:00:39.209" endtime="20241031 00:00:44.320" />
      </kw>
      <status status="PASS" starttime="20241031 00:00:39.209" endtime="20241031 00:00:44.320" />
    </test>
    <test id="s1-t10" name="TC_User_CreateAccount">
      <tag>alpha_regression</tag>
      <tag>feature_usermgmt</tag>
      <tag>priority_high</tag>
      <kw name="Run Test Steps" library="SeleniumLibrary">
        <msg timestamp="20241031 00:00:44.693" level="INFO">Executing TC_User_CreateAccount</msg>
        <status status="PASS" starttime="20241031 00:00:44.493" endtime="20241031 00:00:45.818" />
      </kw>
      <status status="PASS" starttime="20241031 00:00:44.493" endtime="20241031 00:00:45.818" />
    </test>
    <test id="s1-t11" name="TC_User_EditProfile">
      <tag>alpha_regression</tag>
      <tag>feature_usermgmt</tag>
      <tag>priority_medium</tag>
      <kw name="Run Test Steps" library="SeleniumLibrary">
        <msg timestamp="20241031 00:00:46.296" level="INFO">Executing TC_User_EditProfile</msg>
        <status status="PASS" starttime="20241031 00:00:46.096" endtime="20241031 00:00:52.216" />
      </kw>
      <status status="PASS" starttime="20241031 00:00:46.096" endtime="20241031 00:00:52.216" />
    </test>
    <test id="s1-t12" name="TC_User_DeleteAccount">
      <tag>alpha_regression</tag>
      <tag>feature_usermgmt</tag>
      <tag>priority_high</tag>
      <kw name="Run Test Steps" library="SeleniumLibrary">
        <msg timestamp="20241031 00:00:52.561" level="INFO">Executing TC_User_DeleteAccount</msg>
        <status status="PASS" starttime="20241031 00:00:52.361" endtime="20241031 00:00:54.342" />
      </kw>
      <status status="PASS" starttime="20241031 00:00:52.361" endtime="20241031 00:00:54.342" />
    </test>
    <test id="s1-t13" name="TC_User_PasswordReset">
      <tag>alpha_regression</tag>
      <tag>feature_usermgmt</tag>
      <tag>priority_medium</tag>
      <kw name="Run Test Steps" library="SeleniumLibrary">
        <msg timestamp="20241031 00:00:54.666" level="INFO">Executing TC_User_PasswordReset</msg>
        <status status="PASS" starttime="20241031 00:00:54.466" endtime="20241031 00:00:59.494" />
      </kw>
      <status status="PASS" starttime="20241031 00:00:54.466" endtime="20241031 00:00:59.494" />
    </test>
    <test id="s1-t14" name="TC_Login_SSORedirect">
      <tag>alpha_regression</tag>
      <tag>feature_login</tag>
      <tag>priority_high</tag>
      <kw name="Run Test Steps" library="SeleniumLibrary">
        <msg timestamp="20241031 00:00:59.855" level="INFO">Executing TC_Login_SSORedirect</msg>
        <msg timestamp="20241031 00:01:12.511" level="FAIL">Element with locator 'css=.data-grid' not found after 5 retries</msg>
        <status status="FAIL" starttime="20241031 00:00:59.655" endtime="20241031 00:01:12.521" />
      </kw>
      <kw name="Click Element" library="BuiltIn">
        <msg timestamp="20241031 00:01:12.511" level="FAIL">Element with locator 'css=.data-grid' not found after 5 retries</msg>
        <status status="FAIL" starttime="20241031 00:01:12.448" endtime="20241031 00:01:12.511" />
      </kw>
      <status status="FAIL" starttime="20241031 00:00:59.655" endtime="20241031 00:01:12.521">Element with locator 'css=.data-grid' not found after 5 retries</status>
    </test>
    <test id="s1-t15" name="TC_Dashboard_LoadWidget">
      <tag>alpha_regression</tag>
      <tag>feature_dashboard</tag>
      <tag>priority_medium</tag>
      <kw name="Run Test Steps" library="SeleniumLibrary">
        <msg timestamp="20241031 00:01:12.924" level="INFO">Executing TC_Dashboard_LoadWidget</msg>
        <status status="PASS" starttime="20241031 00:01:12.724" endtime="20241031 00:01:17.275" />
      </kw>
      <status status="PASS" starttime="20241031 00:01:12.724" endtime="20241031 00:01:17.275" />
    </test>
    <test id="s1-t16" name="TC_Dashboard_RefreshData">
      <tag>alpha_regression</tag>
      <tag>feature_dashboard</tag>
      <tag>priority_medium</tag>
      <kw name="Run Test Steps" library="SeleniumLibrary">
        <msg timestamp="20241031 00:01:17.637" level="INFO">Executing TC_Dashboard_RefreshData</msg>
        <status status="PASS" starttime="20241031 00:01:17.437" endtime="20241031 00:01:25.866" />
      </kw>
      <status status="PASS" starttime="20241031 00:01:17.437" endtime="20241031 00:01:25.866" />
    </test>
    <test id="s1-t17" name="TC_User_BulkImport">
      <tag>alpha_regression</tag>
      <tag>feature_usermgmt</tag>
      <tag>priority_medium</tag>
      <kw name="Run Test Steps" library="SeleniumLibrary">
        <msg timestamp="20241031 00:01:26.223" level="INFO">Executing TC_User_BulkImport</msg>
        <msg timestamp="20241031 00:01:50.474" level="FAIL">CSV export contained 2 rows — expected at least 50 records for Oct 2024</msg>
        <status status="FAIL" starttime="20241031 00:01:26.023" endtime="20241031 00:01:50.504" />
      </kw>
      <kw name="Should Not Be Empty" library="BuiltIn">
        <msg timestamp="20241031 00:01:50.474" level="FAIL">CSV export contained 2 rows — expected at least 50 records for Oct 2024</msg>
        <status status="FAIL" starttime="20241031 00:01:50.430" endtime="20241031 00:01:50.474" />
      </kw>
      <status status="FAIL" starttime="20241031 00:01:26.023" endtime="20241031 00:01:50.504">CSV export contained 2 rows — expected at least 50 records for Oct 2024</status>
    </test>
    <test id="s1-t18" name="TC_User_RoleAssignment">
      <tag>alpha_regression</tag>
      <tag>feature_usermgmt</tag>
      <tag>priority_high</tag>
      <kw name="Run Test Steps" library="SeleniumLibrary">
        <msg timestamp="20241031 00:01:50.900" level="INFO">Executing TC_User_RoleAssignment</msg>
        <msg timestamp="20241031 00:02:01.486" level="FAIL">Expected HTTP status '200' but got '404' — Not Found</msg>
        <status status="FAIL" starttime="20241031 00:01:50.700" endtime="20241031 00:02:01.496" />
      </kw>
      <kw name="Should Be Equal As Integers" library="BuiltIn">
        <msg timestamp="20241031 00:02:01.486" level="FAIL">Expected HTTP status '200' but got '404' — Not Found</msg>
        <status status="FAIL" starttime="20241031 00:02:01.415" endtime="20241031 00:02:01.486" />
      </kw>
      <status status="FAIL" starttime="20241031 00:01:50.700" endtime="20241031 00:02:01.496">Expected HTTP status '200' but got '404' — Not Found</status>
    </test>
    <test id="s1-t19" name="TC_User_BatchExport">
      <tag>alpha_regression</tag>
      <tag>feature_usermgmt</tag>
      <tag>priority_medium</tag>
      <kw name="Run Test Steps" library="SeleniumLibrary">
        <msg timestamp="20241031 00:02:01.907" level="INFO">Executing TC_User_BatchExport</msg>
        <msg timestamp="20241031 00:02:15.921" level="FAIL">Element with locator 'id=widget-container' not found after 7 retries</msg>
        <status status="FAIL" starttime="20241031 00:02:01.707" endtime="20241031 00:02:15.928" />
      </kw>
      <kw name="Click Element" library="BuiltIn">
        <msg timestamp="20241031 00:02:15.921" level="FAIL">Element with locator 'id=widget-container' not found after 7 retries</msg>
        <status status="FAIL" starttime="20241031 00:02:15.864" endtime="20241031 00:02:15.921" />
      </kw>
      <status status="FAIL" starttime="20241031 00:02:01.707" endtime="20241031 00:02:15.928">Element with locator 'id=widget-container' not found after 7 retries</status>
    </test>
    <test id="s1-t20" name="TC_Login_OAuthCallback">
      <tag>alpha_regression</tag>
      <tag>feature_login</tag>
      <tag>priority_high</tag>
      <kw name="Run Test Steps" library="SeleniumLibrary">
        <msg timestamp="20241031 00:02:16.282" level="INFO">Executing TC_Login_OAuthCallback</msg>
        <msg timestamp="20241031 00:02:35.775" level="FAIL">Element 'progress-bar' still visible after 15s timeout</msg>
        <status status="FAIL" starttime="20241031 00:02:16.082" endtime="20241031 00:02:35.784" />
      </kw>
      <kw name="Wait Until Element Is Visible" library="BuiltIn">
        <msg timestamp="20241031 00:02:35.775" level="FAIL">Element 'progress-bar' still visible after 15s timeout</msg>
        <status status="FAIL" starttime="20241031 00:02:35.691" endtime="20241031 00:02:35.775" />
      </kw>
      <status status="FAIL" starttime="20241031 00:02:16.082" endtime="20241031 00:02:35.784">Element 'progress-bar' still visible after 15s timeout</status>
    </test>
    <status status="FAIL" starttime="20241031 00:00:00.000" endtime="20241031 00:02:35.955" passed="14" failed="6" />
  </suite>
  <statistics>
    <total>
      <stat pass="14" fail="6">All Tests</stat>
    </total>
    <tag>
      <stat pass="14" fail="6">alpha_regression</stat>
    </tag>
  </statistics>
  <errors />
</robot>