<robot generator="Robot 6.1.1 (Python 3.10.12)" generated="20241111 00:00:00.000" rpa="FALSE" schemaversion="4">
  <suite id="s1" name="beta" source="/opt/ci/tests/beta/beta.robot">
    <kw name="Suite Setup" type="setup">
      <msg timestamp="20241111 00:00:00.000" level="INFO">Suite beta initialized — team TeamAlpha</msg>
      <status status="PASS" starttime="20241111 00:00:00.000" endtime="20241111 00:00:00.110" />
    </kw>
    <test id="s1-t1" name="TC_Login_ValidCredentials">
      <tag>alpha_regression</tag>
      <tag>feature_login</tag>
      <tag>priority_high</tag>
      <kw name="Run Test Steps" library="SeleniumLibrary">
        <msg timestamp="20241111 00:00:00.510" level="INFO">Executing TC_Login_ValidCredentials</msg>
        <status status="PASS" starttime="20241111 00:00:00.310" endtime="20241111 00:00:03.292" />
      </kw>
      <status status="PASS" starttime="20241111 00:00:00.310" endtime="20241111 00:00:03.292" />
    </test>
    <test id="s1-t2" name="TC_Login_InvalidPassword">
      <tag>alpha_regression</tag>
      <tag>feature_login</tag>
      <tag>priority_high</tag>
      <kw name="Run Test Steps" library="SeleniumLibrary">
        <msg timestamp="20241111 00:00:03.708" level="INFO">Executing TC_Login_InvalidPassword</msg>
        <status status="PASS" starttime="20241111 00:00:03.508" endtime="20241111 00:00:11.646" />
      </kw>
      <status status="PASS" starttime="20241111 00:00:03.508" endtime="20241111 00:00:11.646" />
    </test>
    <test id="s1-t3" name="TC_Login_SessionTimeout">
      <tag>alpha_regression</tag>
      <tag>feature_login</tag>
      <tag>priority_high</tag>
      <kw name="Run Test Steps" library="SeleniumLibrary">
        <msg timestamp="20241111 00:00:12.039" level="INFO">Executing TC_Login_SessionTimeout</msg>
        <status status="PASS" starttime="20241111 00:00:11.839" endtime="20241111 00:00:19.064" />
      </kw>
      <status status="PASS" starttime="20241111 00:00:11.839" endtime="20241111 00:00:19.064" />
    </test>
    <test id="s1-t4" name="TC_Login_AccountLockout">
      <tag>alpha_regression</tag>
      <tag>feature_login</tag>
      <tag>priority_medium</tag>
      <kw name="Run Test Steps" library="SeleniumLibrary">
        <msg timestamp="20241111 00:00:19.421" level="INFO">Executing TC_Login_AccountLockout</msg>
        <status status="PASS" starttime="20241111 00:00:19.221" endtime="20241111 00:00:26.585" />
      </kw>
      <status status="PASS" starttime="20241111 00:00:19.221" endtime="20241111 00:00:26.585" />
    </test>
    <test id="s1-t5" name="TC_Login_MFAVerification">
      <tag>alpha_regression</tag>
      <tag>feature_login</tag>
      <tag>priority_high</tag>
      <kw name="Run Test Steps" library="SeleniumLibrary">
        <msg timestamp="20241111 00:00:26.969" level="INFO">Executing TC_Login_MFAVerification</msg>
        <msg timestamp="20241111 00:00:43.244" level="FAIL">Element 'progress-bar' still visible after 45s timeout</msg>
        <status status="FAIL" starttime="20241111 00:00:26.769" endtime="20241111 00:00:43.256" />
      </kw>
      <kw name="Wait Until Element Is Visible" library="BuiltIn">
        <msg timestamp="20241111 00:00:43.244" level="FAIL">Element 'progress-bar' still visible after 45s timeout</msg>
        <status status="FAIL" starttime="20241111 00:00:43.200" endtime="20241111 00:00:43.244" />
      </kw>
      <status status="FAIL" starttime="20241111 00:00:26.769" endtime="20241111 00:00:43.256">Element 'progress-bar' still visible after 45s timeout</status>
    </test>
    <test id="s1-t6" name="TC_Dashboard_FilterByDate">
      <tag>alpha_regression</tag>
      <tag>feature_dashboard</tag>
      <tag>priority_medium</tag>
      <kw name="Run Test Steps" library="SeleniumLibrary">
        <msg timestamp="20241111 00:00:43.750" level="INFO">Executing TC_Dashboard_FilterByDate</msg>
        <status status="PASS" starttime="20241111 00:00:43.550" endtime="20241111 00:00:49.560" />
      </kw>
      <status status="PASS" starttime="20241111 00:00:43.550" endtime="20241111 00:00:49.560" />
    </test>
    <test id="s1-t7" name="TC_Dashboard_Pagination">
      <tag>alpha_regression</tag>
      <tag>feature_dashboard</tag>
      <tag>priority_medium</tag>
      <kw name="Run Test Steps" library="SeleniumLibrary">
        <msg timestamp="20241111 00:00:49.860" level="INFO">Executing TC_Dashboard_Pagination</msg>
        <status status="PASS" starttime="20241111 00:00:49.660" endtime="20241111 00:00:53.352" />
      </kw>
      <status status="PASS" starttime="20241111 00:00:49.660" endtime="20241111 00:00:53.352" />
    </test>
    <test id="s1-t8" name="TC_Dashboard_ExportChart">
      <tag>alpha_regression</tag>
      <tag>feature_dashboard</tag>
      <tag>priority_medium</tag>
      <kw name="Run Test Steps" library="SeleniumLibrary">
        <msg timestamp="20241111 00:00:53.814" level="INFO">Executing TC_Dashboard_ExportChart</msg>
        <status status="PASS" starttime="20241111 00:00:53.614" endtime="20241111 00:00:58.543" />
      </kw>
      <status status="PASS" starttime="20241111 00:00:53.614" endtime="20241111 00:00:58.543" />
    </test>
    <test id="s1-t9" name="TC_Dashboard_SearchBar">
      <tag>alpha_regression</tag>
      <tag>feature_dashboard</tag>
      <tag>priority_medium</tag>
      <kw name="Run Test Steps" library="SeleniumLibrary">
        <msg timestamp="20241111 00:00:58.917" level="INFO">Executing TC_Dashboard_SearchBar</msg>
        <status status="PASS" starttime="20241111 00:00:58.717" endtime="20241111 00:01:03.915" />
      </kw>
      <status status="PASS" starttime="20241111 00:00:58.717" endtime="20241111 00:01:03.915" />
    </test>
    <test id="s1-t10" name="TC_User_CreateAccount">
      <tag>alpha_regression</tag>
      <tag>feature_usermgmt</tag>
      <tag>priority_high</tag>
      <kw name="Run Test Steps" library="SeleniumLibrary">
        <msg timestamp="20241111 00:01:04.310" level="INFO">Executing TC_User_CreateAccount</msg>
        <status status="PASS" starttime="20241111 00:01:04.110" endtime="20241111 00:01:10.435" />
      </kw>
      <status status="PASS" starttime="20241111 00:01:04.110" endtime="20241111 00:01:10.435" />
    </test>
    <test id="s1-t11" name="TC_User_EditProfile">
      <tag>alpha_regression</tag>
      <tag>feature_usermgmt</tag>
      <tag>priority_medium</tag>
      <kw name="Run Test Steps" library="SeleniumLibrary">
        <msg timestamp="20241111 00:01:10.746" level="INFO">Executing TC_User_EditProfile</msg>
        <status status="PASS" starttime="20241111 00:01:10.546" endtime="20241111 00:01:18.293" />
      </kw>
      <status status="PASS" starttime="20241111 00:01:10.546" endtime="20241111 00:01:18.293" />
    </test>
    <test id="s1-t12" name="TC_User_DeleteAccount">
      <tag>alpha_regression</tag>
      <tag>feature_usermgmt</tag>
      <tag>priority_high</tag>
      <kw name="Run Test Steps" library="SeleniumLibrary">
        <msg timestamp="20241111 00:01:18.719" level="INFO">Executing TC_User_DeleteAccount</msg>
        <status status="PASS" starttime="20241111 00:01:18.519" endtime="20241111 00:01:20.744" />
      </kw>
      <status status="PASS" starttime="20241111 00:01:18.519" endtime="20241111 00:01:20.744" />
    </test>
    <test id="s1-t13" name="TC_User_PasswordReset">
      <tag>alpha_regression</tag>
      <tag>feature_usermgmt</tag>
      <tag>priority_medium</tag>
      <kw name="Run Test Steps" library="SeleniumLibrary">
        <msg timestamp="20241111 00:01:21.227" level="INFO">Executing TC_User_PasswordReset</msg>
        <status status="PASS" starttime="20241111 00:01:21.027" endtime="20241111 00:01:27.647" />
      </kw>
      <status status="PASS" starttime="20241111 00:01:21.027" endtime="20241111 00:01:27.647" />
    </test>
    <test id="s1-t14" name="TC_Login_SSORedirect">
      <tag>alpha_regression</tag>
      <tag>feature_login</tag>
      <tag>priority_high</tag>
      <kw name="Run Test Steps" library="SeleniumLibrary">
        <msg timestamp="20241111 00:01:28.051" level="INFO">Executing TC_Login_SSORedirect</msg>
        <status status="PASS" starttime="20241111 00:01:27.851" endtime="20241111 00:01:29.832" />
      </kw>
      <status status="PASS" starttime="20241111 00:01:27.851" endtime="20241111 00:01:29.832" />
    </test>
    <test id="s1-t15" name="TC_Dashboard_LoadWidget">
      <tag>alpha_regression</tag>
      <tag>feature_dashboard</tag>
      <tag>priority_medium</tag>
      <kw name="Run Test Steps" library="SeleniumLibrary">
        <msg timestamp="20241111 00:01:30.288" level="INFO">Executing TC_Dashboard_LoadWidget</msg>
        <msg timestamp="20241111 00:01:38.909" level="FAIL">Element 'overlay-modal' still visible after 45s timeout</msg>
        <status status="FAIL" starttime="20241111 00:01:30.088" endtime="20241111 00:01:38.926" />
      </kw>
      <kw name="Wait Until Element Is Visible" library="BuiltIn">
        <msg timestamp="20241111 00:01:38.909" level="FAIL">Element 'overlay-modal' still visible after 45s timeout</msg>
        <status status="FAIL" starttime="20241111 00:01:38.831" endtime="20241111 00:01:38.909" />
      </kw>
      <status status="FAIL" starttime="20241111 00:01:30.088" endtime="20241111 00:01:38.926">Element 'overlay-modal' still visible after 45s timeout</status>
    </test>
    <test id="s1-t16" name="TC_Dashboard_RefreshData">
      <tag>alpha_regression</tag>
      <tag>feature_dashboard</tag>
      <tag>priority_medium</tag>
      <kw name="Run Test Steps" library="SeleniumLibrary">
        <msg timestamp="20241111 00:01:39.312" level="INFO">Executing TC_Dashboard_RefreshData</msg>
        <msg timestamp="20241111 00:01:50.210" level="FAIL">CSV export contained 2 rows — expected at least 200 records for Oct 2024</msg>
        <status status="FAIL" starttime="20241111 00:01:39.112" endtime="20241111 00:01:50.243" />
      </kw>
      <kw name="Should Not Be Empty" library="BuiltIn">
        <msg timestamp="20241111 00:01:50.210" level="FAIL">CSV export contained 2 rows — expected at least 200 records for Oct 2024</msg>
        <status status="FAIL" starttime="20241111 00:01:50.164" endtime="20241111 00:01:50.210" />
      </kw>
      <status status="FAIL" starttime="20241111 00:01:39.112" endtime="20241111 00:01:50.243">CSV export contained 2 rows — expected at least 200 records for Oct 2024</status>
    </test>
    <test id="s1-t17" name="TC_User_BulkImport">
      <tag>alpha_regression</tag>
      <tag>feature_usermgmt</tag>
      <tag>priority_medium</tag>
      <kw name="Run Test Steps" library="SeleniumLibrary">
        <msg timestamp="20241111 00:01:50.711" level="INFO">Executing TC_User_BulkImport</msg>
        <msg timestamp="20241111 00:02:22.051" level="FAIL">Expected HTTP status '200' but got '500' — Internal Server Error</msg>
        <status status="FAIL" starttime="20241111 00:01:50.511" endtime="20241111 00:02:22.089" />
      </kw>
      <kw name="Should Be Equal As Integers" library="BuiltIn">
        <msg timestamp="20241111 00:02:22.051" level="FAIL">Expected HTTP status '200' but got '500' — Internal Server Error</msg>
        <status status="FAIL" starttime="20241111 00:02:21.992" endtime="20241111 00:02:22.051" />
      </kw>
      <status status="FAIL" starttime="20241111 00:01:50.511" endtime="20241111 00:02:22.089">Expected HTTP status '200' but got '500' — Internal Server Error</status>
    </test>
    <test id="s1-t18" name="TC_User_RoleAssignment">
      <tag>alpha_regression</tag>
      <tag>feature_usermgmt</tag>
      <tag>priority_high</tag>
      <kw name="Run Test Steps" library="SeleniumLibrary">
        <msg timestamp="20241111 00:02:22.401" level="INFO">Executing TC_User_RoleAssignment</msg>
        <msg timestamp="20241111 00:02:36.719" level="FAIL">Expected HTTP status '200' but got '404' — Not Found</msg>
        <status status="FAIL" starttime="20241111 00:02:22.201" endtime="20241111 00:02:36.768" />
      </kw>
      <kw name="Should Be Equal As Integers" library="BuiltIn">
        <msg timestamp="20241111 00:02:36.719" level="FAIL">Expected HTTP status '200' but got '404' — Not Found</msg>
        <status status="FAIL" starttime="20241111 00:02:36.681" endtime="20241111 00:02:36.719" />
      </kw>
      <status status="FAIL" starttime="20241111 00:02:22.201" endtime="20241111 00:02:36.768">Expected HTTP status '200' but got '404' — Not Found</status>
    </test>
    <test id="s1-t19" name="TC_User_BatchExport">
      <tag>alpha_regression</tag>
      <tag>feature_usermgmt</tag>
      <tag>priority_medium</tag>
      <kw name="Run Test Steps" library="SeleniumLibrary">
        <msg timestamp="20241111 00:02:37.112" level="INFO">Executing TC_User_BatchExport</msg>
        <msg timestamp="20241111 00:02:49.691" level="FAIL">CSV export contained 2 rows — expected at least 200 records for Q4 2024</msg>
        <status status="FAIL" starttime="20241111 00:02:36.912" endtime="20241111 00:02:49.728" />
      </kw>
      <kw name="Should Not Be Empty" library="BuiltIn">
        <msg timestamp="20241111 00:02:49.691" level="FAIL">CSV export contained 2 rows — expected at least 200 records for Q4 2024</msg>
        <status status="FAIL" starttime="20241111 00:02:49.654" endtime="20241111 00:02:49.691" />
      </kw>
      <status status="FAIL" starttime="20241111 00:02:36.912" endtime="20241111 00:02:49.728">CSV export contained 2 rows — expected at least 200 records for Q4 2024</status>
    </test>
    <test id="s1-t20" name="TC_Login_OAuthCallback">
      <tag>alpha_regression</tag>
      <tag>feature_login</tag>
      <tag>priority_high</tag>
      <kw name="Run Test Steps" library="SeleniumLibrary">
        <msg timestamp="20241111 00:02:50.135" level="INFO">Executing TC_Login_OAuthCallback</msg>
        <msg timestamp="20241111 00:03:12.418" level="FAIL">Element with locator 'css=.data-grid' not found after 5 retries</msg>
        <status status="FAIL" starttime="20241111 00:02:49.935" endtime="20241111 00:03:12.444" />
      </kw>
      <kw name="Click Element" library="BuiltIn">
        <msg timestamp="20241111 00:03:12.418" level="FAIL">Element with locator 'css=.data-grid' not found after 5 retries</msg>
        <status status="FAIL" starttime="20241111 00:03:12.376" endtime="20241111 00:03:12.418" />
      </kw>
      <status status="FAIL" starttime="20241111 00:02:49.935" endtime="20241111 00:03:12.444">Element with locator 'css=.data-grid' not found after 5 retries</status>
    </test>
    <test id="s1-t21" name="TC_API_UserProfile_Get">
      <tag>alpha_regression</tag>
      <tag>feature_api</tag>
      <tag>priority_medium</tag>
      <kw name="Run Test Steps" library="SeleniumLibrary">
        <msg timestamp="20241111 00:03:12.859" level="INFO">Executing TC_API_UserProfile_Get</msg>
        <status status="PASS" starttime="20241111 00:03:12.659" endtime="20241111 00:03:19.734" />
      </kw>
      <status status="PASS" starttime="20241111 00:03:12.659" endtime="20241111 00:03:19.734" />
    </test>
    <test id="s1-t22" name="TC_Report_GenerateMonthly">
      <tag>alpha_regression</tag>
      <tag>feature_reports</tag>
      <tag>priority_medium</tag>
      <kw name="Run Test Steps" library="SeleniumLibrary">
        <msg timestamp="20241111 00:03:20.069" level="INFO">Executing TC_Report_GenerateMonthly</msg>
        <msg timestamp="20241111 00:03:36.032" level="FAIL">Element 'progress-bar' still visible after 30s timeout</msg>
        <status status="FAIL" starttime="20241111 00:03:19.869" endtime="20241111 00:03:36.082" />
      </kw>
      <kw name="Wait Until Element Is Visible" library="BuiltIn">
        <msg timestamp="20241111 00:03:36.032" level="FAIL">Element 'progress-bar' still visible after 30s timeout</msg>
        <status status="FAIL" starttime="20241111 00:03:35.985" endtime="20241111 00:03:36.032" />
      </kw>
      <status status="FAIL" starttime="20241111 00:03:19.869" endtime="20241111 00:03:36.082">Element 'progress-bar' still visible after 30s timeout</status>
    </test>
    <test id="s1-t23" name="TC_Export_AuditLogs">
      <tag>alpha_regression</tag>
      <tag>feature_audit</tag>
      <tag>priority_medium</tag>
      <kw name="Run Test Steps" library="SeleniumLibrary">
        <msg timestamp="20241111 00:03:36.523" level="INFO">Executing TC_Export_AuditLogs</msg>
        <status status="PASS" starttime="20241111 00:03:36.323" endtime="20241111 00:03:42.141" />
      </kw>
      <status status="PASS" starttime="20241111 00:03:36.323" endtime="20241111 00:03:42.141" />
    </test>
    <status status="FAIL" starttime="20241111 00:00:00.000" endtime="20241111 00:03:42.292" passed="15" failed="8" />
  </suite>
  <statistics>
    <total>
      <stat pass="15" fail="8">All Tests</stat>
    </total>
    <tag>
      <stat pass="15" fail="8">alpha_regression</stat>
    </tag>
  </statistics>
  <errors />
</robot>