<robot generator="Robot 6.1.1 (Python 3.10.12)" generated="20241225 00:00:00.000" rpa="FALSE" schemaversion="4">
  <suite id="s1" name="gamma" source="/opt/ci/tests/gamma/gamma.robot">
    <kw name="Suite Setup" type="setup">
      <msg timestamp="20241225 00:00:00.000" level="INFO">Suite gamma initialized — team TeamAlpha</msg>
      <status status="PASS" starttime="20241225 00:00:00.000" endtime="20241225 00:00:00.110" />
    </kw>
    <test id="s1-t1" name="TC_Login_ValidCredentials">
      <tag>alpha_regression</tag>
      <tag>feature_login</tag>
      <tag>priority_high</tag>
      <kw name="Run Test Steps" library="SeleniumLibrary">
        <msg timestamp="20241225 00:00:00.510" level="INFO">Executing TC_Login_ValidCredentials</msg>
        <status status="PASS" starttime="20241225 00:00:00.310" endtime="20241225 00:00:02.383" />
      </kw>
      <status status="PASS" starttime="20241225 00:00:00.310" endtime="20241225 00:00:02.383" />
    </test>
    <test id="s1-t2" name="TC_Login_InvalidPassword">
      <tag>alpha_regression</tag>
      <tag>feature_login</tag>
      <tag>priority_high</tag>
      <kw name="Run Test Steps" library="SeleniumLibrary">
        <msg timestamp="20241225 00:00:02.761" level="INFO">Executing TC_Login_InvalidPassword</msg>
        <status status="PASS" starttime="20241225 00:00:02.561" endtime="20241225 00:00:10.251" />
      </kw>
      <status status="PASS" starttime="20241225 00:00:02.561" endtime="20241225 00:00:10.251" />
    </test>
    <test id="s1-t3" name="TC_Login_SessionTimeout">
      <tag>alpha_regression</tag>
      <tag>feature_login</tag>
      <tag>priority_high</tag>
      <kw name="Run Test Steps" library="SeleniumLibrary">
        <msg timestamp="20241225 00:00:10.606" level="INFO">Executing TC_Login_SessionTimeout</msg>
        <status status="PASS" starttime="20241225 00:00:10.406" endtime="20241225 00:00:12.942" />
      </kw>
      <status status="PASS" starttime="20241225 00:00:10.406" endtime="20241225 00:00:12.942" />
    </test>
    <test id="s1-t4" name="TC_Login_AccountLockout">
      <tag>alpha_regression</tag>
      <tag>feature_login</tag>
      <tag>priority_medium</tag>
      <kw name="Run Test Steps" library="SeleniumLibrary">
        <msg timestamp="20241225 00:00:13.431" level="INFO">Executing TC_Login_AccountLockout</msg>
        <status status="PASS" starttime="20241225 00:00:13.231" endtime="20241225 00:00:17.999" />
      </kw>
      <status status="PASS" starttime="20241225 00:00:13.231" endtime="20241225 00:00:17.999" />
    </test>
    <test id="s1-t5" name="TC_Login_MFAVerification">
      <tag>alpha_regression</tag>
      <tag>feature_login</tag>
      <tag>priority_high</tag>
      <kw name="Run Test Steps" library="SeleniumLibrary">
        <msg timestamp="20241225 00:00:18.330" level="INFO">Executing TC_Login_MFAVerification</msg>
        <status status="PASS" starttime="20241225 00:00:18.130" endtime="20241225 00:00:23.327" />
      </kw>
      <status status="PASS" starttime="20241225 00:00:18.130" endtime="20241225 00:00:23.327" />
    </test>
    <test id="s1-t6" name="TC_Dashboard_FilterByDate">
      <tag>alpha_regression</tag>
      <tag>feature_dashboard</tag>
      <tag>priority_medium</tag>
      <kw name="Run Test Steps" library="SeleniumLibrary">
        <msg timestamp="20241225 00:00:23.644" level="INFO">Executing TC_Dashboard_FilterByDate</msg>
        <status status="PASS" starttime="20241225 00:00:23.444" endtime="20241225 00:00:30.998" />
      </kw>
      <status status="PASS" starttime="20241225 00:00:23.444" endtime="20241225 00:00:30.998" />
    </test>
    <test id="s1-t7" name="TC_Dashboard_Pagination">
      <tag>alpha_regression</tag>
      <tag>feature_dashboard</tag>
      <tag>priority_medium</tag>
      <kw name="Run Test Steps" library="SeleniumLibrary">
        <msg timestamp="20241225 00:00:31.404" level="INFO">Executing TC_Dashboard_Pagination</msg>
        <status status="PASS" starttime="20241225 00:00:31.204" endtime="20241225 00:00:35.917" />
      </kw>
      <status status="PASS" starttime="20241225 00:00:31.204" endtime="20241225 00:00:35.917" />
    </test>
    <test id="s1-t8" name="TC_Dashboard_ExportChart">
      <tag>alpha_regression</tag>
      <tag>feature_dashboard</tag>
      <tag>priority_medium</tag>
      <kw name="Run Test Steps" library="SeleniumLibrary">
        <msg timestamp="20241225 00:00:36.296" level="INFO">Executing TC_Dashboard_ExportChart</msg>
        <status status="PASS" starttime="20241225 00:00:36.096" endtime="20241225 00:00:49.793" />
      </kw>
      <status status="PASS" starttime="20241225 00:00:36.096" endtime="20241225 00:00:49.793" />
    </test>
    <test id="s1-t9" name="TC_Dashboard_SearchBar">
      <tag>alpha_regression</tag>
      <tag>feature_dashboard</tag>
      <tag>priority_medium</tag>
      <kw name="Run Test Steps" library="SeleniumLibrary">
        <msg timestamp="20241225 00:00:50.179" level="INFO">Executing TC_Dashboard_SearchBar</msg>
        <status status="PASS" starttime="20241225 00:00:49.979" endtime="20241225 00:00:56.883" />
      </kw>
      <status status="PASS" starttime="20241225 00:00:49.979" endtime="20241225 00:00:56.883" />
    </test>
    <test id="s1-t10" name="TC_User_CreateAccount">
      <tag>alpha_regression</tag>
      <tag>feature_usermgmt</tag>
      <tag>priority_high</tag>
      <kw name="Run Test Steps" library="SeleniumLibrary">
        <msg timestamp="20241225 00:00:57.304" level="INFO">Executing TC_User_CreateAccount</msg>
        <status status="PASS" starttime="20241225 00:00:57.104" endtime="20241225 00:01:04.396" />
      </kw>
      <status status="PASS" starttime="20241225 00:00:57.104" endtime="20241225 00:01:04.396" />
    </test>
    <test id="s1-t11" name="TC_User_EditProfile">
      <tag>alpha_regression</tag>
      <tag>feature_usermgmt</tag>
      <tag>priority_medium</tag>
      <kw name="Run Test Steps" library="SeleniumLibrary">
        <msg timestamp="20241225 00:01:04.851" level="INFO">Executing TC_User_EditProfile</msg>
        <status status="PASS" starttime="20241225 00:01:04.651" endtime="20241225 00:01:06.821" />
      </kw>
      <status status="PASS" starttime="20241225 00:01:04.651" endtime="20241225 00:01:06.821" />
    </test>
    <test id="s1-t12" name="TC_User_DeleteAccount">
      <tag>alpha_regression</tag>
      <tag>feature_usermgmt</tag>
      <tag>priority_high</tag>
      <kw name="Run Test Steps" library="SeleniumLibrary">
        <msg timestamp="20241225 00:01:07.156" level="INFO">Executing TC_User_DeleteAccount</msg>
        <status status="PASS" starttime="20241225 00:01:06.956" endtime="20241225 00:01:11.841" />
      </kw>
      <status status="PASS" starttime="20241225 00:01:06.956" endtime="20241225 00:01:11.841" />
    </test>
    <test id="s1-t13" name="TC_User_PasswordReset">
      <tag>alpha_regression</tag>
      <tag>feature_usermgmt</tag>
      <tag>priority_medium</tag>
      <kw name="Run Test Steps" library="SeleniumLibrary">
        <msg timestamp="20241225 00:01:12.258" level="INFO">Executing TC_User_PasswordReset</msg>
        <status status="PASS" starttime="20241225 00:01:12.058" endtime="20241225 00:01:18.818" />
      </kw>
      <status status="PASS" starttime="20241225 00:01:12.058" endtime="20241225 00:01:18.818" />
    </test>
    <test id="s1-t14" name="TC_Login_SSORedirect">
      <tag>alpha_regression</tag>
      <tag>feature_login</tag>
      <tag>priority_high</tag>
      <kw name="Run Test Steps" library="SeleniumLibrary">
        <msg timestamp="20241225 00:01:19.288" level="INFO">Executing TC_Login_SSORedirect</msg>
        <status status="PASS" starttime="20241225 00:01:19.088" endtime="20241225 00:01:23.566" />
      </kw>
      <status status="PASS" starttime="20241225 00:01:19.088" endtime="20241225 00:01:23.566" />
    </test>
    <test id="s1-t15" name="TC_Dashboard_LoadWidget">
      <tag>alpha_regression</tag>
      <tag>feature_dashboard</tag>
      <tag>priority_medium</tag>
      <kw name="Run Test Steps" library="SeleniumLibrary">
        <msg timestamp="20241225 00:01:24.052" level="INFO">Executing TC_Dashboard_LoadWidget</msg>
        <status status="PASS" starttime="20241225 00:01:23.852" endtime="20241225 00:01:27.426" />
      </kw>
      <status status="PASS" starttime="20241225 00:01:23.852" endtime="20241225 00:01:27.426" />
    </test>
    <test id="s1-t16" name="TC_Dashboard_RefreshData">
      <tag>alpha_regression</tag>
      <tag>feature_dashboard</tag>
      <tag>priority_medium</tag>
      <kw name="Run Test Steps" library="SeleniumLibrary">
        <msg timestamp="20241225 00:01:27.885" level="INFO">Executing TC_Dashboard_RefreshData</msg>
        <status status="PASS" starttime="20241225 00:01:27.685" endtime="20241225 00:01:33.736" />
      </kw>
      <status status="PASS" starttime="20241225 00:01:27.685" endtime="20241225 00:01:33.736" />
    </test>
    <test id="s1-t17" name="TC_User_BulkImport">
      <tag>alpha_regression</tag>
      <tag>feature_usermgmt</tag>
      <tag>priority_medium</tag>
      <kw name="Run Test Steps" library="SeleniumLibrary">
        <msg timestamp="20241225 00:01:34.140" level="INFO">Executing TC_User_BulkImport</msg>
        <status status="PASS" starttime="20241225 00:01:33.940" endtime="20241225 00:02:05.038" />
      </kw>
      <status status="PASS" starttime="20241225 00:01:33.940" endtime="20241225 00:02:05.038" />
    </test>
    <test id="s1-t18" name="TC_User_RoleAssignment">
      <tag>alpha_regression</tag>
      <tag>feature_usermgmt</tag>
      <tag>priority_high</tag>
      <kw name="Run Test Steps" library="SeleniumLibrary">
        <msg timestamp="20241225 00:02:05.439" level="INFO">Executing TC_User_RoleAssignment</msg>
        <msg timestamp="20241225 00:02:14.326" level="FAIL">CSV export contained 1 rows — expected at least 200 records for Q4 2024</msg>
        <status status="FAIL" starttime="20241225 00:02:05.239" endtime="20241225 00:02:14.372" />
      </kw>
      <kw name="Should Not Be Empty" library="BuiltIn">
        <msg timestamp="20241225 00:02:14.326" level="FAIL">CSV export contained 1 rows — expected at least 200 records for Q4 2024</msg>
        <status status="FAIL" starttime="20241225 00:02:14.317" endtime="20241225 00:02:14.326" />
      </kw>
      <status status="FAIL" starttime="20241225 00:02:05.239" endtime="20241225 00:02:14.372">CSV export contained 1 rows — expected at least 200 records for Q4 2024</status>
    </test>
    <test id="s1-t19" name="TC_User_BatchExport">
      <tag>alpha_regression</tag>
      <tag>feature_usermgmt</tag>
      <tag>priority_medium</tag>
      <kw name="Run Test Steps" library="SeleniumLibrary">
        <msg timestamp="20241225 00:02:14.714" level="INFO">Executing TC_User_BatchExport</msg>
        <msg timestamp="20241225 00:02:31.551" level="FAIL">Element with locator 'css=.data-grid' not found after 7 retries</msg>
        <status status="FAIL" starttime="20241225 00:02:14.514" endtime="20241225 00:02:31.597" />
      </kw>
      <kw name="Click Element" library="BuiltIn">
        <msg timestamp="20241225 00:02:31.551" level="FAIL">Element with locator 'css=.data-grid' not found after 7 retries</msg>
        <status status="FAIL" starttime="20241225 00:02:31.540" endtime="20241225 00:02:31.551" />
      </kw>
      <status status="FAIL" starttime="20241225 00:02:14.514" endtime="20241225 00:02:31.597">Element with locator 'css=.data-grid' not found after 7 retries</status>
    </test>
    <test id="s1-t20" name="TC_Login_OAuthCallback">
      <tag>alpha_regression</tag>
      <tag>feature_login</tag>
      <tag>priority_high</tag>
      <kw name="Run Test Steps" library="SeleniumLibrary">
        <msg timestamp="20241225 00:02:32.061" level="INFO">Executing TC_Login_OAuthCallback</msg>
        <status status="PASS" starttime="20241225 00:02:31.861" endtime="20241225 00:02:37.144" />
      </kw>
      <status status="PASS" starttime="20241225 00:02:31.861" endtime="20241225 00:02:37.144" />
    </test>
    <test id="s1-t21" name="TC_API_UserProfile_Get">
      <tag>alpha_regression</tag>
      <tag>feature_api</tag>
      <tag>priority_medium</tag>
      <kw name="Run Test Steps" library="SeleniumLibrary">
        <msg timestamp="20241225 00:02:37.493" level="INFO">Executing TC_API_UserProfile_Get</msg>
        <msg timestamp="20241225 00:02:55.849" level="FAIL">CSV export contained 2 rows — expected at least 200 records for last 30 days</msg>
        <status status="FAIL" starttime="20241225 00:02:37.293" endtime="20241225 00:02:55.884" />
      </kw>
      <kw name="Should Not Be Empty" library="BuiltIn">
        <msg timestamp="20241225 00:02:55.849" level="FAIL">CSV export contained 2 rows — expected at least 200 records for last 30 days</msg>
        <status status="FAIL" starttime="20241225 00:02:55.802" endtime="20241225 00:02:55.849" />
      </kw>
      <status status="FAIL" starttime="20241225 00:02:37.293" endtime="20241225 00:02:55.884">CSV export contained 2 rows — expected at least 200 records for last 30 days</status>
    </test>
    <test id="s1-t22" name="TC_Report_GenerateMonthly">
      <tag>alpha_regression</tag>
      <tag>feature_reports</tag>
      <tag>priority_medium</tag>
      <kw name="Run Test Steps" library="SeleniumLibrary">
        <msg timestamp="20241225 00:02:56.188" level="INFO">Executing TC_Report_GenerateMonthly</msg>
        <status status="PASS" starttime="20241225 00:02:55.988" endtime="20241225 00:02:58.066" />
      </kw>
      <status status="PASS" starttime="20241225 00:02:55.988" endtime="20241225 00:02:58.066" />
    </test>
    <test id="s1-t23" name="TC_Export_AuditLogs">
      <tag>alpha_regression</tag>
      <tag>feature_audit</tag>
      <tag>priority_medium</tag>
      <kw name="Run Test Steps" library="SeleniumLibrary">
        <msg timestamp="20241225 00:02:58.502" level="INFO">Executing TC_Export_AuditLogs</msg>
        <status status="PASS" starttime="20241225 00:02:58.302" endtime="20241225 00:03:00.814" />
      </kw>
      <status status="PASS" starttime="20241225 00:02:58.302" endtime="20241225 00:03:00.814" />
    </test>
    <status status="FAIL" starttime="20241225 00:00:00.000" endtime="20241225 00:03:00.918" passed="20" failed="3" />
  </suite>
  <statistics>
    <total>
      <stat pass="20" fail="3">All Tests</stat>
    </total>
    <tag>
      <stat pass="20" fail="3">alpha_regression</stat>
    </tag>
  </statistics>
  <errors />
</robot>