<robot generator="Robot 6.1.1 (Python 3.10.12)" generated="20241021 00:00:00.000" rpa="FALSE" schemaversion="4">
  <suite id="s1" name="Suite_Regression_TeamAlpha" source="/opt/ci/tests/alpha/Suite_Regression_TeamAlpha.robot">
    <kw name="Suite Setup" type="setup">
      <msg timestamp="20241021 00:00:00.000" level="INFO">Suite Suite_Regression_TeamAlpha initialized — team TeamAlpha</msg>
      <status status="PASS" starttime="20241021 00:00:00.000" endtime="20241021 00:00:00.110" />
    </kw>
    <test id="s1-t1" name="TC_Login_ValidCredentials">
      <tag>alpha_regression</tag>
      <tag>feature_login</tag>
      <tag>priority_high</tag>
      <kw name="Run Test Steps" library="SeleniumLibrary">
        <msg timestamp="20241021 00:00:00.510" level="INFO">Executing TC_Login_ValidCredentials</msg>
        <status status="PASS" starttime="20241021 00:00:00.310" endtime="20241021 00:00:06.799" />
      </kw>
      <status status="PASS" starttime="20241021 00:00:00.310" endtime="20241021 00:00:06.799" />
    </test>
    <test id="s1-t2" name="TC_Login_InvalidPassword">
      <tag>alpha_regression</tag>
      <tag>feature_login</tag>
      <tag>priority_high</tag>
      <kw name="Run Test Steps" library="SeleniumLibrary">
        <msg timestamp="20241021 00:00:07.194" level="INFO">Executing TC_Login_InvalidPassword</msg>
        <status status="PASS" starttime="20241021 00:00:06.994" endtime="20241021 00:00:09.833" />
      </kw>
      <status status="PASS" starttime="20241021 00:00:06.994" endtime="20241021 00:00:09.833" />
    </test>
    <test id="s1-t3" name="TC_Login_SessionTimeout">
      <tag>alpha_regression</tag>
      <tag>feature_login</tag>
      <tag>priority_high</tag>
      <kw name="Run Test Steps" library="SeleniumLibrary">
        <msg timestamp="20241021 00:00:10.214" level="INFO">Executing TC_Login_SessionTimeout</msg>
        <status status="PASS" starttime="20241021 00:00:10.014" endtime="20241021 00:00:18.009" />
      </kw>
      <status status="PASS" starttime="20241021 00:00:10.014" endtime="20241021 00:00:18.009" />
    </test>
    <test id="s1-t4" name="TC_Login_AccountLockout">
      <tag>alpha_regression</tag>
      <tag>feature_login</tag>
      <tag>priority_medium</tag>
      <kw name="Run Test Steps" library="SeleniumLibrary">
        <msg timestamp="20241021 00:00:18.491" level="INFO">Executing TC_Login_AccountLockout</msg>
        <status status="PASS" starttime="20241021 00:00:18.291" endtime="20241021 00:00:24.236" />
      </kw>
      <status status="PASS" starttime="20241021 00:00:18.291" endtime="20241021 00:00:24.236" />
    </test>
    <test id="s1-t5" name="TC_Login_MFAVerification">
      <tag>alpha_regression</tag>
      <tag>feature_login</tag>
      <tag>priority_high</tag>
      <kw name="Run Test Steps" library="SeleniumLibrary">
        <msg timestamp="20241021 00:00:24.573" level="INFO">Executing TC_Login_MFAVerification</msg>
        <status status="PASS" starttime="20241021 00:00:24.373" endtime="20241021 00:00:26.577" />
      </kw>
      <status status="PASS" starttime="20241021 00:00:24.373" endtime="20241021 00:00:26.577" />
    </test>
    <test id="s1-t6" name="TC_Dashboard_FilterByDate">
      <tag>alpha_regression</tag>
      <tag>feature_dashboard</tag>
      <tag>priority_medium</tag>
      <kw name="Run Test Steps" library="SeleniumLibrary">
        <msg timestamp="20241021 00:00:26.950" level="INFO">Executing TC_Dashboard_FilterByDate</msg>
        <status status="PASS" starttime="20241021 00:00:26.750" endtime="20241021 00:00:34.647" />
      </kw>
      <status status="PASS" starttime="20241021 00:00:26.750" endtime="20241021 00:00:34.647" />
    </test>
    <test id="s1-t7" name="TC_Dashboard_Pagination">
      <tag>alpha_regression</tag>
      <tag>feature_dashboard</tag>
      <tag>priority_medium</tag>
      <kw name="Run Test Steps" library="SeleniumLibrary">
        <msg timestamp="20241021 00:00:35.067" level="INFO">Executing TC_Dashboard_Pagination</msg>
        <status status="PASS" starttime="20241021 00:00:34.867" endtime="20241021 00:00:41.148" />
      </kw>
      <status status="PASS" starttime="20241021 00:00:34.867" endtime="20241021 00:00:41.148" />
    </test>
    <test id="s1-t8" name="TC_Dashboard_ExportChart">
      <tag>alpha_regression</tag>
      <tag>feature_dashboard</tag>
      <tag>priority_medium</tag>
      <kw name="Run Test Steps" library="SeleniumLibrary">
        <msg timestamp="20241021 00:00:41.483" level="INFO">Executing TC_Dashboard_ExportChart</msg>
        <status status="PASS" starttime="20241021 00:00:41.283" endtime="20241021 00:00:45.801" />
      </kw>
      <status status="PASS" starttime="20241021 00:00:41.283" endtime="20241021 00:00:45.801" />
    </test>
    <test id="s1-t9" name="TC_Dashboard_SearchBar">
      <tag>alpha_regression</tag>
      <tag>feature_dashboard</tag>
      <tag>priority_medium</tag>
      <kw name="Run Test Steps" library="SeleniumLibrary">
        <msg timestamp="20241021 00:00:46.221" level="INFO">Executing TC_Dashboard_SearchBar</msg>
        <status status="PASS" starttime="20241021 00:00:46.021" endtime="20241021 00:00:50.496" />
      </kw>
      <status status="PASS" starttime="20241021 00:00:46.021" endtime="20241021 00:00:50.496" />
    </test>
    <test id="s1-t10" name="TC_User_CreateAccount">
      <tag>alpha_regression</tag>
      <tag>feature_usermgmt</tag>
      <tag>priority_high</tag>
      <kw name="Run Test Steps" library="SeleniumLibrary">
        <msg timestamp="20241021 00:00:50.797" level="INFO">Executing TC_User_CreateAccount</msg>
        <status status="PASS" starttime="20241021 00:00:50.597" endtime="20241021 00:00:58.410" />
      </kw>
      <status status="PASS" starttime="20241021 00:00:50.597" endtime="20241021 00:00:58.410" />
    </test>
    <test id="s1-t11" name="TC_User_EditProfile">
      <tag>alpha_regression</tag>
      <tag>feature_usermgmt</tag>
      <tag>priority_medium</tag>
      <kw name="Run Test Steps" library="SeleniumLibrary">
        <msg timestamp="20241021 00:00:58.714" level="INFO">Executing TC_User_EditProfile</msg>
        <status status="PASS" starttime="20241021 00:00:58.514" endtime="20241021 00:01:01.582" />
      </kw>
      <status status="PASS" starttime="20241021 00:00:58.514" endtime="20241021 00:01:01.582" />
    </test>
    <test id="s1-t12" name="TC_User_DeleteAccount">
      <tag>alpha_regression</tag>
      <tag>feature_usermgmt</tag>
      <tag>priority_high</tag>
      <kw name="Run Test Steps" library="SeleniumLibrary">
        <msg timestamp="20241021 00:01:01.920" level="INFO">Executing TC_User_DeleteAccount</msg>
        <status status="PASS" starttime="20241021 00:01:01.720" endtime="20241021 00:01:06.926" />
      </kw>
      <status status="PASS" starttime="20241021 00:01:01.720" endtime="20241021 00:01:06.926" />
    </test>
    <test id="s1-t13" name="TC_User_PasswordReset">
      <tag>alpha_regression</tag>
      <tag>feature_usermgmt</tag>
      <tag>priority_medium</tag>
      <kw name="Run Test Steps" library="SeleniumLibrary">
        <msg timestamp="20241021 00:01:07.412" level="INFO">Executing TC_User_PasswordReset</msg>
        <status status="PASS" starttime="20241021 00:01:07.212" endtime="20241021 00:01:12.857" />
      </kw>
      <status status="PASS" starttime="20241021 00:01:07.212" endtime="20241021 00:01:12.857" />
    </test>
    <test id="s1-t14" name="TC_Login_SSORedirect">
      <tag>alpha_regression</tag>
      <tag>feature_login</tag>
      <tag>priority_high</tag>
      <kw name="Run Test Steps" library="SeleniumLibrary">
        <msg timestamp="20241021 00:01:13.265" level="INFO">Executing TC_Login_SSORedirect</msg>
        <msg timestamp="20241021 00:01:22.927" level="FAIL">Element 'loading-spinner' still visible after 20s timeout</msg>
        <status status="FAIL" starttime="20241021 00:01:13.065" endtime="20241021 00:01:22.958" />
      </kw>
      <kw name="Wait Until Element Is Visible" library="BuiltIn">
        <msg timestamp="20241021 00:01:22.927" level="FAIL">Element 'loading-spinner' still visible after 20s timeout</msg>
        <status status="FAIL" starttime="20241021 00:01:22.868" endtime="20241021 00:01:22.927" />
      </kw>
      <status status="FAIL" starttime="20241021 00:01:13.065" endtime="20241021 00:01:22.958">Element 'loading-spinner' still visible after 20s timeout</status>
    </test>
    <test id="s1-t15" name="TC_Dashboard_LoadWidget">
      <tag>alpha_regression</tag>
      <tag>feature_dashboard</tag>
      <tag>priority_medium</tag>
      <kw name="Run Test Steps" library="SeleniumLibrary">
        <msg timestamp="20241021 00:01:23.417" level="INFO">Executing TC_Dashboard_LoadWidget</msg>
        <msg timestamp="20241021 00:01:33.818" level="FAIL">Element 'session-token' still visible after 15s timeout</msg>
        <status status="FAIL" starttime="20241021 00:01:23.217" endtime="20241021 00:01:33.863" />
      </kw>
      <kw name="Wait Until Element Is Visible" library="BuiltIn">
        <msg timestamp="20241021 00:01:33.818" level="FAIL">Element 'session-token' still visible after 15s timeout</msg>
        <status status="FAIL" starttime="20241021 00:01:33.781" endtime="20241021 00:01:33.818" />
      </kw>
      <status status="FAIL" starttime="20241021 00:01:23.217" endtime="20241021 00:01:33.863">Element 'session-token' still visible after 15s timeout</status>
    </test>
    <test id="s1-t16" name="TC_Dashboard_RefreshData">
      <tag>alpha_regression</tag>
      <tag>feature_dashboard</tag>
      <tag>priority_medium</tag>
      <kw name="Run Test Steps" library="SeleniumLibrary">
        <msg timestamp="20241021 00:01:34.310" level="INFO">Executing TC_Dashboard_RefreshData</msg>
        <msg timestamp="20241021 00:01:43.492" level="FAIL">Expected HTTP status '201' but got '400' — Bad Request</msg>
        <status status="FAIL" starttime="20241021 00:01:34.110" endtime="20241021 00:01:43.512" />
      </kw>
      <kw name="Should Be Equal As Integers" library="BuiltIn">
        <msg timestamp="20241021 00:01:43.492" level="FAIL">Expected HTTP status '201' but got '400' — Bad Request</msg>
        <status status="FAIL" starttime="20241021 00:01:43.426" endtime="20241021 00:01:43.492" />
      </kw>
      <status status="FAIL" starttime="20241021 00:01:34.110" endtime="20241021 00:01:43.512">Expected HTTP status '201' but got '400' — Bad Request</status>
    </test>
    <test id="s1-t17" name="TC_User_BulkImport">
      <tag>alpha_regression</tag>
      <tag>feature_usermgmt</tag>
      <tag>priority_medium</tag>
      <kw name="Run Test Steps" library="SeleniumLibrary">
        <msg timestamp="20241021 00:01:43.918" level="INFO">Executing TC_User_BulkImport</msg>
        <msg timestamp="20241021 00:02:06.120" level="FAIL">CSV export contained 1 rows — expected at least 50 records for Oct 2024</msg>
        <status status="FAIL" starttime="20241021 00:01:43.718" endtime="20241021 00:02:06.149" />
      </kw>
      <kw name="Should Not Be Empty" library="BuiltIn">
        <msg timestamp="20241021 00:02:06.120" level="FAIL">CSV export contained 1 rows — expected at least 50 records for Oct 2024</msg>
        <status status="FAIL" starttime="20241021 00:02:06.069" endtime="20241021 00:02:06.120" />
      </kw>
      <status status="FAIL" starttime="20241021 00:01:43.718" endtime="20241021 00:02:06.149">CSV export contained 1 rows — expected at least 50 records for Oct 2024</status>
    </test>
    <test id="s1-t18" name="TC_User_RoleAssignment">
      <tag>alpha_regression</tag>
      <tag>feature_usermgmt</tag>
      <tag>priority_high</tag>
      <kw name="Run Test Steps" library="SeleniumLibrary">
        <msg timestamp="20241021 00:02:06.460" level="INFO">Executing TC_User_RoleAssignment</msg>
        <status status="PASS" starttime="20241021 00:02:06.260" endtime="20241021 00:02:12.100" />
      </kw>
      <status status="PASS" starttime="20241021 00:02:06.260" endtime="20241021 00:02:12.100" />
    </test>
    <test id="s1-t19" name="TC_User_BatchExport">
      <tag>alpha_regression</tag>
      <tag>feature_usermgmt</tag>
      <tag>priority_medium</tag>
      <kw name="Run Test Steps" library="SeleniumLibrary">
        <msg timestamp="20241021 00:02:12.495" level="INFO">Executing TC_User_BatchExport</msg>
        <msg timestamp="20241021 00:02:20.462" level="FAIL">Element with locator 'css=.data-grid' not found after 3 retries</msg>
        <status status="FAIL" starttime="20241021 00:02:12.295" endtime="20241021 00:02:20.509" />
      </kw>
      <kw name="Click Element" library="BuiltIn">
        <msg timestamp="20241021 00:02:20.462" level="FAIL">Element with locator 'css=.data-grid' not found after 3 retries</msg>
        <status status="FAIL" starttime="20241021 00:02:20.419" endtime="20241021 00:02:20.462" />
      </kw>
      <status status="FAIL" starttime="20241021 00:02:12.295" endtime="20241021 00:02:20.509">Element with locator 'css=.data-grid' not found after 3 retries</status>
    </test>
    <test id="s1-t20" name="TC_Login_OAuthCallback">
      <tag>alpha_regression</tag>
      <tag>feature_login</tag>
      <tag>priority_high</tag>
      <kw name="Run Test Steps" library="SeleniumLibrary">
        <msg timestamp="20241021 00:02:20.835" level="INFO">Executing TC_Login_OAuthCallback</msg>
        <msg timestamp="20241021 00:02:39.780" level="FAIL">Element 'loading-spinner' still visible after 30s timeout</msg>
        <status status="FAIL" starttime="20241021 00:02:20.635" endtime="20241021 00:02:39.819" />
      </kw>
      <kw name="Wait Until Element Is Visible" library="BuiltIn">
        <msg timestamp="20241021 00:02:39.780" level="FAIL">Element 'loading-spinner' still visible after 30s timeout</msg>
        <status status="FAIL" starttime="20241021 00:02:39.748" endtime="20241021 00:02:39.780" />
      </kw>
      <status status="FAIL" starttime="20241021 00:02:20.635" endtime="20241021 00:02:39.819">Element 'loading-spinner' still visible after 30s timeout</status>
    </test>
    <status status="FAIL" starttime="20241021 00:00:00.000" endtime="20241021 00:02:40.083" passed="14" failed="6" />
  </suite>
  <statistics>
    <total>
      <stat pass="14" fail="6">All Tests</stat>
    </total>
    <tag>
      <stat pass="14" fail="6">alpha_regression</stat>
    </tag>
  </statistics>
  <errors />
</robot>