<robot generator="Robot 6.1.1 (Python 3.10.12)" generated="20241101 00:00:00.000" rpa="FALSE" schemaversion="4">
  <suite id="s1" name="beta" source="/opt/ci/tests/beta/beta.robot">
    <kw name="Suite Setup" type="setup">
      <msg timestamp="20241101 00:00:00.000" level="INFO">Suite beta initialized — team TeamAlpha</msg>
      <status status="PASS" starttime="20241101 00:00:00.000" endtime="20241101 00:00:00.110" />
    </kw>
    <test id="s1-t1" name="TC_Login_ValidCredentials">
      <tag>alpha_regression</tag>
      <tag>feature_login</tag>
      <tag>priority_high</tag>
      <kw name="Run Test Steps" library="SeleniumLibrary">
        <msg timestamp="20241101 00:00:00.510" level="INFO">Executing TC_Login_ValidCredentials</msg>
        <status status="PASS" starttime="20241101 00:00:00.310" endtime="20241101 00:00:03.406" />
      </kw>
      <status status="PASS" starttime="20241101 00:00:00.310" endtime="20241101 00:00:03.406" />
    </test>
    <test id="s1-t2" name="TC_Login_InvalidPassword">
      <tag>alpha_regression</tag>
      <tag>feature_login</tag>
      <tag>priority_high</tag>
      <kw name="Run Test Steps" library="SeleniumLibrary">
        <msg timestamp="20241101 00:00:03.823" level="INFO">Executing TC_Login_InvalidPassword</msg>
        <status status="PASS" starttime="20241101 00:00:03.623" endtime="20241101 00:00:09.457" />
      </kw>
      <status status="PASS" starttime="20241101 00:00:03.623" endtime="20241101 00:00:09.457" />
    </test>
    <test id="s1-t3" name="TC_Login_SessionTimeout">
      <tag>alpha_regression</tag>
      <tag>feature_login</tag>
      <tag>priority_high</tag>
      <kw name="Run Test Steps" library="SeleniumLibrary">
        <msg timestamp="20241101 00:00:09.935" level="INFO">Executing TC_Login_SessionTimeout</msg>
        <status status="PASS" starttime="20241101 00:00:09.735" endtime="20241101 00:00:13.550" />
      </kw>
      <status status="PASS" starttime="20241101 00:00:09.735" endtime="20241101 00:00:13.550" />
    </test>
    <test id="s1-t4" name="TC_Login_AccountLockout">
      <tag>alpha_regression</tag>
      <tag>feature_login</tag>
      <tag>priority_medium</tag>
      <kw name="Run Test Steps" library="SeleniumLibrary">
        <msg timestamp="20241101 00:00:13.866" level="INFO">Executing TC_Login_AccountLockout</msg>
        <status status="PASS" starttime="20241101 00:00:13.666" endtime="20241101 00:00:20.674" />
      </kw>
      <status status="PASS" starttime="20241101 00:00:13.666" endtime="20241101 00:00:20.674" />
    </test>
    <test id="s1-t5" name="TC_Login_MFAVerification">
      <tag>alpha_regression</tag>
      <tag>feature_login</tag>
      <tag>priority_high</tag>
      <kw name="Run Test Steps" library="SeleniumLibrary">
        <msg timestamp="20241101 00:00:21.075" level="INFO">Executing TC_Login_MFAVerification</msg>
        <msg timestamp="20241101 00:00:32.939" level="FAIL">Element 'progress-bar' still visible after 30s timeout</msg>
        <status status="FAIL" starttime="20241101 00:00:20.875" endtime="20241101 00:00:32.962" />
      </kw>
      <kw name="Wait Until Element Is Visible" library="BuiltIn">
        <msg timestamp="20241101 00:00:32.939" level="FAIL">Element 'progress-bar' still visible after 30s timeout</msg>
        <status status="FAIL" starttime="20241101 00:00:32.891" endtime="20241101 00:00:32.939" />
      </kw>
      <status status="FAIL" starttime="20241101 00:00:20.875" endtime="20241101 00:00:32.962">Element 'progress-bar' still visible after 30s timeout</status>
    </test>
    <test id="s1-t6" name="TC_Dashboard_FilterByDate">
      <tag>alpha_regression</tag>
      <tag>feature_dashboard</tag>
      <tag>priority_medium</tag>
      <kw name="Run Test Steps" library="SeleniumLibrary">
        <msg timestamp="20241101 00:00:33.402" level="INFO">Executing TC_Dashboard_FilterByDate</msg>
        <status status="PASS" starttime="20241101 00:00:33.202" endtime="20241101 00:00:38.621" />
      </kw>
      <status status="PASS" starttime="20241101 00:00:33.202" endtime="20241101 00:00:38.621" />
    </test>
    <test id="s1-t7" name="TC_Dashboard_Pagination">
      <tag>alpha_regression</tag>
      <tag>feature_dashboard</tag>
      <tag>priority_medium</tag>
      <kw name="Run Test Steps" library="SeleniumLibrary">
        <msg timestamp="20241101 00:00:39.065" level="INFO">Executing TC_Dashboard_Pagination</msg>
        <status status="PASS" starttime="20241101 00:00:38.865" endtime="20241101 00:00:46.288" />
      </kw>
      <status status="PASS" starttime="20241101 00:00:38.865" endtime="20241101 00:00:46.288" />
    </test>
    <test id="s1-t8" name="TC_Dashboard_ExportChart">
      <tag>alpha_regression</tag>
      <tag>feature_dashboard</tag>
      <tag>priority_medium</tag>
      <kw name="Run Test Steps" library="SeleniumLibrary">
        <msg timestamp="20241101 00:00:46.675" level="INFO">Executing TC_Dashboard_ExportChart</msg>
        <status status="PASS" starttime="20241101 00:00:46.475" endtime="20241101 00:00:51.263" />
      </kw>
      <status status="PASS" starttime="20241101 00:00:46.475" endtime="20241101 00:00:51.263" />
    </test>
    <test id="s1-t9" name="TC_Dashboard_SearchBar">
      <tag>alpha_regression</tag>
      <tag>feature_dashboard</tag>
      <tag>priority_medium</tag>
      <kw name="Run Test Steps" library="SeleniumLibrary">
        <msg timestamp="20241101 00:00:51.758" level="INFO">Executing TC_Dashboard_SearchBar</msg>
        <status status="PASS" starttime="20241101 00:00:51.558" endtime="20241101 00:00:53.111" />
      </kw>
      <status status="PASS" starttime="20241101 00:00:51.558" endtime="20241101 00:00:53.111" />
    </test>
    <test id="s1-t10" name="TC_User_CreateAccount">
      <tag>alpha_regression</tag>
      <tag>feature_usermgmt</tag>
      <tag>priority_high</tag>
      <kw name="Run Test Steps" library="SeleniumLibrary">
        <msg timestamp="20241101 00:00:53.436" level="INFO">Executing TC_User_CreateAccount</msg>
        <status status="PASS" starttime="20241101 00:00:53.236" endtime="20241101 00:00:59.007" />
      </kw>
      <status status="PASS" starttime="20241101 00:00:53.236" endtime="20241101 00:00:59.007" />
    </test>
    <test id="s1-t11" name="TC_User_EditProfile">
      <tag>alpha_regression</tag>
      <tag>feature_usermgmt</tag>
      <tag>priority_medium</tag>
      <kw name="Run Test Steps" library="SeleniumLibrary">
        <msg timestamp="20241101 00:00:59.424" level="INFO">Executing TC_User_EditProfile</msg>
        <status status="PASS" starttime="20241101 00:00:59.224" endtime="20241101 00:01:00.543" />
      </kw>
      <status status="PASS" starttime="20241101 00:00:59.224" endtime="20241101 00:01:00.543" />
    </test>
    <test id="s1-t12" name="TC_User_DeleteAccount">
      <tag>alpha_regression</tag>
      <tag>feature_usermgmt</tag>
      <tag>priority_high</tag>
      <kw name="Run Test Steps" library="SeleniumLibrary">
        <msg timestamp="20241101 00:01:00.883" level="INFO">Executing TC_User_DeleteAccount</msg>
        <status status="PASS" starttime="20241101 00:01:00.683" endtime="20241101 00:01:05.104" />
      </kw>
      <status status="PASS" starttime="20241101 00:01:00.683" endtime="20241101 00:01:05.104" />
    </test>
    <test id="s1-t13" name="TC_User_PasswordReset">
      <tag>alpha_regression</tag>
      <tag>feature_usermgmt</tag>
      <tag>priority_medium</tag>
      <kw name="Run Test Steps" library="SeleniumLibrary">
        <msg timestamp="20241101 00:01:05.404" level="INFO">Executing TC_User_PasswordReset</msg>
        <status status="PASS" starttime="20241101 00:01:05.204" endtime="20241101 00:01:13.644" />
      </kw>
      <status status="PASS" starttime="20241101 00:01:05.204" endtime="20241101 00:01:13.644" />
    </test>
    <test id="s1-t14" name="TC_Login_SSORedirect">
      <tag>alpha_regression</tag>
      <tag>feature_login</tag>
      <tag>priority_high</tag>
      <kw name="Run Test Steps" library="SeleniumLibrary">
        <msg timestamp="20241101 00:01:14.053" level="INFO">Executing TC_Login_SSORedirect</msg>
        <status status="PASS" starttime="20241101 00:01:13.853" endtime="20241101 00:01:16.530" />
      </kw>
      <status status="PASS" starttime="20241101 00:01:13.853" endtime="20241101 00:01:16.530" />
    </test>
    <test id="s1-t15" name="TC_Dashboard_LoadWidget">
      <tag>alpha_regression</tag>
      <tag>feature_dashboard</tag>
      <tag>priority_medium</tag>
      <kw name="Run Test Steps" library="SeleniumLibrary">
        <msg timestamp="20241101 00:01:17.006" level="INFO">Executing TC_Dashboard_LoadWidget</msg>
        <msg timestamp="20241101 00:01:38.420" level="FAIL">Element with locator 'css=.data-grid' not found after 3 retries</msg>
        <status status="FAIL" starttime="20241101 00:01:16.806" endtime="20241101 00:01:38.466" />
      </kw>
      <kw name="Click Element" library="BuiltIn">
        <msg timestamp="20241101 00:01:38.420" level="FAIL">Element with locator 'css=.data-grid' not found after 3 retries</msg>
        <status status="FAIL" starttime="20241101 00:01:38.393" endtime="20241101 00:01:38.420" />
      </kw>
      <status status="FAIL" starttime="20241101 00:01:16.806" endtime="20241101 00:01:38.466">Element with locator 'css=.data-grid' not found after 3 retries</status>
    </test>
    <test id="s1-t16" name="TC_Dashboard_RefreshData">
      <tag>alpha_regression</tag>
      <tag>feature_dashboard</tag>
      <tag>priority_medium</tag>
      <kw name="Run Test Steps" library="SeleniumLibrary">
        <msg timestamp="20241101 00:01:38.830" level="INFO">Executing TC_Dashboard_RefreshData</msg>
        <status status="PASS" starttime="20241101 00:01:38.630" endtime="20241101 00:01:40.432" />
      </kw>
      <status status="PASS" starttime="20241101 00:01:38.630" endtime="20241101 00:01:40.432" />
    </test>
    <test id="s1-t17" name="TC_User_BulkImport">
      <tag>alpha_regression</tag>
      <tag>feature_usermgmt</tag>
      <tag>priority_medium</tag>
      <kw name="Run Test Steps" library="SeleniumLibrary">
        <msg timestamp="20241101 00:01:40.902" level="INFO">Executing TC_User_BulkImport</msg>
        <status status="PASS" starttime="20241101 00:01:40.702" endtime="20241101 00:01:54.317" />
      </kw>
      <status status="PASS" starttime="20241101 00:01:40.702" endtime="20241101 00:01:54.317" />
    </test>
    <test id="s1-t18" name="TC_User_RoleAssignment">
      <tag>alpha_regression</tag>
      <tag>feature_usermgmt</tag>
      <tag>priority_high</tag>
      <kw name="Run Test Steps" library="SeleniumLibrary">
        <msg timestamp="20241101 00:01:54.659" level="INFO">Executing TC_User_RoleAssignment</msg>
        <msg timestamp="20241101 00:02:07.243" level="FAIL">CSV export contained 0 rows — expected at least 100 records for Oct 2024</msg>
        <status status="FAIL" starttime="20241101 00:01:54.459" endtime="20241101 00:02:07.293" />
      </kw>
      <kw name="Should Not Be Empty" library="BuiltIn">
        <msg timestamp="20241101 00:02:07.243" level="FAIL">CSV export contained 0 rows — expected at least 100 records for Oct 2024</msg>
        <status status="FAIL" starttime="20241101 00:02:07.237" endtime="20241101 00:02:07.243" />
      </kw>
      <status status="FAIL" starttime="20241101 00:01:54.459" endtime="20241101 00:02:07.293">CSV export contained 0 rows — expected at least 100 records for Oct 2024</status>
    </test>
    <test id="s1-t19" name="TC_User_BatchExport">
      <tag>alpha_regression</tag>
      <tag>feature_usermgmt</tag>
      <tag>priority_medium</tag>
      <kw name="Run Test Steps" library="SeleniumLibrary">
        <msg timestamp="20241101 00:02:07.593" level="INFO">Executing TC_User_BatchExport</msg>
        <msg timestamp="20241101 00:02:15.925" level="FAIL">CSV export contained 2 rows — expected at least 200 records for last 7 days</msg>
        <status status="FAIL" starttime="20241101 00:02:07.393" endtime="20241101 00:02:15.930" />
      </kw>
      <kw name="Should Not Be Empty" library="BuiltIn">
        <msg timestamp="20241101 00:02:15.925" level="FAIL">CSV export contained 2 rows — expected at least 200 records for last 7 days</msg>
        <status status="FAIL" starttime="20241101 00:02:15.880" endtime="20241101 00:02:15.925" />
      </kw>
      <status status="FAIL" starttime="20241101 00:02:07.393" endtime="20241101 00:02:15.930">CSV export contained 2 rows — expected at least 200 records for last 7 days</status>
    </test>
    <test id="s1-t20" name="TC_Login_OAuthCallback">
      <tag>alpha_regression</tag>
      <tag>feature_login</tag>
      <tag>priority_high</tag>
      <kw name="Run Test Steps" library="SeleniumLibrary">
        <msg timestamp="20241101 00:02:16.408" level="INFO">Executing TC_Login_OAuthCallback</msg>
        <msg timestamp="20241101 00:02:26.113" level="FAIL">Element with locator 'id=submit-btn' not found after 5 retries</msg>
        <status status="FAIL" starttime="20241101 00:02:16.208" endtime="20241101 00:02:26.122" />
      </kw>
      <kw name="Click Element" library="BuiltIn">
        <msg timestamp="20241101 00:02:26.113" level="FAIL">Element with locator 'id=submit-btn' not found after 5 retries</msg>
        <status status="FAIL" starttime="20241101 00:02:26.058" endtime="20241101 00:02:26.113" />
      </kw>
      <status status="FAIL" starttime="20241101 00:02:16.208" endtime="20241101 00:02:26.122">Element with locator 'id=submit-btn' not found after 5 retries</status>
    </test>
    <test id="s1-t21" name="TC_API_UserProfile_Get">
      <tag>alpha_regression</tag>
      <tag>feature_api</tag>
      <tag>priority_medium</tag>
      <kw name="Run Test Steps" library="SeleniumLibrary">
        <msg timestamp="20241101 00:02:26.520" level="INFO">Executing TC_API_UserProfile_Get</msg>
        <msg timestamp="20241101 00:02:41.208" level="FAIL">Expected HTTP status '201' but got '400' — Bad Request</msg>
        <status status="FAIL" starttime="20241101 00:02:26.320" endtime="20241101 00:02:41.232" />
      </kw>
      <kw name="Should Be Equal As Integers" library="BuiltIn">
        <msg timestamp="20241101 00:02:41.208" level="FAIL">Expected HTTP status '201' but got '400' — Bad Request</msg>
        <status status="FAIL" starttime="20241101 00:02:41.174" endtime="20241101 00:02:41.208" />
      </kw>
      <status status="FAIL" starttime="20241101 00:02:26.320" endtime="20241101 00:02:41.232">Expected HTTP status '201' but got '400' — Bad Request</status>
    </test>
    <test id="s1-t22" name="TC_Report_GenerateMonthly">
      <tag>alpha_regression</tag>
      <tag>feature_reports</tag>
      <tag>priority_medium</tag>
      <kw name="Run Test Steps" library="SeleniumLibrary">
        <msg timestamp="20241101 00:02:41.629" level="INFO">Executing TC_Report_GenerateMonthly</msg>
        <msg timestamp="20241101 00:03:00.798" level="FAIL">Timeout waiting for application server to respond</msg>
        <status status="FAIL" starttime="20241101 00:02:41.429" endtime="20241101 00:03:00.807" />
      </kw>
      <kw name="Environment_Setup" library="BuiltIn">
        <msg timestamp="20241101 00:03:00.798" level="FAIL">Timeout waiting for application server to respond</msg>
        <status status="FAIL" starttime="20241101 00:03:00.724" endtime="20241101 00:03:00.798" />
      </kw>
      <status status="FAIL" starttime="20241101 00:02:41.429" endtime="20241101 00:03:00.807">Timeout waiting for application server to respond</status>
    </test>
    <test id="s1-t23" name="TC_Export_AuditLogs">
      <tag>alpha_regression</tag>
      <tag>feature_audit</tag>
      <tag>priority_medium</tag>
      <kw name="Run Test Steps" library="SeleniumLibrary">
        <msg timestamp="20241101 00:03:01.251" level="INFO">Executing TC_Export_AuditLogs</msg>
        <status status="PASS" starttime="20241101 00:03:01.051" endtime="20241101 00:03:02.313" />
      </kw>
      <status status="PASS" starttime="20241101 00:03:01.051" endtime="20241101 00:03:02.313" />
    </test>
    <status status="FAIL" starttime="20241101 00:00:00.000" endtime="20241101 00:03:02.579" passed="16" failed="7" />
  </suite>
  <statistics>
    <total>
      <stat pass="16" fail="7">All Tests</stat>
    </total>
    <tag>
      <stat pass="16" fail="7">alpha_regression</stat>
    </tag>
  </statistics>
  <errors />
</robot>