<robot generator="Robot 6.1.1 (Python 3.10.12)" generated="20241014 00:00:00.000" rpa="FALSE" schemaversion="4">
  <suite id="s1" name="Suite_Regression_TeamAlpha" source="/opt/ci/tests/alpha/Suite_Regression_TeamAlpha.robot">
    <kw name="Suite Setup" type="setup">
      <msg timestamp="20241014 00:00:00.000" level="INFO">Suite Suite_Regression_TeamAlpha initialized — team TeamAlpha</msg>
      <status status="PASS" starttime="20241014 00:00:00.000" endtime="20241014 00:00:00.110" />
    </kw>
    <test id="s1-t1" name="TC_Login_ValidCredentials">
      <tag>alpha_regression</tag>
      <tag>feature_login</tag>
      <tag>priority_high</tag>
      <kw name="Run Test Steps" library="SeleniumLibrary">
        <msg timestamp="20241014 00:00:00.510" level="INFO">Executing TC_Login_ValidCredentials</msg>
        <status status="PASS" starttime="20241014 00:00:00.310" endtime="20241014 00:00:02.658" />
      </kw>
      <status status="PASS" starttime="20241014 00:00:00.310" endtime="20241014 00:00:02.658" />
    </test>
    <test id="s1-t2" name="TC_Login_InvalidPassword">
      <tag>alpha_regression</tag>
      <tag>feature_login</tag>
      <tag>priority_high</tag>
      <kw name="Run Test Steps" library="SeleniumLibrary">
        <msg timestamp="20241014 00:00:03.121" level="INFO">Executing TC_Login_InvalidPassword</msg>
        <status status="PASS" starttime="20241014 00:00:02.921" endtime="20241014 00:00:05.975" />
      </kw>
      <status status="PASS" starttime="20241014 00:00:02.921" endtime="20241014 00:00:05.975" />
    </test>
    <test id="s1-t3" name="TC_Login_SessionTimeout">
      <tag>alpha_regression</tag>
      <tag>feature_login</tag>
      <tag>priority_high</tag>
      <kw name="Run Test Steps" library="SeleniumLibrary">
        <msg timestamp="20241014 00:00:06.340" level="INFO">Executing TC_Login_SessionTimeout</msg>
        <status status="PASS" starttime="20241014 00:00:06.140" endtime="20241014 00:00:12.208" />
      </kw>
      <status status="PASS" starttime="20241014 00:00:06.140" endtime="20241014 00:00:12.208" />
    </test>
    <test id="s1-t4" name="TC_Login_AccountLockout">
      <tag>alpha_regression</tag>
      <tag>feature_login</tag>
      <tag>priority_medium</tag>
      <kw name="Run Test Steps" library="SeleniumLibrary">
        <msg timestamp="20241014 00:00:12.627" level="INFO">Executing TC_Login_AccountLockout</msg>
        <status status="PASS" starttime="20241014 00:00:12.427" endtime="20241014 00:00:20.206" />
      </kw>
      <status status="PASS" starttime="20241014 00:00:12.427" endtime="20241014 00:00:20.206" />
    </test>
    <test id="s1-t5" name="TC_Login_MFAVerification">
      <tag>alpha_regression</tag>
      <tag>feature_login</tag>
      <tag>priority_high</tag>
      <kw name="Run Test Steps" library="SeleniumLibrary">
        <msg timestamp="20241014 00:00:20.679" level="INFO">Executing TC_Login_MFAVerification</msg>
        <status status="PASS" starttime="20241014 00:00:20.479" endtime="20241014 00:00:25.669" />
      </kw>
      <status status="PASS" starttime="20241014 00:00:20.479" endtime="20241014 00:00:25.669" />
    </test>
    <test id="s1-t6" name="TC_Dashboard_FilterByDate">
      <tag>alpha_regression</tag>
      <tag>feature_dashboard</tag>
      <tag>priority_medium</tag>
      <kw name="Run Test Steps" library="SeleniumLibrary">
        <msg timestamp="20241014 00:00:25.987" level="INFO">Executing TC_Dashboard_FilterByDate</msg>
        <status status="PASS" starttime="20241014 00:00:25.787" endtime="20241014 00:00:30.212" />
      </kw>
      <status status="PASS" starttime="20241014 00:00:25.787" endtime="20241014 00:00:30.212" />
    </test>
    <test id="s1-t7" name="TC_Dashboard_Pagination">
      <tag>alpha_regression</tag>
      <tag>feature_dashboard</tag>
      <tag>priority_medium</tag>
      <kw name="Run Test Steps" library="SeleniumLibrary">
        <msg timestamp="20241014 00:00:30.600" level="INFO">Executing TC_Dashboard_Pagination</msg>
        <status status="PASS" starttime="20241014 00:00:30.400" endtime="20241014 00:00:38.810" />
      </kw>
      <status status="PASS" starttime="20241014 00:00:30.400" endtime="20241014 00:00:38.810" />
    </test>
    <test id="s1-t8" name="TC_Dashboard_ExportChart">
      <tag>alpha_regression</tag>
      <tag>feature_dashboard</tag>
      <tag>priority_medium</tag>
      <kw name="Run Test Steps" library="SeleniumLibrary">
        <msg timestamp="20241014 00:00:39.186" level="INFO">Executing TC_Dashboard_ExportChart</msg>
        <status status="PASS" starttime="20241014 00:00:38.986" endtime="20241014 00:00:43.264" />
      </kw>
      <status status="PASS" starttime="20241014 00:00:38.986" endtime="20241014 00:00:43.264" />
    </test>
    <test id="s1-t9" name="TC_Dashboard_SearchBar">
      <tag>alpha_regression</tag>
      <tag>feature_dashboard</tag>
      <tag>priority_medium</tag>
      <kw name="Run Test Steps" library="SeleniumLibrary">
        <msg timestamp="20241014 00:00:43.672" level="INFO">Executing TC_Dashboard_SearchBar</msg>
        <status status="PASS" starttime="20241014 00:00:43.472" endtime="20241014 00:00:49.711" />
      </kw>
      <status status="PASS" starttime="20241014 00:00:43.472" endtime="20241014 00:00:49.711" />
    </test>
    <test id="s1-t10" name="TC_User_CreateAccount">
      <tag>alpha_regression</tag>
      <tag>feature_usermgmt</tag>
      <tag>priority_high</tag>
      <kw name="Run Test Steps" library="SeleniumLibrary">
        <msg timestamp="20241014 00:00:50.127" level="INFO">Executing TC_User_CreateAccount</msg>
        <status status="PASS" starttime="20241014 00:00:49.927" endtime="20241014 00:00:57.298" />
      </kw>
      <status status="PASS" starttime="20241014 00:00:49.927" endtime="20241014 00:00:57.298" />
    </test>
    <test id="s1-t11" name="TC_User_EditProfile">
      <tag>alpha_regression</tag>
      <tag>feature_usermgmt</tag>
      <tag>priority_medium</tag>
      <kw name="Run Test Steps" library="SeleniumLibrary">
        <msg timestamp="20241014 00:00:57.648" level="INFO">Executing TC_User_EditProfile</msg>
        <status status="PASS" starttime="20241014 00:00:57.448" endtime="20241014 00:01:05.943" />
      </kw>
      <status status="PASS" starttime="20241014 00:00:57.448" endtime="20241014 00:01:05.943" />
    </test>
    <test id="s1-t12" name="TC_User_DeleteAccount">
      <tag>alpha_regression</tag>
      <tag>feature_usermgmt</tag>
      <tag>priority_high</tag>
      <kw name="Run Test Steps" library="SeleniumLibrary">
        <msg timestamp="20241014 00:01:06.366" level="INFO">Executing TC_User_DeleteAccount</msg>
        <status status="PASS" starttime="20241014 00:01:06.166" endtime="20241014 00:01:08.145" />
      </kw>
      <status status="PASS" starttime="20241014 00:01:06.166" endtime="20241014 00:01:08.145" />
    </test>
    <test id="s1-t13" name="TC_User_PasswordReset">
      <tag>alpha_regression</tag>
      <tag>feature_usermgmt</tag>
      <tag>priority_medium</tag>
      <kw name="Run Test Steps" library="SeleniumLibrary">
        <msg timestamp="20241014 00:01:08.542" level="INFO">Executing TC_User_PasswordReset</msg>
        <status status="PASS" starttime="20241014 00:01:08.342" endtime="20241014 00:01:13.717" />
      </kw>
      <status status="PASS" starttime="20241014 00:01:08.342" endtime="20241014 00:01:13.717" />
    </test>
    <test id="s1-t14" name="TC_Login_SSORedirect">
      <tag>alpha_regression</tag>
      <tag>feature_login</tag>
      <tag>priority_high</tag>
      <kw name="Run Test Steps" library="SeleniumLibrary">
        <msg timestamp="20241014 00:01:14.164" level="INFO">Executing TC_Login_SSORedirect</msg>
        <msg timestamp="20241014 00:01:29.312" level="FAIL">Element 'auth-redirect' still visible after 30s timeout</msg>
        <status status="FAIL" starttime="20241014 00:01:13.964" endtime="20241014 00:01:29.317" />
      </kw>
      <kw name="Wait Until Element Is Visible" library="BuiltIn">
        <msg timestamp="20241014 00:01:29.312" level="FAIL">Element 'auth-redirect' still visible after 30s timeout</msg>
        <status status="FAIL" starttime="20241014 00:01:29.231" endtime="20241014 00:01:29.312" />
      </kw>
      <status status="FAIL" starttime="20241014 00:01:13.964" endtime="20241014 00:01:29.317">Element 'auth-redirect' still visible after 30s timeout</status>
    </test>
    <test id="s1-t15" name="TC_Dashboard_LoadWidget">
      <tag>alpha_regression</tag>
      <tag>feature_dashboard</tag>
      <tag>priority_medium</tag>
      <kw name="Run Test Steps" library="SeleniumLibrary">
        <msg timestamp="20241014 00:01:29.792" level="INFO">Executing TC_Dashboard_LoadWidget</msg>
        <msg timestamp="20241014 00:01:51.191" level="FAIL">Element 'auth-redirect' still visible after 30s timeout</msg>
        <status status="FAIL" starttime="20241014 00:01:29.592" endtime="20241014 00:01:51.210" />
      </kw>
      <kw name="Wait Until Element Is Visible" library="BuiltIn">
        <msg timestamp="20241014 00:01:51.191" level="FAIL">Element 'auth-redirect' still visible after 30s timeout</msg>
        <status status="FAIL" starttime="20241014 00:01:51.122" endtime="20241014 00:01:51.191" />
      </kw>
      <status status="FAIL" starttime="20241014 00:01:29.592" endtime="20241014 00:01:51.210">Element 'auth-redirect' still visible after 30s timeout</status>
    </test>
    <test id="s1-t16" name="TC_Dashboard_RefreshData">
      <tag>alpha_regression</tag>
      <tag>feature_dashboard</tag>
      <tag>priority_medium</tag>
      <kw name="Run Test Steps" library="SeleniumLibrary">
        <msg timestamp="20241014 00:01:51.600" level="INFO">Executing TC_Dashboard_RefreshData</msg>
        <msg timestamp="20241014 00:02:01.055" level="FAIL">Expected HTTP status '200' but got '404' — Not Found</msg>
        <status status="FAIL" starttime="20241014 00:01:51.400" endtime="20241014 00:02:01.100" />
      </kw>
      <kw name="Should Be Equal As Integers" library="BuiltIn">
        <msg timestamp="20241014 00:02:01.055" level="FAIL">Expected HTTP status '200' but got '404' — Not Found</msg>
        <status status="FAIL" starttime="20241014 00:02:01.044" endtime="20241014 00:02:01.055" />
      </kw>
      <status status="FAIL" starttime="20241014 00:01:51.400" endtime="20241014 00:02:01.100">Expected HTTP status '200' but got '404' — Not Found</status>
    </test>
    <test id="s1-t17" name="TC_User_BulkImport">
      <tag>alpha_regression</tag>
      <tag>feature_usermgmt</tag>
      <tag>priority_medium</tag>
      <kw name="Run Test Steps" library="SeleniumLibrary">
        <msg timestamp="20241014 00:02:01.560" level="INFO">Executing TC_User_BulkImport</msg>
        <status status="PASS" starttime="20241014 00:02:01.360" endtime="20241014 00:02:13.945" />
      </kw>
      <status status="PASS" starttime="20241014 00:02:01.360" endtime="20241014 00:02:13.945" />
    </test>
    <test id="s1-t18" name="TC_User_RoleAssignment">
      <tag>alpha_regression</tag>
      <tag>feature_usermgmt</tag>
      <tag>priority_high</tag>
      <kw name="Run Test Steps" library="SeleniumLibrary">
        <msg timestamp="20241014 00:02:14.324" level="INFO">Executing TC_User_RoleAssignment</msg>
        <msg timestamp="20241014 00:02:26.405" level="FAIL">Expected HTTP status '200' but got '404' — Not Found</msg>
        <status status="FAIL" starttime="20241014 00:02:14.124" endtime="20241014 00:02:26.415" />
      </kw>
      <kw name="Should Be Equal As Integers" library="BuiltIn">
        <msg timestamp="20241014 00:02:26.405" level="FAIL">Expected HTTP status '200' but got '404' — Not Found</msg>
        <status status="FAIL" starttime="20241014 00:02:26.347" endtime="20241014 00:02:26.405" />
      </kw>
      <status status="FAIL" starttime="20241014 00:02:14.124" endtime="20241014 00:02:26.415">Expected HTTP status '200' but got '404' — Not Found</status>
    </test>
    <test id="s1-t19" name="TC_User_BatchExport">
      <tag>alpha_regression</tag>
      <tag>feature_usermgmt</tag>
      <tag>priority_medium</tag>
      <kw name="Run Test Steps" library="SeleniumLibrary">
        <msg timestamp="20241014 00:02:26.798" level="INFO">Executing TC_User_BatchExport</msg>
        <msg timestamp="20241014 00:02:39.996" level="FAIL">CSV export contained 2 rows — expected at least 100 records for Q4 2024</msg>
        <status status="FAIL" starttime="20241014 00:02:26.598" endtime="20241014 00:02:40.011" />
      </kw>
      <kw name="Should Not Be Empty" library="BuiltIn">
        <msg timestamp="20241014 00:02:39.996" level="FAIL">CSV export contained 2 rows — expected at least 100 records for Q4 2024</msg>
        <status status="FAIL" starttime="20241014 00:02:39.945" endtime="20241014 00:02:39.996" />
      </kw>
      <status status="FAIL" starttime="20241014 00:02:26.598" endtime="20241014 00:02:40.011">CSV export contained 2 rows — expected at least 100 records for Q4 2024</status>
    </test>
    <test id="s1-t20" name="TC_Login_OAuthCallback">
      <tag>alpha_regression</tag>
      <tag>feature_login</tag>
      <tag>priority_high</tag>
      <kw name="Run Test Steps" library="SeleniumLibrary">
        <msg timestamp="20241014 00:02:40.434" level="INFO">Executing TC_Login_OAuthCallback</msg>
        <status status="PASS" starttime="20241014 00:02:40.234" endtime="20241014 00:02:48.496" />
      </kw>
      <status status="PASS" starttime="20241014 00:02:40.234" endtime="20241014 00:02:48.496" />
    </test>
    <status status="FAIL" starttime="20241014 00:00:00.000" endtime="20241014 00:02:48.671" passed="15" failed="5" />
  </suite>
  <statistics>
    <total>
      <stat pass="15" fail="5">All Tests</stat>
    </total>
    <tag>
      <stat pass="15" fail="5">alpha_regression</stat>
    </tag>
  </statistics>
  <errors />
</robot>