<robot generator="Robot 6.1.1 (Python 3.10.12)" generated="20241115 00:00:00.000" rpa="FALSE" schemaversion="4">
  <suite id="s1" name="Suite_Regression_TeamAlpha" source="/opt/ci/tests/alpha/Suite_Regression_TeamAlpha.robot">
    <kw name="Suite Setup" type="setup">
      <msg timestamp="20241115 00:00:00.000" level="INFO">Suite Suite_Regression_TeamAlpha initialized — team TeamAlpha</msg>
      <status status="PASS" starttime="20241115 00:00:00.000" endtime="20241115 00:00:00.110" />
    </kw>
    <test id="s1-t1" name="TC_Login_ValidCredentials">
      <tag>alpha_regression</tag>
      <tag>feature_login</tag>
      <tag>priority_high</tag>
      <kw name="Run Test Steps" library="SeleniumLibrary">
        <msg timestamp="20241115 00:00:00.510" level="INFO">Executing TC_Login_ValidCredentials</msg>
        <status status="PASS" starttime="20241115 00:00:00.310" endtime="20241115 00:00:02.976" />
      </kw>
      <status status="PASS" starttime="20241115 00:00:00.310" endtime="20241115 00:00:02.976" />
    </test>
    <test id="s1-t2" name="TC_Login_InvalidPassword">
      <tag>alpha_regression</tag>
      <tag>feature_login</tag>
      <tag>priority_high</tag>
      <kw name="Run Test Steps" library="SeleniumLibrary">
        <msg timestamp="20241115 00:00:03.307" level="INFO">Executing TC_Login_InvalidPassword</msg>
        <status status="PASS" starttime="20241115 00:00:03.107" endtime="20241115 00:00:08.302" />
      </kw>
      <status status="PASS" starttime="20241115 00:00:03.107" endtime="20241115 00:00:08.302" />
    </test>
    <test id="s1-t3" name="TC_Login_SessionTimeout">
      <tag>alpha_regression</tag>
      <tag>feature_login</tag>
      <tag>priority_high</tag>
      <kw name="Run Test Steps" library="SeleniumLibrary">
        <msg timestamp="20241115 00:00:08.723" level="INFO">Executing TC_Login_SessionTimeout</msg>
        <status status="PASS" starttime="20241115 00:00:08.523" endtime="20241115 00:00:14.847" />
      </kw>
      <status status="PASS" starttime="20241115 00:00:08.523" endtime="20241115 00:00:14.847" />
    </test>
    <test id="s1-t4" name="TC_Login_AccountLockout">
      <tag>alpha_regression</tag>
      <tag>feature_login</tag>
      <tag>priority_medium</tag>
      <kw name="Run Test Steps" library="SeleniumLibrary">
        <msg timestamp="20241115 00:00:15.199" level="INFO">Executing TC_Login_AccountLockout</msg>
        <status status="PASS" starttime="20241115 00:00:14.999" endtime="20241115 00:00:21.274" />
      </kw>
      <status status="PASS" starttime="20241115 00:00:14.999" endtime="20241115 00:00:21.274" />
    </test>
    <test id="s1-t5" name="TC_Login_MFAVerification">
      <tag>alpha_regression</tag>
      <tag>feature_login</tag>
      <tag>priority_high</tag>
      <kw name="Run Test Steps" library="SeleniumLibrary">
        <msg timestamp="20241115 00:00:21.735" level="INFO">Executing TC_Login_MFAVerification</msg>
        <msg timestamp="20241115 00:00:31.968" level="FAIL">Element 'session-token' still visible after 30s timeout</msg>
        <status status="FAIL" starttime="20241115 00:00:21.535" endtime="20241115 00:00:32.012" />
      </kw>
      <kw name="Wait Until Element Is Visible" library="BuiltIn">
        <msg timestamp="20241115 00:00:31.968" level="FAIL">Element 'session-token' still visible after 30s timeout</msg>
        <status status="FAIL" starttime="20241115 00:00:31.924" endtime="20241115 00:00:31.968" />
      </kw>
      <status status="FAIL" starttime="20241115 00:00:21.535" endtime="20241115 00:00:32.012">Element 'session-token' still visible after 30s timeout</status>
    </test>
    <test id="s1-t6" name="TC_Dashboard_FilterByDate">
      <tag>alpha_regression</tag>
      <tag>feature_dashboard</tag>
      <tag>priority_medium</tag>
      <kw name="Run Test Steps" library="SeleniumLibrary">
        <msg timestamp="20241115 00:00:32.491" level="INFO">Executing TC_Dashboard_FilterByDate</msg>
        <status status="PASS" starttime="20241115 00:00:32.291" endtime="20241115 00:00:34.492" />
      </kw>
      <status status="PASS" starttime="20241115 00:00:32.291" endtime="20241115 00:00:34.492" />
    </test>
    <test id="s1-t7" name="TC_Dashboard_Pagination">
      <tag>alpha_regression</tag>
      <tag>feature_dashboard</tag>
      <tag>priority_medium</tag>
      <kw name="Run Test Steps" library="SeleniumLibrary">
        <msg timestamp="20241115 00:00:34.818" level="INFO">Executing TC_Dashboard_Pagination</msg>
        <status status="PASS" starttime="20241115 00:00:34.618" endtime="20241115 00:00:39.553" />
      </kw>
      <status status="PASS" starttime="20241115 00:00:34.618" endtime="20241115 00:00:39.553" />
    </test>
    <test id="s1-t8" name="TC_Dashboard_ExportChart">
      <tag>alpha_regression</tag>
      <tag>feature_dashboard</tag>
      <tag>priority_medium</tag>
      <kw name="Run Test Steps" library="SeleniumLibrary">
        <msg timestamp="20241115 00:00:40.011" level="INFO">Executing TC_Dashboard_ExportChart</msg>
        <status status="PASS" starttime="20241115 00:00:39.811" endtime="20241115 00:00:43.046" />
      </kw>
      <status status="PASS" starttime="20241115 00:00:39.811" endtime="20241115 00:00:43.046" />
    </test>
    <test id="s1-t9" name="TC_Dashboard_SearchBar">
      <tag>alpha_regression</tag>
      <tag>feature_dashboard</tag>
      <tag>priority_medium</tag>
      <kw name="Run Test Steps" library="SeleniumLibrary">
        <msg timestamp="20241115 00:00:43.375" level="INFO">Executing TC_Dashboard_SearchBar</msg>
        <status status="PASS" starttime="20241115 00:00:43.175" endtime="20241115 00:00:50.104" />
      </kw>
      <status status="PASS" starttime="20241115 00:00:43.175" endtime="20241115 00:00:50.104" />
    </test>
    <test id="s1-t10" name="TC_User_CreateAccount">
      <tag>alpha_regression</tag>
      <tag>feature_usermgmt</tag>
      <tag>priority_high</tag>
      <kw name="Run Test Steps" library="SeleniumLibrary">
        <msg timestamp="20241115 00:00:50.531" level="INFO">Executing TC_User_CreateAccount</msg>
        <status status="PASS" starttime="20241115 00:00:50.331" endtime="20241115 00:00:52.981" />
      </kw>
      <status status="PASS" starttime="20241115 00:00:50.331" endtime="20241115 00:00:52.981" />
    </test>
    <test id="s1-t11" name="TC_User_EditProfile">
      <tag>alpha_regression</tag>
      <tag>feature_usermgmt</tag>
      <tag>priority_medium</tag>
      <kw name="Run Test Steps" library="SeleniumLibrary">
        <msg timestamp="20241115 00:00:53.332" level="INFO">Executing TC_User_EditProfile</msg>
        <status status="PASS" starttime="20241115 00:00:53.132" endtime="20241115 00:01:00.011" />
      </kw>
      <status status="PASS" starttime="20241115 00:00:53.132" endtime="20241115 00:01:00.011" />
    </test>
    <test id="s1-t12" name="TC_User_DeleteAccount">
      <tag>alpha_regression</tag>
      <tag>feature_usermgmt</tag>
      <tag>priority_high</tag>
      <kw name="Run Test Steps" library="SeleniumLibrary">
        <msg timestamp="20241115 00:01:00.444" level="INFO">Executing TC_User_DeleteAccount</msg>
        <status status="PASS" starttime="20241115 00:01:00.244" endtime="20241115 00:01:08.548" />
      </kw>
      <status status="PASS" starttime="20241115 00:01:00.244" endtime="20241115 00:01:08.548" />
    </test>
    <test id="s1-t13" name="TC_User_PasswordReset">
      <tag>alpha_regression</tag>
      <tag>feature_usermgmt</tag>
      <tag>priority_medium</tag>
      <kw name="Run Test Steps" library="SeleniumLibrary">
        <msg timestamp="20241115 00:01:08.939" level="INFO">Executing TC_User_PasswordReset</msg>
        <status status="PASS" starttime="20241115 00:01:08.739" endtime="20241115 00:01:15.074" />
      </kw>
      <status status="PASS" starttime="20241115 00:01:08.739" endtime="20241115 00:01:15.074" />
    </test>
    <test id="s1-t14" name="TC_Login_SSORedirect">
      <tag>alpha_regression</tag>
      <tag>feature_login</tag>
      <tag>priority_high</tag>
      <kw name="Run Test Steps" library="SeleniumLibrary">
        <msg timestamp="20241115 00:01:15.449" level="INFO">Executing TC_Login_SSORedirect</msg>
        <msg timestamp="20241115 00:01:28.081" level="FAIL">Element with locator 'id=modal-confirm' not found after 5 retries</msg>
        <status status="FAIL" starttime="20241115 00:01:15.249" endtime="20241115 00:01:28.101" />
      </kw>
      <kw name="Click Element" library="BuiltIn">
        <msg timestamp="20241115 00:01:28.081" level="FAIL">Element with locator 'id=modal-confirm' not found after 5 retries</msg>
        <status status="FAIL" starttime="20241115 00:01:28.051" endtime="20241115 00:01:28.081" />
      </kw>
      <status status="FAIL" starttime="20241115 00:01:15.249" endtime="20241115 00:01:28.101">Element with locator 'id=modal-confirm' not found after 5 retries</status>
    </test>
    <test id="s1-t15" name="TC_Dashboard_LoadWidget">
      <tag>alpha_regression</tag>
      <tag>feature_dashboard</tag>
      <tag>priority_medium</tag>
      <kw name="Run Test Steps" library="SeleniumLibrary">
        <msg timestamp="20241115 00:01:28.404" level="INFO">Executing TC_Dashboard_LoadWidget</msg>
        <status status="PASS" starttime="20241115 00:01:28.204" endtime="20241115 00:01:34.307" />
      </kw>
      <status status="PASS" starttime="20241115 00:01:28.204" endtime="20241115 00:01:34.307" />
    </test>
    <test id="s1-t16" name="TC_Dashboard_RefreshData">
      <tag>alpha_regression</tag>
      <tag>feature_dashboard</tag>
      <tag>priority_medium</tag>
      <kw name="Run Test Steps" library="SeleniumLibrary">
        <msg timestamp="20241115 00:01:34.635" level="INFO">Executing TC_Dashboard_RefreshData</msg>
        <status status="PASS" starttime="20241115 00:01:34.435" endtime="20241115 00:01:41.732" />
      </kw>
      <status status="PASS" starttime="20241115 00:01:34.435" endtime="20241115 00:01:41.732" />
    </test>
    <test id="s1-t17" name="TC_User_BulkImport">
      <tag>alpha_regression</tag>
      <tag>feature_usermgmt</tag>
      <tag>priority_medium</tag>
      <kw name="Run Test Steps" library="SeleniumLibrary">
        <msg timestamp="20241115 00:01:42.203" level="INFO">Executing TC_User_BulkImport</msg>
        <msg timestamp="20241115 00:02:17.451" level="FAIL">Expected HTTP status '200' but got '500' — Internal Server Error</msg>
        <status status="FAIL" starttime="20241115 00:01:42.003" endtime="20241115 00:02:17.462" />
      </kw>
      <kw name="Should Be Equal As Integers" library="BuiltIn">
        <msg timestamp="20241115 00:02:17.451" level="FAIL">Expected HTTP status '200' but got '500' — Internal Server Error</msg>
        <status status="FAIL" starttime="20241115 00:02:17.396" endtime="20241115 00:02:17.451" />
      </kw>
      <status status="FAIL" starttime="20241115 00:01:42.003" endtime="20241115 00:02:17.462">Expected HTTP status '200' but got '500' — Internal Server Error</status>
    </test>
    <test id="s1-t18" name="TC_User_RoleAssignment">
      <tag>alpha_regression</tag>
      <tag>feature_usermgmt</tag>
      <tag>priority_high</tag>
      <kw name="Run Test Steps" library="SeleniumLibrary">
        <msg timestamp="20241115 00:02:17.926" level="INFO">Executing TC_User_RoleAssignment</msg>
        <msg timestamp="20241115 00:02:35.492" level="FAIL">Expected HTTP status '200' but got '503' — Service Unavailable</msg>
        <status status="FAIL" starttime="20241115 00:02:17.726" endtime="20241115 00:02:35.500" />
      </kw>
      <kw name="Should Be Equal As Integers" library="BuiltIn">
        <msg timestamp="20241115 00:02:35.492" level="FAIL">Expected HTTP status '200' but got '503' — Service Unavailable</msg>
        <status status="FAIL" starttime="20241115 00:02:35.444" endtime="20241115 00:02:35.492" />
      </kw>
      <status status="FAIL" starttime="20241115 00:02:17.726" endtime="20241115 00:02:35.500">Expected HTTP status '200' but got '503' — Service Unavailable</status>
    </test>
    <test id="s1-t19" name="TC_User_BatchExport">
      <tag>alpha_regression</tag>
      <tag>feature_usermgmt</tag>
      <tag>priority_medium</tag>
      <kw name="Run Test Steps" library="SeleniumLibrary">
        <msg timestamp="20241115 00:02:35.844" level="INFO">Executing TC_User_BatchExport</msg>
        <msg timestamp="20241115 00:02:56.736" level="FAIL">CSV export contained 2 rows — expected at least 100 records for last 7 days</msg>
        <status status="FAIL" starttime="20241115 00:02:35.644" endtime="20241115 00:02:56.748" />
      </kw>
      <kw name="Should Not Be Empty" library="BuiltIn">
        <msg timestamp="20241115 00:02:56.736" level="FAIL">CSV export contained 2 rows — expected at least 100 records for last 7 days</msg>
        <status status="FAIL" starttime="20241115 00:02:56.692" endtime="20241115 00:02:56.736" />
      </kw>
      <status status="FAIL" starttime="20241115 00:02:35.644" endtime="20241115 00:02:56.748">CSV export contained 2 rows — expected at least 100 records for last 7 days</status>
    </test>
    <test id="s1-t20" name="TC_Login_OAuthCallback">
      <tag>alpha_regression</tag>
      <tag>feature_login</tag>
      <tag>priority_high</tag>
      <kw name="Run Test Steps" library="SeleniumLibrary">
        <msg timestamp="20241115 00:02:57.242" level="INFO">Executing TC_Login_OAuthCallback</msg>
        <msg timestamp="20241115 00:03:09.811" level="FAIL">Element 'overlay-modal' still visible after 30s timeout</msg>
        <status status="FAIL" starttime="20241115 00:02:57.042" endtime="20241115 00:03:09.838" />
      </kw>
      <kw name="Wait Until Element Is Visible" library="BuiltIn">
        <msg timestamp="20241115 00:03:09.811" level="FAIL">Element 'overlay-modal' still visible after 30s timeout</msg>
        <status status="FAIL" starttime="20241115 00:03:09.760" endtime="20241115 00:03:09.811" />
      </kw>
      <status status="FAIL" starttime="20241115 00:02:57.042" endtime="20241115 00:03:09.838">Element 'overlay-modal' still visible after 30s timeout</status>
    </test>
    <status status="FAIL" starttime="20241115 00:00:00.000" endtime="20241115 00:03:10.097" passed="14" failed="6" />
  </suite>
  <statistics>
    <total>
      <stat pass="14" fail="6">All Tests</stat>
    </total>
    <tag>
      <stat pass="14" fail="6">alpha_regression</stat>
    </tag>
  </statistics>
  <errors />
</robot>