<robot generator="Robot 6.1.1 (Python 3.10.12)" generated="20241230 00:00:00.000" rpa="FALSE" schemaversion="4">
  <suite id="s1" name="gamma" source="/opt/ci/tests/gamma/gamma.robot">
    <kw name="Suite Setup" type="setup">
      <msg timestamp="20241230 00:00:00.000" level="INFO">Suite gamma initialized — team TeamAlpha</msg>
      <status status="PASS" starttime="20241230 00:00:00.000" endtime="20241230 00:00:00.110" />
    </kw>
    <test id="s1-t1" name="TC_Login_ValidCredentials">
      <tag>alpha_regression</tag>
      <tag>feature_login</tag>
      <tag>priority_high</tag>
      <kw name="Run Test Steps" library="SeleniumLibrary">
        <msg timestamp="20241230 00:00:00.510" level="INFO">Executing TC_Login_ValidCredentials</msg>
        <status status="PASS" starttime="20241230 00:00:00.310" endtime="20241230 00:00:05.828" />
      </kw>
      <status status="PASS" starttime="20241230 00:00:00.310" endtime="20241230 00:00:05.828" />
    </test>
    <test id="s1-t2" name="TC_Login_InvalidPassword">
      <tag>alpha_regression</tag>
      <tag>feature_login</tag>
      <tag>priority_high</tag>
      <kw name="Run Test Steps" library="SeleniumLibrary">
        <msg timestamp="20241230 00:00:06.218" level="INFO">Executing TC_Login_InvalidPassword</msg>
        <status status="PASS" starttime="20241230 00:00:06.018" endtime="20241230 00:00:10.291" />
      </kw>
      <status status="PASS" starttime="20241230 00:00:06.018" endtime="20241230 00:00:10.291" />
    </test>
    <test id="s1-t3" name="TC_Login_SessionTimeout">
      <tag>alpha_regression</tag>
      <tag>feature_login</tag>
      <tag>priority_high</tag>
      <kw name="Run Test Steps" library="SeleniumLibrary">
        <msg timestamp="20241230 00:00:10.776" level="INFO">Executing TC_Login_SessionTimeout</msg>
        <status status="PASS" starttime="20241230 00:00:10.576" endtime="20241230 00:00:16.308" />
      </kw>
      <status status="PASS" starttime="20241230 00:00:10.576" endtime="20241230 00:00:16.308" />
    </test>
    <test id="s1-t4" name="TC_Login_AccountLockout">
      <tag>alpha_regression</tag>
      <tag>feature_login</tag>
      <tag>priority_medium</tag>
      <kw name="Run Test Steps" library="SeleniumLibrary">
        <msg timestamp="20241230 00:00:16.655" level="INFO">Executing TC_Login_AccountLockout</msg>
        <status status="PASS" starttime="20241230 00:00:16.455" endtime="20241230 00:00:19.430" />
      </kw>
      <status status="PASS" starttime="20241230 00:00:16.455" endtime="20241230 00:00:19.430" />
    </test>
    <test id="s1-t5" name="TC_Login_MFAVerification">
      <tag>alpha_regression</tag>
      <tag>feature_login</tag>
      <tag>priority_high</tag>
      <kw name="Run Test Steps" library="SeleniumLibrary">
        <msg timestamp="20241230 00:00:19.741" level="INFO">Executing TC_Login_MFAVerification</msg>
        <status status="PASS" starttime="20241230 00:00:19.541" endtime="20241230 00:00:21.183" />
      </kw>
      <status status="PASS" starttime="20241230 00:00:19.541" endtime="20241230 00:00:21.183" />
    </test>
    <test id="s1-t6" name="TC_Dashboard_FilterByDate">
      <tag>alpha_regression</tag>
      <tag>feature_dashboard</tag>
      <tag>priority_medium</tag>
      <kw name="Run Test Steps" library="SeleniumLibrary">
        <msg timestamp="20241230 00:00:21.562" level="INFO">Executing TC_Dashboard_FilterByDate</msg>
        <status status="PASS" starttime="20241230 00:00:21.362" endtime="20241230 00:00:26.829" />
      </kw>
      <status status="PASS" starttime="20241230 00:00:21.362" endtime="20241230 00:00:26.829" />
    </test>
    <test id="s1-t7" name="TC_Dashboard_Pagination">
      <tag>alpha_regression</tag>
      <tag>feature_dashboard</tag>
      <tag>priority_medium</tag>
      <kw name="Run Test Steps" library="SeleniumLibrary">
        <msg timestamp="20241230 00:00:27.260" level="INFO">Executing TC_Dashboard_Pagination</msg>
        <status status="PASS" starttime="20241230 00:00:27.060" endtime="20241230 00:00:35.266" />
      </kw>
      <status status="PASS" starttime="20241230 00:00:27.060" endtime="20241230 00:00:35.266" />
    </test>
    <test id="s1-t8" name="TC_Dashboard_ExportChart">
      <tag>alpha_regression</tag>
      <tag>feature_dashboard</tag>
      <tag>priority_medium</tag>
      <kw name="Run Test Steps" library="SeleniumLibrary">
        <msg timestamp="20241230 00:00:35.759" level="INFO">Executing TC_Dashboard_ExportChart</msg>
        <status status="PASS" starttime="20241230 00:00:35.559" endtime="20241230 00:00:48.632" />
      </kw>
      <status status="PASS" starttime="20241230 00:00:35.559" endtime="20241230 00:00:48.632" />
    </test>
    <test id="s1-t9" name="TC_Dashboard_SearchBar">
      <tag>alpha_regression</tag>
      <tag>feature_dashboard</tag>
      <tag>priority_medium</tag>
      <kw name="Run Test Steps" library="SeleniumLibrary">
        <msg timestamp="20241230 00:00:49.081" level="INFO">Executing TC_Dashboard_SearchBar</msg>
        <status status="PASS" starttime="20241230 00:00:48.881" endtime="20241230 00:00:56.543" />
      </kw>
      <status status="PASS" starttime="20241230 00:00:48.881" endtime="20241230 00:00:56.543" />
    </test>
    <test id="s1-t10" name="TC_User_CreateAccount">
      <tag>alpha_regression</tag>
      <tag>feature_usermgmt</tag>
      <tag>priority_high</tag>
      <kw name="Run Test Steps" library="SeleniumLibrary">
        <msg timestamp="20241230 00:00:57.041" level="INFO">Executing TC_User_CreateAccount</msg>
        <status status="PASS" starttime="20241230 00:00:56.841" endtime="20241230 00:00:59.104" />
      </kw>
      <status status="PASS" starttime="20241230 00:00:56.841" endtime="20241230 00:00:59.104" />
    </test>
    <test id="s1-t11" name="TC_User_EditProfile">
      <tag>alpha_regression</tag>
      <tag>feature_usermgmt</tag>
      <tag>priority_medium</tag>
      <kw name="Run Test Steps" library="SeleniumLibrary">
        <msg timestamp="20241230 00:00:59.524" level="INFO">Executing TC_User_EditProfile</msg>
        <status status="PASS" starttime="20241230 00:00:59.324" endtime="20241230 00:01:02.777" />
      </kw>
      <status status="PASS" starttime="20241230 00:00:59.324" endtime="20241230 00:01:02.777" />
    </test>
    <test id="s1-t12" name="TC_User_DeleteAccount">
      <tag>alpha_regression</tag>
      <tag>feature_usermgmt</tag>
      <tag>priority_high</tag>
      <kw name="Run Test Steps" library="SeleniumLibrary">
        <msg timestamp="20241230 00:01:03.164" level="INFO">Executing TC_User_DeleteAccount</msg>
        <status status="PASS" starttime="20241230 00:01:02.964" endtime="20241230 00:01:06.289" />
      </kw>
      <status status="PASS" starttime="20241230 00:01:02.964" endtime="20241230 00:01:06.289" />
    </test>
    <test id="s1-t13" name="TC_User_PasswordReset">
      <tag>alpha_regression</tag>
      <tag>feature_usermgmt</tag>
      <tag>priority_medium</tag>
      <kw name="Run Test Steps" library="SeleniumLibrary">
        <msg timestamp="20241230 00:01:06.591" level="INFO">Executing TC_User_PasswordReset</msg>
        <status status="PASS" starttime="20241230 00:01:06.391" endtime="20241230 00:01:11.370" />
      </kw>
      <status status="PASS" starttime="20241230 00:01:06.391" endtime="20241230 00:01:11.370" />
    </test>
    <test id="s1-t14" name="TC_Login_SSORedirect">
      <tag>alpha_regression</tag>
      <tag>feature_login</tag>
      <tag>priority_high</tag>
      <kw name="Run Test Steps" library="SeleniumLibrary">
        <msg timestamp="20241230 00:01:11.838" level="INFO">Executing TC_Login_SSORedirect</msg>
        <status status="PASS" starttime="20241230 00:01:11.638" endtime="20241230 00:01:17.790" />
      </kw>
      <status status="PASS" starttime="20241230 00:01:11.638" endtime="20241230 00:01:17.790" />
    </test>
    <test id="s1-t15" name="TC_Dashboard_LoadWidget">
      <tag>alpha_regression</tag>
      <tag>feature_dashboard</tag>
      <tag>priority_medium</tag>
      <kw name="Run Test Steps" library="SeleniumLibrary">
        <msg timestamp="20241230 00:01:18.104" level="INFO">Executing TC_Dashboard_LoadWidget</msg>
        <status status="PASS" starttime="20241230 00:01:17.904" endtime="20241230 00:01:20.837" />
      </kw>
      <status status="PASS" starttime="20241230 00:01:17.904" endtime="20241230 00:01:20.837" />
    </test>
    <test id="s1-t16" name="TC_Dashboard_RefreshData">
      <tag>alpha_regression</tag>
      <tag>feature_dashboard</tag>
      <tag>priority_medium</tag>
      <kw name="Run Test Steps" library="SeleniumLibrary">
        <msg timestamp="20241230 00:01:21.280" level="INFO">Executing TC_Dashboard_RefreshData</msg>
        <status status="PASS" starttime="20241230 00:01:21.080" endtime="20241230 00:01:28.549" />
      </kw>
      <status status="PASS" starttime="20241230 00:01:21.080" endtime="20241230 00:01:28.549" />
    </test>
    <test id="s1-t17" name="TC_User_BulkImport">
      <tag>alpha_regression</tag>
      <tag>feature_usermgmt</tag>
      <tag>priority_medium</tag>
      <kw name="Run Test Steps" library="SeleniumLibrary">
        <msg timestamp="20241230 00:01:28.957" level="INFO">Executing TC_User_BulkImport</msg>
        <status status="PASS" starttime="20241230 00:01:28.757" endtime="20241230 00:01:59.508" />
      </kw>
      <status status="PASS" starttime="20241230 00:01:28.757" endtime="20241230 00:01:59.508" />
    </test>
    <test id="s1-t18" name="TC_User_RoleAssignment">
      <tag>alpha_regression</tag>
      <tag>feature_usermgmt</tag>
      <tag>priority_high</tag>
      <kw name="Run Test Steps" library="SeleniumLibrary">
        <msg timestamp="20241230 00:01:59.859" level="INFO">Executing TC_User_RoleAssignment</msg>
        <msg timestamp="20241230 00:02:12.501" level="FAIL">Expected HTTP status '200' but got '404' — Not Found</msg>
        <status status="FAIL" starttime="20241230 00:01:59.659" endtime="20241230 00:02:12.548" />
      </kw>
      <kw name="Should Be Equal As Integers" library="BuiltIn">
        <msg timestamp="20241230 00:02:12.501" level="FAIL">Expected HTTP status '200' but got '404' — Not Found</msg>
        <status status="FAIL" starttime="20241230 00:02:12.468" endtime="20241230 00:02:12.501" />
      </kw>
      <status status="FAIL" starttime="20241230 00:01:59.659" endtime="20241230 00:02:12.548">Expected HTTP status '200' but got '404' — Not Found</status>
    </test>
    <test id="s1-t19" name="TC_User_BatchExport">
      <tag>alpha_regression</tag>
      <tag>feature_usermgmt</tag>
      <tag>priority_medium</tag>
      <kw name="Run Test Steps" library="SeleniumLibrary">
        <msg timestamp="20241230 00:02:13.025" level="INFO">Executing TC_User_BatchExport</msg>
        <msg timestamp="20241230 00:02:28.723" level="FAIL">Element with locator 'css=.nav-item' not found after 7 retries</msg>
        <status status="FAIL" starttime="20241230 00:02:12.825" endtime="20241230 00:02:28.749" />
      </kw>
      <kw name="Click Element" library="BuiltIn">
        <msg timestamp="20241230 00:02:28.723" level="FAIL">Element with locator 'css=.nav-item' not found after 7 retries</msg>
        <status status="FAIL" starttime="20241230 00:02:28.660" endtime="20241230 00:02:28.723" />
      </kw>
      <status status="FAIL" starttime="20241230 00:02:12.825" endtime="20241230 00:02:28.749">Element with locator 'css=.nav-item' not found after 7 retries</status>
    </test>
    <test id="s1-t20" name="TC_Login_OAuthCallback">
      <tag>alpha_regression</tag>
      <tag>feature_login</tag>
      <tag>priority_high</tag>
      <kw name="Run Test Steps" library="SeleniumLibrary">
        <msg timestamp="20241230 00:02:29.125" level="INFO">Executing TC_Login_OAuthCallback</msg>
        <status status="PASS" starttime="20241230 00:02:28.925" endtime="20241230 00:02:33.181" />
      </kw>
      <status status="PASS" starttime="20241230 00:02:28.925" endtime="20241230 00:02:33.181" />
    </test>
    <test id="s1-t21" name="TC_API_UserProfile_Get">
      <tag>alpha_regression</tag>
      <tag>feature_api</tag>
      <tag>priority_medium</tag>
      <kw name="Run Test Steps" library="SeleniumLibrary">
        <msg timestamp="20241230 00:02:33.522" level="INFO">Executing TC_API_UserProfile_Get</msg>
        <status status="PASS" starttime="20241230 00:02:33.322" endtime="20241230 00:02:35.287" />
      </kw>
      <status status="PASS" starttime="20241230 00:02:33.322" endtime="20241230 00:02:35.287" />
    </test>
    <test id="s1-t22" name="TC_Report_GenerateMonthly">
      <tag>alpha_regression</tag>
      <tag>feature_reports</tag>
      <tag>priority_medium</tag>
      <kw name="Run Test Steps" library="SeleniumLibrary">
        <msg timestamp="20241230 00:02:35.597" level="INFO">Executing TC_Report_GenerateMonthly</msg>
        <status status="PASS" starttime="20241230 00:02:35.397" endtime="20241230 00:02:40.217" />
      </kw>
      <status status="PASS" starttime="20241230 00:02:35.397" endtime="20241230 00:02:40.217" />
    </test>
    <test id="s1-t23" name="TC_Export_AuditLogs">
      <tag>alpha_regression</tag>
      <tag>feature_audit</tag>
      <tag>priority_medium</tag>
      <kw name="Run Test Steps" library="SeleniumLibrary">
        <msg timestamp="20241230 00:02:40.517" level="INFO">Executing TC_Export_AuditLogs</msg>
        <status status="PASS" starttime="20241230 00:02:40.317" endtime="20241230 00:02:46.180" />
      </kw>
      <status status="PASS" starttime="20241230 00:02:40.317" endtime="20241230 00:02:46.180" />
    </test>
    <status status="FAIL" starttime="20241230 00:00:00.000" endtime="20241230 00:02:46.457" passed="21" failed="2" />
  </suite>
  <statistics>
    <total>
      <stat pass="21" fail="2">All Tests</stat>
    </total>
    <tag>
      <stat pass="21" fail="2">alpha_regression</stat>
    </tag>
  </statistics>
  <errors />
</robot>