<robot generator="Robot 6.1.1 (Python 3.10.12)" generated="20241207 00:00:00.000" rpa="FALSE" schemaversion="4">
  <suite id="s1" name="gamma" source="/opt/ci/tests/gamma/gamma.robot">
    <kw name="Suite Setup" type="setup">
      <msg timestamp="20241207 00:00:00.000" level="INFO">Suite gamma initialized — team TeamAlpha</msg>
      <status status="PASS" starttime="20241207 00:00:00.000" endtime="20241207 00:00:00.110" />
    </kw>
    <test id="s1-t1" name="TC_Login_ValidCredentials">
      <tag>alpha_regression</tag>
      <tag>feature_login</tag>
      <tag>priority_high</tag>
      <kw name="Run Test Steps" library="SeleniumLibrary">
        <msg timestamp="20241207 00:00:00.510" level="INFO">Executing TC_Login_ValidCredentials</msg>
        <status status="PASS" starttime="20241207 00:00:00.310" endtime="20241207 00:00:02.347" />
      </kw>
      <status status="PASS" starttime="20241207 00:00:00.310" endtime="20241207 00:00:02.347" />
    </test>
    <test id="s1-t2" name="TC_Login_InvalidPassword">
      <tag>alpha_regression</tag>
      <tag>feature_login</tag>
      <tag>priority_high</tag>
      <kw name="Run Test Steps" library="SeleniumLibrary">
        <msg timestamp="20241207 00:00:02.763" level="INFO">Executing TC_Login_InvalidPassword</msg>
        <status status="PASS" starttime="20241207 00:00:02.563" endtime="20241207 00:00:07.148" />
      </kw>
      <status status="PASS" starttime="20241207 00:00:02.563" endtime="20241207 00:00:07.148" />
    </test>
    <test id="s1-t3" name="TC_Login_SessionTimeout">
      <tag>alpha_regression</tag>
      <tag>feature_login</tag>
      <tag>priority_high</tag>
      <kw name="Run Test Steps" library="SeleniumLibrary">
        <msg timestamp="20241207 00:00:07.483" level="INFO">Executing TC_Login_SessionTimeout</msg>
        <status status="PASS" starttime="20241207 00:00:07.283" endtime="20241207 00:00:14.865" />
      </kw>
      <status status="PASS" starttime="20241207 00:00:07.283" endtime="20241207 00:00:14.865" />
    </test>
    <test id="s1-t4" name="TC_Login_AccountLockout">
      <tag>alpha_regression</tag>
      <tag>feature_login</tag>
      <tag>priority_medium</tag>
      <kw name="Run Test Steps" library="SeleniumLibrary">
        <msg timestamp="20241207 00:00:15.268" level="INFO">Executing TC_Login_AccountLockout</msg>
        <status status="PASS" starttime="20241207 00:00:15.068" endtime="20241207 00:00:17.618" />
      </kw>
      <status status="PASS" starttime="20241207 00:00:15.068" endtime="20241207 00:00:17.618" />
    </test>
    <test id="s1-t5" name="TC_Login_MFAVerification">
      <tag>alpha_regression</tag>
      <tag>feature_login</tag>
      <tag>priority_high</tag>
      <kw name="Run Test Steps" library="SeleniumLibrary">
        <msg timestamp="20241207 00:00:18.012" level="INFO">Executing TC_Login_MFAVerification</msg>
        <status status="PASS" starttime="20241207 00:00:17.812" endtime="20241207 00:00:23.588" />
      </kw>
      <status status="PASS" starttime="20241207 00:00:17.812" endtime="20241207 00:00:23.588" />
    </test>
    <test id="s1-t6" name="TC_Dashboard_FilterByDate">
      <tag>alpha_regression</tag>
      <tag>feature_dashboard</tag>
      <tag>priority_medium</tag>
      <kw name="Run Test Steps" library="SeleniumLibrary">
        <msg timestamp="20241207 00:00:24.068" level="INFO">Executing TC_Dashboard_FilterByDate</msg>
        <status status="PASS" starttime="20241207 00:00:23.868" endtime="20241207 00:00:29.692" />
      </kw>
      <status status="PASS" starttime="20241207 00:00:23.868" endtime="20241207 00:00:29.692" />
    </test>
    <test id="s1-t7" name="TC_Dashboard_Pagination">
      <tag>alpha_regression</tag>
      <tag>feature_dashboard</tag>
      <tag>priority_medium</tag>
      <kw name="Run Test Steps" library="SeleniumLibrary">
        <msg timestamp="20241207 00:00:30.152" level="INFO">Executing TC_Dashboard_Pagination</msg>
        <status status="PASS" starttime="20241207 00:00:29.952" endtime="20241207 00:00:31.668" />
      </kw>
      <status status="PASS" starttime="20241207 00:00:29.952" endtime="20241207 00:00:31.668" />
    </test>
    <test id="s1-t8" name="TC_Dashboard_ExportChart">
      <tag>alpha_regression</tag>
      <tag>feature_dashboard</tag>
      <tag>priority_medium</tag>
      <kw name="Run Test Steps" library="SeleniumLibrary">
        <msg timestamp="20241207 00:00:32.144" level="INFO">Executing TC_Dashboard_ExportChart</msg>
        <status status="PASS" starttime="20241207 00:00:31.944" endtime="20241207 00:00:44.943" />
      </kw>
      <status status="PASS" starttime="20241207 00:00:31.944" endtime="20241207 00:00:44.943" />
    </test>
    <test id="s1-t9" name="TC_Dashboard_SearchBar">
      <tag>alpha_regression</tag>
      <tag>feature_dashboard</tag>
      <tag>priority_medium</tag>
      <kw name="Run Test Steps" library="SeleniumLibrary">
        <msg timestamp="20241207 00:00:45.251" level="INFO">Executing TC_Dashboard_SearchBar</msg>
        <status status="PASS" starttime="20241207 00:00:45.051" endtime="20241207 00:00:48.416" />
      </kw>
      <status status="PASS" starttime="20241207 00:00:45.051" endtime="20241207 00:00:48.416" />
    </test>
    <test id="s1-t10" name="TC_User_CreateAccount">
      <tag>alpha_regression</tag>
      <tag>feature_usermgmt</tag>
      <tag>priority_high</tag>
      <kw name="Run Test Steps" library="SeleniumLibrary">
        <msg timestamp="20241207 00:00:48.908" level="INFO">Executing TC_User_CreateAccount</msg>
        <status status="PASS" starttime="20241207 00:00:48.708" endtime="20241207 00:00:51.877" />
      </kw>
      <status status="PASS" starttime="20241207 00:00:48.708" endtime="20241207 00:00:51.877" />
    </test>
    <test id="s1-t11" name="TC_User_EditProfile">
      <tag>alpha_regression</tag>
      <tag>feature_usermgmt</tag>
      <tag>priority_medium</tag>
      <kw name="Run Test Steps" library="SeleniumLibrary">
        <msg timestamp="20241207 00:00:52.333" level="INFO">Executing TC_User_EditProfile</msg>
        <status status="PASS" starttime="20241207 00:00:52.133" endtime="20241207 00:00:57.293" />
      </kw>
      <status status="PASS" starttime="20241207 00:00:52.133" endtime="20241207 00:00:57.293" />
    </test>
    <test id="s1-t12" name="TC_User_DeleteAccount">
      <tag>alpha_regression</tag>
      <tag>feature_usermgmt</tag>
      <tag>priority_high</tag>
      <kw name="Run Test Steps" library="SeleniumLibrary">
        <msg timestamp="20241207 00:00:57.646" level="INFO">Executing TC_User_DeleteAccount</msg>
        <status status="PASS" starttime="20241207 00:00:57.446" endtime="20241207 00:01:04.396" />
      </kw>
      <status status="PASS" starttime="20241207 00:00:57.446" endtime="20241207 00:01:04.396" />
    </test>
    <test id="s1-t13" name="TC_User_PasswordReset">
      <tag>alpha_regression</tag>
      <tag>feature_usermgmt</tag>
      <tag>priority_medium</tag>
      <kw name="Run Test Steps" library="SeleniumLibrary">
        <msg timestamp="20241207 00:01:04.716" level="INFO">Executing TC_User_PasswordReset</msg>
        <status status="PASS" starttime="20241207 00:01:04.516" endtime="20241207 00:01:10.245" />
      </kw>
      <status status="PASS" starttime="20241207 00:01:04.516" endtime="20241207 00:01:10.245" />
    </test>
    <test id="s1-t14" name="TC_Login_SSORedirect">
      <tag>alpha_regression</tag>
      <tag>feature_login</tag>
      <tag>priority_high</tag>
      <kw name="Run Test Steps" library="SeleniumLibrary">
        <msg timestamp="20241207 00:01:10.630" level="INFO">Executing TC_Login_SSORedirect</msg>
        <status status="PASS" starttime="20241207 00:01:10.430" endtime="20241207 00:01:17.001" />
      </kw>
      <status status="PASS" starttime="20241207 00:01:10.430" endtime="20241207 00:01:17.001" />
    </test>
    <test id="s1-t15" name="TC_Dashboard_LoadWidget">
      <tag>alpha_regression</tag>
      <tag>feature_dashboard</tag>
      <tag>priority_medium</tag>
      <kw name="Run Test Steps" library="SeleniumLibrary">
        <msg timestamp="20241207 00:01:17.315" level="INFO">Executing TC_Dashboard_LoadWidget</msg>
        <msg timestamp="20241207 00:01:36.144" level="FAIL">Element with locator 'id=widget-container' not found after 3 retries</msg>
        <status status="FAIL" starttime="20241207 00:01:17.115" endtime="20241207 00:01:36.173" />
      </kw>
      <kw name="Click Element" library="BuiltIn">
        <msg timestamp="20241207 00:01:36.144" level="FAIL">Element with locator 'id=widget-container' not found after 3 retries</msg>
        <status status="FAIL" starttime="20241207 00:01:36.100" endtime="20241207 00:01:36.144" />
      </kw>
      <status status="FAIL" starttime="20241207 00:01:17.115" endtime="20241207 00:01:36.173">Element with locator 'id=widget-container' not found after 3 retries</status>
    </test>
    <test id="s1-t16" name="TC_Dashboard_RefreshData">
      <tag>alpha_regression</tag>
      <tag>feature_dashboard</tag>
      <tag>priority_medium</tag>
      <kw name="Run Test Steps" library="SeleniumLibrary">
        <msg timestamp="20241207 00:01:36.592" level="INFO">Executing TC_Dashboard_RefreshData</msg>
        <msg timestamp="20241207 00:01:50.727" level="FAIL">Expected HTTP status '200' but got '500' — Internal Server Error</msg>
        <status status="FAIL" starttime="20241207 00:01:36.392" endtime="20241207 00:01:50.767" />
      </kw>
      <kw name="Should Be Equal As Integers" library="BuiltIn">
        <msg timestamp="20241207 00:01:50.727" level="FAIL">Expected HTTP status '200' but got '500' — Internal Server Error</msg>
        <status status="FAIL" starttime="20241207 00:01:50.672" endtime="20241207 00:01:50.727" />
      </kw>
      <status status="FAIL" starttime="20241207 00:01:36.392" endtime="20241207 00:01:50.767">Expected HTTP status '200' but got '500' — Internal Server Error</status>
    </test>
    <test id="s1-t17" name="TC_User_BulkImport">
      <tag>alpha_regression</tag>
      <tag>feature_usermgmt</tag>
      <tag>priority_medium</tag>
      <kw name="Run Test Steps" library="SeleniumLibrary">
        <msg timestamp="20241207 00:01:51.265" level="INFO">Executing TC_User_BulkImport</msg>
        <msg timestamp="20241207 00:02:35.473" level="FAIL">CSV export contained 0 rows — expected at least 200 records for last 7 days</msg>
        <status status="FAIL" starttime="20241207 00:01:51.065" endtime="20241207 00:02:35.515" />
      </kw>
      <kw name="Should Not Be Empty" library="BuiltIn">
        <msg timestamp="20241207 00:02:35.473" level="FAIL">CSV export contained 0 rows — expected at least 200 records for last 7 days</msg>
        <status status="FAIL" starttime="20241207 00:02:35.421" endtime="20241207 00:02:35.473" />
      </kw>
      <status status="FAIL" starttime="20241207 00:01:51.065" endtime="20241207 00:02:35.515">CSV export contained 0 rows — expected at least 200 records for last 7 days</status>
    </test>
    <test id="s1-t18" name="TC_User_RoleAssignment">
      <tag>alpha_regression</tag>
      <tag>feature_usermgmt</tag>
      <tag>priority_high</tag>
      <kw name="Run Test Steps" library="SeleniumLibrary">
        <msg timestamp="20241207 00:02:35.868" level="INFO">Executing TC_User_RoleAssignment</msg>
        <status status="PASS" starttime="20241207 00:02:35.668" endtime="20241207 00:02:42.366" />
      </kw>
      <status status="PASS" starttime="20241207 00:02:35.668" endtime="20241207 00:02:42.366" />
    </test>
    <test id="s1-t19" name="TC_User_BatchExport">
      <tag>alpha_regression</tag>
      <tag>feature_usermgmt</tag>
      <tag>priority_medium</tag>
      <kw name="Run Test Steps" library="SeleniumLibrary">
        <msg timestamp="20241207 00:02:42.860" level="INFO">Executing TC_User_BatchExport</msg>
        <msg timestamp="20241207 00:02:54.025" level="FAIL">CSV export contained 2 rows — expected at least 100 records for Q4 2024</msg>
        <status status="FAIL" starttime="20241207 00:02:42.660" endtime="20241207 00:02:54.033" />
      </kw>
      <kw name="Should Not Be Empty" library="BuiltIn">
        <msg timestamp="20241207 00:02:54.025" level="FAIL">CSV export contained 2 rows — expected at least 100 records for Q4 2024</msg>
        <status status="FAIL" starttime="20241207 00:02:53.979" endtime="20241207 00:02:54.025" />
      </kw>
      <status status="FAIL" starttime="20241207 00:02:42.660" endtime="20241207 00:02:54.033">CSV export contained 2 rows — expected at least 100 records for Q4 2024</status>
    </test>
    <test id="s1-t20" name="TC_Login_OAuthCallback">
      <tag>alpha_regression</tag>
      <tag>feature_login</tag>
      <tag>priority_high</tag>
      <kw name="Run Test Steps" library="SeleniumLibrary">
        <msg timestamp="20241207 00:02:54.428" level="INFO">Executing TC_Login_OAuthCallback</msg>
        <msg timestamp="20241207 00:03:07.760" level="FAIL">Element 'loading-spinner' still visible after 45s timeout</msg>
        <status status="FAIL" starttime="20241207 00:02:54.228" endtime="20241207 00:03:07.810" />
      </kw>
      <kw name="Wait Until Element Is Visible" library="BuiltIn">
        <msg timestamp="20241207 00:03:07.760" level="FAIL">Element 'loading-spinner' still visible after 45s timeout</msg>
        <status status="FAIL" starttime="20241207 00:03:07.726" endtime="20241207 00:03:07.760" />
      </kw>
      <status status="FAIL" starttime="20241207 00:02:54.228" endtime="20241207 00:03:07.810">Element 'loading-spinner' still visible after 45s timeout</status>
    </test>
    <test id="s1-t21" name="TC_API_UserProfile_Get">
      <tag>alpha_regression</tag>
      <tag>feature_api</tag>
      <tag>priority_medium</tag>
      <kw name="Run Test Steps" library="SeleniumLibrary">
        <msg timestamp="20241207 00:03:08.283" level="INFO">Executing TC_API_UserProfile_Get</msg>
        <msg timestamp="20241207 00:03:29.255" level="FAIL">Expected HTTP status '201' but got '400' — Bad Request</msg>
        <status status="FAIL" starttime="20241207 00:03:08.083" endtime="20241207 00:03:29.303" />
      </kw>
      <kw name="Should Be Equal As Integers" library="BuiltIn">
        <msg timestamp="20241207 00:03:29.255" level="FAIL">Expected HTTP status '201' but got '400' — Bad Request</msg>
        <status status="FAIL" starttime="20241207 00:03:29.209" endtime="20241207 00:03:29.255" />
      </kw>
      <status status="FAIL" starttime="20241207 00:03:08.083" endtime="20241207 00:03:29.303">Expected HTTP status '201' but got '400' — Bad Request</status>
    </test>
    <test id="s1-t22" name="TC_Report_GenerateMonthly">
      <tag>alpha_regression</tag>
      <tag>feature_reports</tag>
      <tag>priority_medium</tag>
      <kw name="Run Test Steps" library="SeleniumLibrary">
        <msg timestamp="20241207 00:03:29.619" level="INFO">Executing TC_Report_GenerateMonthly</msg>
        <status status="PASS" starttime="20241207 00:03:29.419" endtime="20241207 00:03:31.994" />
      </kw>
      <status status="PASS" starttime="20241207 00:03:29.419" endtime="20241207 00:03:31.994" />
    </test>
    <test id="s1-t23" name="TC_Export_AuditLogs">
      <tag>alpha_regression</tag>
      <tag>feature_audit</tag>
      <tag>priority_medium</tag>
      <kw name="Run Test Steps" library="SeleniumLibrary">
        <msg timestamp="20241207 00:03:32.411" level="INFO">Executing TC_Export_AuditLogs</msg>
        <msg timestamp="20241207 00:03:42.933" level="FAIL">CSV export contained 0 rows — expected at least 50 records for last 30 days</msg>
        <status status="FAIL" starttime="20241207 00:03:32.211" endtime="20241207 00:03:42.955" />
      </kw>
      <kw name="Should Not Be Empty" library="BuiltIn">
        <msg timestamp="20241207 00:03:42.933" level="FAIL">CSV export contained 0 rows — expected at least 50 records for last 30 days</msg>
        <status status="FAIL" starttime="20241207 00:03:42.898" endtime="20241207 00:03:42.933" />
      </kw>
      <status status="FAIL" starttime="20241207 00:03:32.211" endtime="20241207 00:03:42.955">CSV export contained 0 rows — expected at least 50 records for last 30 days</status>
    </test>
    <status status="FAIL" starttime="20241207 00:00:00.000" endtime="20241207 00:03:43.233" passed="16" failed="7" />
  </suite>
  <statistics>
    <total>
      <stat pass="16" fail="7">All Tests</stat>
    </total>
    <tag>
      <stat pass="16" fail="7">alpha_regression</stat>
    </tag>
  </statistics>
  <errors />
</robot>