<robot generator="Robot 6.1.1 (Python 3.10.12)" generated="20241021 00:00:00.000" rpa="FALSE" schemaversion="4">
  <suite id="s1" name="beta" source="/opt/ci/tests/beta/beta.robot">
    <kw name="Suite Setup" type="setup">
      <msg timestamp="20241021 00:00:00.000" level="INFO">Suite beta initialized — team TeamAlpha</msg>
      <status status="PASS" starttime="20241021 00:00:00.000" endtime="20241021 00:00:00.110" />
    </kw>
    <test id="s1-t1" name="TC_Login_ValidCredentials">
      <tag>alpha_regression</tag>
      <tag>feature_login</tag>
      <tag>priority_high</tag>
      <kw name="Run Test Steps" library="SeleniumLibrary">
        <msg timestamp="20241021 00:00:00.510" level="INFO">Executing TC_Login_ValidCredentials</msg>
        <status status="PASS" starttime="20241021 00:00:00.310" endtime="20241021 00:00:05.174" />
      </kw>
      <status status="PASS" starttime="20241021 00:00:00.310" endtime="20241021 00:00:05.174" />
    </test>
    <test id="s1-t2" name="TC_Login_InvalidPassword">
      <tag>alpha_regression</tag>
      <tag>feature_login</tag>
      <tag>priority_high</tag>
      <kw name="Run Test Steps" library="SeleniumLibrary">
        <msg timestamp="20241021 00:00:05.507" level="INFO">Executing TC_Login_InvalidPassword</msg>
        <status status="PASS" starttime="20241021 00:00:05.307" endtime="20241021 00:00:09.665" />
      </kw>
      <status status="PASS" starttime="20241021 00:00:05.307" endtime="20241021 00:00:09.665" />
    </test>
    <test id="s1-t3" name="TC_Login_SessionTimeout">
      <tag>alpha_regression</tag>
      <tag>feature_login</tag>
      <tag>priority_high</tag>
      <kw name="Run Test Steps" library="SeleniumLibrary">
        <msg timestamp="20241021 00:00:09.979" level="INFO">Executing TC_Login_SessionTimeout</msg>
        <status status="PASS" starttime="20241021 00:00:09.779" endtime="20241021 00:00:17.048" />
      </kw>
      <status status="PASS" starttime="20241021 00:00:09.779" endtime="20241021 00:00:17.048" />
    </test>
    <test id="s1-t4" name="TC_Login_AccountLockout">
      <tag>alpha_regression</tag>
      <tag>feature_login</tag>
      <tag>priority_medium</tag>
      <kw name="Run Test Steps" library="SeleniumLibrary">
        <msg timestamp="20241021 00:00:17.480" level="INFO">Executing TC_Login_AccountLockout</msg>
        <status status="PASS" starttime="20241021 00:00:17.280" endtime="20241021 00:00:19.597" />
      </kw>
      <status status="PASS" starttime="20241021 00:00:17.280" endtime="20241021 00:00:19.597" />
    </test>
    <test id="s1-t5" name="TC_Login_MFAVerification">
      <tag>alpha_regression</tag>
      <tag>feature_login</tag>
      <tag>priority_high</tag>
      <kw name="Run Test Steps" library="SeleniumLibrary">
        <msg timestamp="20241021 00:00:19.939" level="INFO">Executing TC_Login_MFAVerification</msg>
        <status status="PASS" starttime="20241021 00:00:19.739" endtime="20241021 00:00:22.121" />
      </kw>
      <status status="PASS" starttime="20241021 00:00:19.739" endtime="20241021 00:00:22.121" />
    </test>
    <test id="s1-t6" name="TC_Dashboard_FilterByDate">
      <tag>alpha_regression</tag>
      <tag>feature_dashboard</tag>
      <tag>priority_medium</tag>
      <kw name="Run Test Steps" library="SeleniumLibrary">
        <msg timestamp="20241021 00:00:22.602" level="INFO">Executing TC_Dashboard_FilterByDate</msg>
        <status status="PASS" starttime="20241021 00:00:22.402" endtime="20241021 00:00:25.248" />
      </kw>
      <status status="PASS" starttime="20241021 00:00:22.402" endtime="20241021 00:00:25.248" />
    </test>
    <test id="s1-t7" name="TC_Dashboard_Pagination">
      <tag>alpha_regression</tag>
      <tag>feature_dashboard</tag>
      <tag>priority_medium</tag>
      <kw name="Run Test Steps" library="SeleniumLibrary">
        <msg timestamp="20241021 00:00:25.680" level="INFO">Executing TC_Dashboard_Pagination</msg>
        <status status="PASS" starttime="20241021 00:00:25.480" endtime="20241021 00:00:33.213" />
      </kw>
      <status status="PASS" starttime="20241021 00:00:25.480" endtime="20241021 00:00:33.213" />
    </test>
    <test id="s1-t8" name="TC_Dashboard_ExportChart">
      <tag>alpha_regression</tag>
      <tag>feature_dashboard</tag>
      <tag>priority_medium</tag>
      <kw name="Run Test Steps" library="SeleniumLibrary">
        <msg timestamp="20241021 00:00:33.533" level="INFO">Executing TC_Dashboard_ExportChart</msg>
        <status status="PASS" starttime="20241021 00:00:33.333" endtime="20241021 00:00:36.834" />
      </kw>
      <status status="PASS" starttime="20241021 00:00:33.333" endtime="20241021 00:00:36.834" />
    </test>
    <test id="s1-t9" name="TC_Dashboard_SearchBar">
      <tag>alpha_regression</tag>
      <tag>feature_dashboard</tag>
      <tag>priority_medium</tag>
      <kw name="Run Test Steps" library="SeleniumLibrary">
        <msg timestamp="20241021 00:00:37.296" level="INFO">Executing TC_Dashboard_SearchBar</msg>
        <status status="PASS" starttime="20241021 00:00:37.096" endtime="20241021 00:00:45.277" />
      </kw>
      <status status="PASS" starttime="20241021 00:00:37.096" endtime="20241021 00:00:45.277" />
    </test>
    <test id="s1-t10" name="TC_User_CreateAccount">
      <tag>alpha_regression</tag>
      <tag>feature_usermgmt</tag>
      <tag>priority_high</tag>
      <kw name="Run Test Steps" library="SeleniumLibrary">
        <msg timestamp="20241021 00:00:45.647" level="INFO">Executing TC_User_CreateAccount</msg>
        <status status="PASS" starttime="20241021 00:00:45.447" endtime="20241021 00:00:47.561" />
      </kw>
      <status status="PASS" starttime="20241021 00:00:45.447" endtime="20241021 00:00:47.561" />
    </test>
    <test id="s1-t11" name="TC_User_EditProfile">
      <tag>alpha_regression</tag>
      <tag>feature_usermgmt</tag>
      <tag>priority_medium</tag>
      <kw name="Run Test Steps" library="SeleniumLibrary">
        <msg timestamp="20241021 00:00:47.938" level="INFO">Executing TC_User_EditProfile</msg>
        <status status="PASS" starttime="20241021 00:00:47.738" endtime="20241021 00:00:53.423" />
      </kw>
      <status status="PASS" starttime="20241021 00:00:47.738" endtime="20241021 00:00:53.423" />
    </test>
    <test id="s1-t12" name="TC_User_DeleteAccount">
      <tag>alpha_regression</tag>
      <tag>feature_usermgmt</tag>
      <tag>priority_high</tag>
      <kw name="Run Test Steps" library="SeleniumLibrary">
        <msg timestamp="20241021 00:00:53.746" level="INFO">Executing TC_User_DeleteAccount</msg>
        <status status="PASS" starttime="20241021 00:00:53.546" endtime="20241021 00:00:58.415" />
      </kw>
      <status status="PASS" starttime="20241021 00:00:53.546" endtime="20241021 00:00:58.415" />
    </test>
    <test id="s1-t13" name="TC_User_PasswordReset">
      <tag>alpha_regression</tag>
      <tag>feature_usermgmt</tag>
      <tag>priority_medium</tag>
      <kw name="Run Test Steps" library="SeleniumLibrary">
        <msg timestamp="20241021 00:00:58.758" level="INFO">Executing TC_User_PasswordReset</msg>
        <status status="PASS" starttime="20241021 00:00:58.558" endtime="20241021 00:01:04.078" />
      </kw>
      <status status="PASS" starttime="20241021 00:00:58.558" endtime="20241021 00:01:04.078" />
    </test>
    <test id="s1-t14" name="TC_Login_SSORedirect">
      <tag>alpha_regression</tag>
      <tag>feature_login</tag>
      <tag>priority_high</tag>
      <kw name="Run Test Steps" library="SeleniumLibrary">
        <msg timestamp="20241021 00:01:04.526" level="INFO">Executing TC_Login_SSORedirect</msg>
        <status status="PASS" starttime="20241021 00:01:04.326" endtime="20241021 00:01:06.652" />
      </kw>
      <status status="PASS" starttime="20241021 00:01:04.326" endtime="20241021 00:01:06.652" />
    </test>
    <test id="s1-t15" name="TC_Dashboard_LoadWidget">
      <tag>alpha_regression</tag>
      <tag>feature_dashboard</tag>
      <tag>priority_medium</tag>
      <kw name="Run Test Steps" library="SeleniumLibrary">
        <msg timestamp="20241021 00:01:07.120" level="INFO">Executing TC_Dashboard_LoadWidget</msg>
        <msg timestamp="20241021 00:01:26.693" level="FAIL">Element with locator 'css=.nav-item' not found after 3 retries</msg>
        <status status="FAIL" starttime="20241021 00:01:06.920" endtime="20241021 00:01:26.699" />
      </kw>
      <kw name="Click Element" library="BuiltIn">
        <msg timestamp="20241021 00:01:26.693" level="FAIL">Element with locator 'css=.nav-item' not found after 3 retries</msg>
        <status status="FAIL" starttime="20241021 00:01:26.644" endtime="20241021 00:01:26.693" />
      </kw>
      <status status="FAIL" starttime="20241021 00:01:06.920" endtime="20241021 00:01:26.699">Element with locator 'css=.nav-item' not found after 3 retries</status>
    </test>
    <test id="s1-t16" name="TC_Dashboard_RefreshData">
      <tag>alpha_regression</tag>
      <tag>feature_dashboard</tag>
      <tag>priority_medium</tag>
      <kw name="Run Test Steps" library="SeleniumLibrary">
        <msg timestamp="20241021 00:01:27.010" level="INFO">Executing TC_Dashboard_RefreshData</msg>
        <msg timestamp="20241021 00:01:47.604" level="FAIL">Expected HTTP status '200' but got '404' — Not Found</msg>
        <status status="FAIL" starttime="20241021 00:01:26.810" endtime="20241021 00:01:47.645" />
      </kw>
      <kw name="Should Be Equal As Integers" library="BuiltIn">
        <msg timestamp="20241021 00:01:47.604" level="FAIL">Expected HTTP status '200' but got '404' — Not Found</msg>
        <status status="FAIL" starttime="20241021 00:01:47.569" endtime="20241021 00:01:47.604" />
      </kw>
      <status status="FAIL" starttime="20241021 00:01:26.810" endtime="20241021 00:01:47.645">Expected HTTP status '200' but got '404' — Not Found</status>
    </test>
    <test id="s1-t17" name="TC_User_BulkImport">
      <tag>alpha_regression</tag>
      <tag>feature_usermgmt</tag>
      <tag>priority_medium</tag>
      <kw name="Run Test Steps" library="SeleniumLibrary">
        <msg timestamp="20241021 00:01:48.103" level="INFO">Executing TC_User_BulkImport</msg>
        <status status="PASS" starttime="20241021 00:01:47.903" endtime="20241021 00:02:00.459" />
      </kw>
      <status status="PASS" starttime="20241021 00:01:47.903" endtime="20241021 00:02:00.459" />
    </test>
    <test id="s1-t18" name="TC_User_RoleAssignment">
      <tag>alpha_regression</tag>
      <tag>feature_usermgmt</tag>
      <tag>priority_high</tag>
      <kw name="Run Test Steps" library="SeleniumLibrary">
        <msg timestamp="20241021 00:02:00.886" level="INFO">Executing TC_User_RoleAssignment</msg>
        <msg timestamp="20241021 00:02:18.796" level="FAIL">Expected HTTP status '201' but got '400' — Bad Request</msg>
        <status status="FAIL" starttime="20241021 00:02:00.686" endtime="20241021 00:02:18.831" />
      </kw>
      <kw name="Should Be Equal As Integers" library="BuiltIn">
        <msg timestamp="20241021 00:02:18.796" level="FAIL">Expected HTTP status '201' but got '400' — Bad Request</msg>
        <status status="FAIL" starttime="20241021 00:02:18.766" endtime="20241021 00:02:18.796" />
      </kw>
      <status status="FAIL" starttime="20241021 00:02:00.686" endtime="20241021 00:02:18.831">Expected HTTP status '201' but got '400' — Bad Request</status>
    </test>
    <test id="s1-t19" name="TC_User_BatchExport">
      <tag>alpha_regression</tag>
      <tag>feature_usermgmt</tag>
      <tag>priority_medium</tag>
      <kw name="Run Test Steps" library="SeleniumLibrary">
        <msg timestamp="20241021 00:02:19.306" level="INFO">Executing TC_User_BatchExport</msg>
        <msg timestamp="20241021 00:02:32.775" level="FAIL">Element with locator 'id=submit-btn' not found after 5 retries</msg>
        <status status="FAIL" starttime="20241021 00:02:19.106" endtime="20241021 00:02:32.806" />
      </kw>
      <kw name="Click Element" library="BuiltIn">
        <msg timestamp="20241021 00:02:32.775" level="FAIL">Element with locator 'id=submit-btn' not found after 5 retries</msg>
        <status status="FAIL" starttime="20241021 00:02:32.726" endtime="20241021 00:02:32.775" />
      </kw>
      <status status="FAIL" starttime="20241021 00:02:19.106" endtime="20241021 00:02:32.806">Element with locator 'id=submit-btn' not found after 5 retries</status>
    </test>
    <test id="s1-t20" name="TC_Login_OAuthCallback">
      <tag>alpha_regression</tag>
      <tag>feature_login</tag>
      <tag>priority_high</tag>
      <kw name="Run Test Steps" library="SeleniumLibrary">
        <msg timestamp="20241021 00:02:33.224" level="INFO">Executing TC_Login_OAuthCallback</msg>
        <msg timestamp="20241021 00:02:46.750" level="FAIL">Element 'progress-bar' still visible after 30s timeout</msg>
        <status status="FAIL" starttime="20241021 00:02:33.024" endtime="20241021 00:02:46.780" />
      </kw>
      <kw name="Wait Until Element Is Visible" library="BuiltIn">
        <msg timestamp="20241021 00:02:46.750" level="FAIL">Element 'progress-bar' still visible after 30s timeout</msg>
        <status status="FAIL" starttime="20241021 00:02:46.722" endtime="20241021 00:02:46.750" />
      </kw>
      <status status="FAIL" starttime="20241021 00:02:33.024" endtime="20241021 00:02:46.780">Element 'progress-bar' still visible after 30s timeout</status>
    </test>
    <test id="s1-t21" name="TC_API_UserProfile_Get">
      <tag>alpha_regression</tag>
      <tag>feature_api</tag>
      <tag>priority_medium</tag>
      <kw name="Run Test Steps" library="SeleniumLibrary">
        <msg timestamp="20241021 00:02:47.274" level="INFO">Executing TC_API_UserProfile_Get</msg>
        <msg timestamp="20241021 00:03:01.583" level="FAIL">Expected HTTP status '200' but got '503' — Service Unavailable</msg>
        <status status="FAIL" starttime="20241021 00:02:47.074" endtime="20241021 00:03:01.595" />
      </kw>
      <kw name="Should Be Equal As Integers" library="BuiltIn">
        <msg timestamp="20241021 00:03:01.583" level="FAIL">Expected HTTP status '200' but got '503' — Service Unavailable</msg>
        <status status="FAIL" starttime="20241021 00:03:01.528" endtime="20241021 00:03:01.583" />
      </kw>
      <status status="FAIL" starttime="20241021 00:02:47.074" endtime="20241021 00:03:01.595">Expected HTTP status '200' but got '503' — Service Unavailable</status>
    </test>
    <test id="s1-t22" name="TC_Report_GenerateMonthly">
      <tag>alpha_regression</tag>
      <tag>feature_reports</tag>
      <tag>priority_medium</tag>
      <kw name="Run Test Steps" library="SeleniumLibrary">
        <msg timestamp="20241021 00:03:02.010" level="INFO">Executing TC_Report_GenerateMonthly</msg>
        <status status="PASS" starttime="20241021 00:03:01.810" endtime="20241021 00:03:04.820" />
      </kw>
      <status status="PASS" starttime="20241021 00:03:01.810" endtime="20241021 00:03:04.820" />
    </test>
    <test id="s1-t23" name="TC_Export_AuditLogs">
      <tag>alpha_regression</tag>
      <tag>feature_audit</tag>
      <tag>priority_medium</tag>
      <kw name="Run Test Steps" library="SeleniumLibrary">
        <msg timestamp="20241021 00:03:05.144" level="INFO">Executing TC_Export_AuditLogs</msg>
        <msg timestamp="20241021 00:03:20.947" level="FAIL">Expected HTTP status '200' but got '503' — Service Unavailable</msg>
        <status status="FAIL" starttime="20241021 00:03:04.944" endtime="20241021 00:03:20.967" />
      </kw>
      <kw name="Should Be Equal As Integers" library="BuiltIn">
        <msg timestamp="20241021 00:03:20.947" level="FAIL">Expected HTTP status '200' but got '503' — Service Unavailable</msg>
        <status status="FAIL" starttime="20241021 00:03:20.907" endtime="20241021 00:03:20.947" />
      </kw>
      <status status="FAIL" starttime="20241021 00:03:04.944" endtime="20241021 00:03:20.967">Expected HTTP status '200' but got '503' — Service Unavailable</status>
    </test>
    <status status="FAIL" starttime="20241021 00:00:00.000" endtime="20241021 00:03:21.150" passed="16" failed="7" />
  </suite>
  <statistics>
    <total>
      <stat pass="16" fail="7">All Tests</stat>
    </total>
    <tag>
      <stat pass="16" fail="7">alpha_regression</stat>
    </tag>
  </statistics>
  <errors />
</robot>