<robot generator="Robot 6.1.1 (Python 3.10.12)" generated="20250101 00:00:00.000" rpa="FALSE" schemaversion="4">
  <suite id="s1" name="gamma" source="/opt/ci/tests/gamma/gamma.robot">
    <kw name="Suite Setup" type="setup">
      <msg timestamp="20250101 00:00:00.000" level="INFO">Suite gamma initialized — team TeamAlpha</msg>
      <status status="PASS" starttime="20250101 00:00:00.000" endtime="20250101 00:00:00.110" />
    </kw>
    <test id="s1-t1" name="TC_Login_ValidCredentials">
      <tag>alpha_regression</tag>
      <tag>feature_login</tag>
      <tag>priority_high</tag>
      <kw name="Run Test Steps" library="SeleniumLibrary">
        <msg timestamp="20250101 00:00:00.510" level="INFO">Executing TC_Login_ValidCredentials</msg>
        <status status="PASS" starttime="20250101 00:00:00.310" endtime="20250101 00:00:05.848" />
      </kw>
      <status status="PASS" starttime="20250101 00:00:00.310" endtime="20250101 00:00:05.848" />
    </test>
    <test id="s1-t2" name="TC_Login_InvalidPassword">
      <tag>alpha_regression</tag>
      <tag>feature_login</tag>
      <tag>priority_high</tag>
      <kw name="Run Test Steps" library="SeleniumLibrary">
        <msg timestamp="20250101 00:00:06.193" level="INFO">Executing TC_Login_InvalidPassword</msg>
        <status status="PASS" starttime="20250101 00:00:05.993" endtime="20250101 00:00:09.542" />
      </kw>
      <status status="PASS" starttime="20250101 00:00:05.993" endtime="20250101 00:00:09.542" />
    </test>
    <test id="s1-t3" name="TC_Login_SessionTimeout">
      <tag>alpha_regression</tag>
      <tag>feature_login</tag>
      <tag>priority_high</tag>
      <kw name="Run Test Steps" library="SeleniumLibrary">
        <msg timestamp="20250101 00:00:09.937" level="INFO">Executing TC_Login_SessionTimeout</msg>
        <status status="PASS" starttime="20250101 00:00:09.737" endtime="20250101 00:00:14.773" />
      </kw>
      <status status="PASS" starttime="20250101 00:00:09.737" endtime="20250101 00:00:14.773" />
    </test>
    <test id="s1-t4" name="TC_Login_AccountLockout">
      <tag>alpha_regression</tag>
      <tag>feature_login</tag>
      <tag>priority_medium</tag>
      <kw name="Run Test Steps" library="SeleniumLibrary">
        <msg timestamp="20250101 00:00:15.196" level="INFO">Executing TC_Login_AccountLockout</msg>
        <status status="PASS" starttime="20250101 00:00:14.996" endtime="20250101 00:00:21.420" />
      </kw>
      <status status="PASS" starttime="20250101 00:00:14.996" endtime="20250101 00:00:21.420" />
    </test>
    <test id="s1-t5" name="TC_Login_MFAVerification">
      <tag>alpha_regression</tag>
      <tag>feature_login</tag>
      <tag>priority_high</tag>
      <kw name="Run Test Steps" library="SeleniumLibrary">
        <msg timestamp="20250101 00:00:21.846" level="INFO">Executing TC_Login_MFAVerification</msg>
        <status status="PASS" starttime="20250101 00:00:21.646" endtime="20250101 00:00:26.304" />
      </kw>
      <status status="PASS" starttime="20250101 00:00:21.646" endtime="20250101 00:00:26.304" />
    </test>
    <test id="s1-t6" name="TC_Dashboard_FilterByDate">
      <tag>alpha_regression</tag>
      <tag>feature_dashboard</tag>
      <tag>priority_medium</tag>
      <kw name="Run Test Steps" library="SeleniumLibrary">
        <msg timestamp="20250101 00:00:26.752" level="INFO">Executing TC_Dashboard_FilterByDate</msg>
        <status status="PASS" starttime="20250101 00:00:26.552" endtime="20250101 00:00:30.679" />
      </kw>
      <status status="PASS" starttime="20250101 00:00:26.552" endtime="20250101 00:00:30.679" />
    </test>
    <test id="s1-t7" name="TC_Dashboard_Pagination">
      <tag>alpha_regression</tag>
      <tag>feature_dashboard</tag>
      <tag>priority_medium</tag>
      <kw name="Run Test Steps" library="SeleniumLibrary">
        <msg timestamp="20250101 00:00:31.128" level="INFO">Executing TC_Dashboard_Pagination</msg>
        <status status="PASS" starttime="20250101 00:00:30.928" endtime="20250101 00:00:36.871" />
      </kw>
      <status status="PASS" starttime="20250101 00:00:30.928" endtime="20250101 00:00:36.871" />
    </test>
    <test id="s1-t8" name="TC_Dashboard_ExportChart">
      <tag>alpha_regression</tag>
      <tag>feature_dashboard</tag>
      <tag>priority_medium</tag>
      <kw name="Run Test Steps" library="SeleniumLibrary">
        <msg timestamp="20250101 00:00:37.224" level="INFO">Executing TC_Dashboard_ExportChart</msg>
        <status status="PASS" starttime="20250101 00:00:37.024" endtime="20250101 00:00:49.683" />
      </kw>
      <status status="PASS" starttime="20250101 00:00:37.024" endtime="20250101 00:00:49.683" />
    </test>
    <test id="s1-t9" name="TC_Dashboard_SearchBar">
      <tag>alpha_regression</tag>
      <tag>feature_dashboard</tag>
      <tag>priority_medium</tag>
      <kw name="Run Test Steps" library="SeleniumLibrary">
        <msg timestamp="20250101 00:00:50.034" level="INFO">Executing TC_Dashboard_SearchBar</msg>
        <status status="PASS" starttime="20250101 00:00:49.834" endtime="20250101 00:00:54.334" />
      </kw>
      <status status="PASS" starttime="20250101 00:00:49.834" endtime="20250101 00:00:54.334" />
    </test>
    <test id="s1-t10" name="TC_User_CreateAccount">
      <tag>alpha_regression</tag>
      <tag>feature_usermgmt</tag>
      <tag>priority_high</tag>
      <kw name="Run Test Steps" library="SeleniumLibrary">
        <msg timestamp="20250101 00:00:54.694" level="INFO">Executing TC_User_CreateAccount</msg>
        <status status="PASS" starttime="20250101 00:00:54.494" endtime="20250101 00:00:58.584" />
      </kw>
      <status status="PASS" starttime="20250101 00:00:54.494" endtime="20250101 00:00:58.584" />
    </test>
    <test id="s1-t11" name="TC_User_EditProfile">
      <tag>alpha_regression</tag>
      <tag>feature_usermgmt</tag>
      <tag>priority_medium</tag>
      <kw name="Run Test Steps" library="SeleniumLibrary">
        <msg timestamp="20250101 00:00:58.962" level="INFO">Executing TC_User_EditProfile</msg>
        <status status="PASS" starttime="20250101 00:00:58.762" endtime="20250101 00:01:03.065" />
      </kw>
      <status status="PASS" starttime="20250101 00:00:58.762" endtime="20250101 00:01:03.065" />
    </test>
    <test id="s1-t12" name="TC_User_DeleteAccount">
      <tag>alpha_regression</tag>
      <tag>feature_usermgmt</tag>
      <tag>priority_high</tag>
      <kw name="Run Test Steps" library="SeleniumLibrary">
        <msg timestamp="20250101 00:01:03.461" level="INFO">Executing TC_User_DeleteAccount</msg>
        <status status="PASS" starttime="20250101 00:01:03.261" endtime="20250101 00:01:08.632" />
      </kw>
      <status status="PASS" starttime="20250101 00:01:03.261" endtime="20250101 00:01:08.632" />
    </test>
    <test id="s1-t13" name="TC_User_PasswordReset">
      <tag>alpha_regression</tag>
      <tag>feature_usermgmt</tag>
      <tag>priority_medium</tag>
      <kw name="Run Test Steps" library="SeleniumLibrary">
        <msg timestamp="20250101 00:01:09.027" level="INFO">Executing TC_User_PasswordReset</msg>
        <status status="PASS" starttime="20250101 00:01:08.827" endtime="20250101 00:01:11.885" />
      </kw>
      <status status="PASS" starttime="20250101 00:01:08.827" endtime="20250101 00:01:11.885" />
    </test>
    <test id="s1-t14" name="TC_Login_SSORedirect">
      <tag>alpha_regression</tag>
      <tag>feature_login</tag>
      <tag>priority_high</tag>
      <kw name="Run Test Steps" library="SeleniumLibrary">
        <msg timestamp="20250101 00:01:12.206" level="INFO">Executing TC_Login_SSORedirect</msg>
        <status status="PASS" starttime="20250101 00:01:12.006" endtime="20250101 00:01:14.187" />
      </kw>
      <status status="PASS" starttime="20250101 00:01:12.006" endtime="20250101 00:01:14.187" />
    </test>
    <test id="s1-t15" name="TC_Dashboard_LoadWidget">
      <tag>alpha_regression</tag>
      <tag>feature_dashboard</tag>
      <tag>priority_medium</tag>
      <kw name="Run Test Steps" library="SeleniumLibrary">
        <msg timestamp="20250101 00:01:14.508" level="INFO">Executing TC_Dashboard_LoadWidget</msg>
        <status status="PASS" starttime="20250101 00:01:14.308" endtime="20250101 00:01:17.662" />
      </kw>
      <status status="PASS" starttime="20250101 00:01:14.308" endtime="20250101 00:01:17.662" />
    </test>
    <test id="s1-t16" name="TC_Dashboard_RefreshData">
      <tag>alpha_regression</tag>
      <tag>feature_dashboard</tag>
      <tag>priority_medium</tag>
      <kw name="Run Test Steps" library="SeleniumLibrary">
        <msg timestamp="20250101 00:01:18.094" level="INFO">Executing TC_Dashboard_RefreshData</msg>
        <status status="PASS" starttime="20250101 00:01:17.894" endtime="20250101 00:01:21.660" />
      </kw>
      <status status="PASS" starttime="20250101 00:01:17.894" endtime="20250101 00:01:21.660" />
    </test>
    <test id="s1-t17" name="TC_User_BulkImport">
      <tag>alpha_regression</tag>
      <tag>feature_usermgmt</tag>
      <tag>priority_medium</tag>
      <kw name="Run Test Steps" library="SeleniumLibrary">
        <msg timestamp="20250101 00:01:22.109" level="INFO">Executing TC_User_BulkImport</msg>
        <status status="PASS" starttime="20250101 00:01:21.909" endtime="20250101 00:01:50.238" />
      </kw>
      <status status="PASS" starttime="20250101 00:01:21.909" endtime="20250101 00:01:50.238" />
    </test>
    <test id="s1-t18" name="TC_User_RoleAssignment">
      <tag>alpha_regression</tag>
      <tag>feature_usermgmt</tag>
      <tag>priority_high</tag>
      <kw name="Run Test Steps" library="SeleniumLibrary">
        <msg timestamp="20250101 00:01:50.669" level="INFO">Executing TC_User_RoleAssignment</msg>
        <msg timestamp="20250101 00:02:05.436" level="FAIL">Expected HTTP status '200' but got '503' — Service Unavailable</msg>
        <status status="FAIL" starttime="20250101 00:01:50.469" endtime="20250101 00:02:05.464" />
      </kw>
      <kw name="Should Be Equal As Integers" library="BuiltIn">
        <msg timestamp="20250101 00:02:05.436" level="FAIL">Expected HTTP status '200' but got '503' — Service Unavailable</msg>
        <status status="FAIL" starttime="20250101 00:02:05.383" endtime="20250101 00:02:05.436" />
      </kw>
      <status status="FAIL" starttime="20250101 00:01:50.469" endtime="20250101 00:02:05.464">Expected HTTP status '200' but got '503' — Service Unavailable</status>
    </test>
    <test id="s1-t19" name="TC_User_BatchExport">
      <tag>alpha_regression</tag>
      <tag>feature_usermgmt</tag>
      <tag>priority_medium</tag>
      <kw name="Run Test Steps" library="SeleniumLibrary">
        <msg timestamp="20250101 00:02:05.845" level="INFO">Executing TC_User_BatchExport</msg>
        <msg timestamp="20250101 00:02:14.058" level="FAIL">CSV export contained 1 rows — expected at least 200 records for Oct 2024</msg>
        <status status="FAIL" starttime="20250101 00:02:05.645" endtime="20250101 00:02:14.085" />
      </kw>
      <kw name="Should Not Be Empty" library="BuiltIn">
        <msg timestamp="20250101 00:02:14.058" level="FAIL">CSV export contained 1 rows — expected at least 200 records for Oct 2024</msg>
        <status status="FAIL" starttime="20250101 00:02:14.030" endtime="20250101 00:02:14.058" />
      </kw>
      <status status="FAIL" starttime="20250101 00:02:05.645" endtime="20250101 00:02:14.085">CSV export contained 1 rows — expected at least 200 records for Oct 2024</status>
    </test>
    <test id="s1-t20" name="TC_Login_OAuthCallback">
      <tag>alpha_regression</tag>
      <tag>feature_login</tag>
      <tag>priority_high</tag>
      <kw name="Run Test Steps" library="SeleniumLibrary">
        <msg timestamp="20250101 00:02:14.460" level="INFO">Executing TC_Login_OAuthCallback</msg>
        <msg timestamp="20250101 00:02:31.728" level="FAIL">Element 'progress-bar' still visible after 20s timeout</msg>
        <status status="FAIL" starttime="20250101 00:02:14.260" endtime="20250101 00:02:31.739" />
      </kw>
      <kw name="Wait Until Element Is Visible" library="BuiltIn">
        <msg timestamp="20250101 00:02:31.728" level="FAIL">Element 'progress-bar' still visible after 20s timeout</msg>
        <status status="FAIL" starttime="20250101 00:02:31.682" endtime="20250101 00:02:31.728" />
      </kw>
      <status status="FAIL" starttime="20250101 00:02:14.260" endtime="20250101 00:02:31.739">Element 'progress-bar' still visible after 20s timeout</status>
    </test>
    <test id="s1-t21" name="TC_API_UserProfile_Get">
      <tag>alpha_regression</tag>
      <tag>feature_api</tag>
      <tag>priority_medium</tag>
      <kw name="Run Test Steps" library="SeleniumLibrary">
        <msg timestamp="20250101 00:02:32.057" level="INFO">Executing TC_API_UserProfile_Get</msg>
        <status status="PASS" starttime="20250101 00:02:31.857" endtime="20250101 00:02:35.687" />
      </kw>
      <status status="PASS" starttime="20250101 00:02:31.857" endtime="20250101 00:02:35.687" />
    </test>
    <test id="s1-t22" name="TC_Report_GenerateMonthly">
      <tag>alpha_regression</tag>
      <tag>feature_reports</tag>
      <tag>priority_medium</tag>
      <kw name="Run Test Steps" library="SeleniumLibrary">
        <msg timestamp="20250101 00:02:36.126" level="INFO">Executing TC_Report_GenerateMonthly</msg>
        <status status="PASS" starttime="20250101 00:02:35.926" endtime="20250101 00:02:38.588" />
      </kw>
      <status status="PASS" starttime="20250101 00:02:35.926" endtime="20250101 00:02:38.588" />
    </test>
    <test id="s1-t23" name="TC_Export_AuditLogs">
      <tag>alpha_regression</tag>
      <tag>feature_audit</tag>
      <tag>priority_medium</tag>
      <kw name="Run Test Steps" library="SeleniumLibrary">
        <msg timestamp="20250101 00:02:38.938" level="INFO">Executing TC_Export_AuditLogs</msg>
        <status status="PASS" starttime="20250101 00:02:38.738" endtime="20250101 00:02:44.866" />
      </kw>
      <status status="PASS" starttime="20250101 00:02:38.738" endtime="20250101 00:02:44.866" />
    </test>
    <status status="FAIL" starttime="20250101 00:00:00.000" endtime="20250101 00:02:45.030" passed="20" failed="3" />
  </suite>
  <statistics>
    <total>
      <stat pass="20" fail="3">All Tests</stat>
    </total>
    <tag>
      <stat pass="20" fail="3">alpha_regression</stat>
    </tag>
  </statistics>
  <errors />
</robot>