<robot generator="Robot 6.1.1 (Python 3.10.12)" generated="20241030 00:00:00.000" rpa="FALSE" schemaversion="4">
  <suite id="s1" name="beta" source="/opt/ci/tests/beta/beta.robot">
    <kw name="Suite Setup" type="setup">
      <msg timestamp="20241030 00:00:00.000" level="INFO">Suite beta initialized — team TeamAlpha</msg>
      <status status="PASS" starttime="20241030 00:00:00.000" endtime="20241030 00:00:00.110" />
    </kw>
    <test id="s1-t1" name="TC_Login_ValidCredentials">
      <tag>alpha_regression</tag>
      <tag>feature_login</tag>
      <tag>priority_high</tag>
      <kw name="Run Test Steps" library="SeleniumLibrary">
        <msg timestamp="20241030 00:00:00.510" level="INFO">Executing TC_Login_ValidCredentials</msg>
        <status status="PASS" starttime="20241030 00:00:00.310" endtime="20241030 00:00:02.934" />
      </kw>
      <status status="PASS" starttime="20241030 00:00:00.310" endtime="20241030 00:00:02.934" />
    </test>
    <test id="s1-t2" name="TC_Login_InvalidPassword">
      <tag>alpha_regression</tag>
      <tag>feature_login</tag>
      <tag>priority_high</tag>
      <kw name="Run Test Steps" library="SeleniumLibrary">
        <msg timestamp="20241030 00:00:03.255" level="INFO">Executing TC_Login_InvalidPassword</msg>
        <status status="PASS" starttime="20241030 00:00:03.055" endtime="20241030 00:00:05.102" />
      </kw>
      <status status="PASS" starttime="20241030 00:00:03.055" endtime="20241030 00:00:05.102" />
    </test>
    <test id="s1-t3" name="TC_Login_SessionTimeout">
      <tag>alpha_regression</tag>
      <tag>feature_login</tag>
      <tag>priority_high</tag>
      <kw name="Run Test Steps" library="SeleniumLibrary">
        <msg timestamp="20241030 00:00:05.588" level="INFO">Executing TC_Login_SessionTimeout</msg>
        <status status="PASS" starttime="20241030 00:00:05.388" endtime="20241030 00:00:07.622" />
      </kw>
      <status status="PASS" starttime="20241030 00:00:05.388" endtime="20241030 00:00:07.622" />
    </test>
    <test id="s1-t4" name="TC_Login_AccountLockout">
      <tag>alpha_regression</tag>
      <tag>feature_login</tag>
      <tag>priority_medium</tag>
      <kw name="Run Test Steps" library="SeleniumLibrary">
        <msg timestamp="20241030 00:00:08.001" level="INFO">Executing TC_Login_AccountLockout</msg>
        <status status="PASS" starttime="20241030 00:00:07.801" endtime="20241030 00:00:11.505" />
      </kw>
      <status status="PASS" starttime="20241030 00:00:07.801" endtime="20241030 00:00:11.505" />
    </test>
    <test id="s1-t5" name="TC_Login_MFAVerification">
      <tag>alpha_regression</tag>
      <tag>feature_login</tag>
      <tag>priority_high</tag>
      <kw name="Run Test Steps" library="SeleniumLibrary">
        <msg timestamp="20241030 00:00:12.005" level="INFO">Executing TC_Login_MFAVerification</msg>
        <msg timestamp="20241030 00:00:24.319" level="FAIL">Element 'auth-redirect' still visible after 45s timeout</msg>
        <status status="FAIL" starttime="20241030 00:00:11.805" endtime="20241030 00:00:24.344" />
      </kw>
      <kw name="Wait Until Element Is Visible" library="BuiltIn">
        <msg timestamp="20241030 00:00:24.319" level="FAIL">Element 'auth-redirect' still visible after 45s timeout</msg>
        <status status="FAIL" starttime="20241030 00:00:24.290" endtime="20241030 00:00:24.319" />
      </kw>
      <status status="FAIL" starttime="20241030 00:00:11.805" endtime="20241030 00:00:24.344">Element 'auth-redirect' still visible after 45s timeout</status>
    </test>
    <test id="s1-t6" name="TC_Dashboard_FilterByDate">
      <tag>alpha_regression</tag>
      <tag>feature_dashboard</tag>
      <tag>priority_medium</tag>
      <kw name="Run Test Steps" library="SeleniumLibrary">
        <msg timestamp="20241030 00:00:24.720" level="INFO">Executing TC_Dashboard_FilterByDate</msg>
        <status status="PASS" starttime="20241030 00:00:24.520" endtime="20241030 00:00:26.046" />
      </kw>
      <status status="PASS" starttime="20241030 00:00:24.520" endtime="20241030 00:00:26.046" />
    </test>
    <test id="s1-t7" name="TC_Dashboard_Pagination">
      <tag>alpha_regression</tag>
      <tag>feature_dashboard</tag>
      <tag>priority_medium</tag>
      <kw name="Run Test Steps" library="SeleniumLibrary">
        <msg timestamp="20241030 00:00:26.527" level="INFO">Executing TC_Dashboard_Pagination</msg>
        <status status="PASS" starttime="20241030 00:00:26.327" endtime="20241030 00:00:28.367" />
      </kw>
      <status status="PASS" starttime="20241030 00:00:26.327" endtime="20241030 00:00:28.367" />
    </test>
    <test id="s1-t8" name="TC_Dashboard_ExportChart">
      <tag>alpha_regression</tag>
      <tag>feature_dashboard</tag>
      <tag>priority_medium</tag>
      <kw name="Run Test Steps" library="SeleniumLibrary">
        <msg timestamp="20241030 00:00:28.754" level="INFO">Executing TC_Dashboard_ExportChart</msg>
        <status status="PASS" starttime="20241030 00:00:28.554" endtime="20241030 00:00:32.850" />
      </kw>
      <status status="PASS" starttime="20241030 00:00:28.554" endtime="20241030 00:00:32.850" />
    </test>
    <test id="s1-t9" name="TC_Dashboard_SearchBar">
      <tag>alpha_regression</tag>
      <tag>feature_dashboard</tag>
      <tag>priority_medium</tag>
      <kw name="Run Test Steps" library="SeleniumLibrary">
        <msg timestamp="20241030 00:00:33.323" level="INFO">Executing TC_Dashboard_SearchBar</msg>
        <status status="PASS" starttime="20241030 00:00:33.123" endtime="20241030 00:00:40.163" />
      </kw>
      <status status="PASS" starttime="20241030 00:00:33.123" endtime="20241030 00:00:40.163" />
    </test>
    <test id="s1-t10" name="TC_User_CreateAccount">
      <tag>alpha_regression</tag>
      <tag>feature_usermgmt</tag>
      <tag>priority_high</tag>
      <kw name="Run Test Steps" library="SeleniumLibrary">
        <msg timestamp="20241030 00:00:40.652" level="INFO">Executing TC_User_CreateAccount</msg>
        <status status="PASS" starttime="20241030 00:00:40.452" endtime="20241030 00:00:43.433" />
      </kw>
      <status status="PASS" starttime="20241030 00:00:40.452" endtime="20241030 00:00:43.433" />
    </test>
    <test id="s1-t11" name="TC_User_EditProfile">
      <tag>alpha_regression</tag>
      <tag>feature_usermgmt</tag>
      <tag>priority_medium</tag>
      <kw name="Run Test Steps" library="SeleniumLibrary">
        <msg timestamp="20241030 00:00:43.777" level="INFO">Executing TC_User_EditProfile</msg>
        <status status="PASS" starttime="20241030 00:00:43.577" endtime="20241030 00:00:48.806" />
      </kw>
      <status status="PASS" starttime="20241030 00:00:43.577" endtime="20241030 00:00:48.806" />
    </test>
    <test id="s1-t12" name="TC_User_DeleteAccount">
      <tag>alpha_regression</tag>
      <tag>feature_usermgmt</tag>
      <tag>priority_high</tag>
      <kw name="Run Test Steps" library="SeleniumLibrary">
        <msg timestamp="20241030 00:00:49.190" level="INFO">Executing TC_User_DeleteAccount</msg>
        <status status="PASS" starttime="20241030 00:00:48.990" endtime="20241030 00:00:54.277" />
      </kw>
      <status status="PASS" starttime="20241030 00:00:48.990" endtime="20241030 00:00:54.277" />
    </test>
    <test id="s1-t13" name="TC_User_PasswordReset">
      <tag>alpha_regression</tag>
      <tag>feature_usermgmt</tag>
      <tag>priority_medium</tag>
      <kw name="Run Test Steps" library="SeleniumLibrary">
        <msg timestamp="20241030 00:00:54.695" level="INFO">Executing TC_User_PasswordReset</msg>
        <status status="PASS" starttime="20241030 00:00:54.495" endtime="20241030 00:00:57.388" />
      </kw>
      <status status="PASS" starttime="20241030 00:00:54.495" endtime="20241030 00:00:57.388" />
    </test>
    <test id="s1-t14" name="TC_Login_SSORedirect">
      <tag>alpha_regression</tag>
      <tag>feature_login</tag>
      <tag>priority_high</tag>
      <kw name="Run Test Steps" library="SeleniumLibrary">
        <msg timestamp="20241030 00:00:57.791" level="INFO">Executing TC_Login_SSORedirect</msg>
        <status status="PASS" starttime="20241030 00:00:57.591" endtime="20241030 00:01:03.388" />
      </kw>
      <status status="PASS" starttime="20241030 00:00:57.591" endtime="20241030 00:01:03.388" />
    </test>
    <test id="s1-t15" name="TC_Dashboard_LoadWidget">
      <tag>alpha_regression</tag>
      <tag>feature_dashboard</tag>
      <tag>priority_medium</tag>
      <kw name="Run Test Steps" library="SeleniumLibrary">
        <msg timestamp="20241030 00:01:03.735" level="INFO">Executing TC_Dashboard_LoadWidget</msg>
        <msg timestamp="20241030 00:01:18.699" level="FAIL">Element with locator 'css=.nav-item' not found after 3 retries</msg>
        <status status="FAIL" starttime="20241030 00:01:03.535" endtime="20241030 00:01:18.732" />
      </kw>
      <kw name="Click Element" library="BuiltIn">
        <msg timestamp="20241030 00:01:18.699" level="FAIL">Element with locator 'css=.nav-item' not found after 3 retries</msg>
        <status status="FAIL" starttime="20241030 00:01:18.645" endtime="20241030 00:01:18.699" />
      </kw>
      <status status="FAIL" starttime="20241030 00:01:03.535" endtime="20241030 00:01:18.732">Element with locator 'css=.nav-item' not found after 3 retries</status>
    </test>
    <test id="s1-t16" name="TC_Dashboard_RefreshData">
      <tag>alpha_regression</tag>
      <tag>feature_dashboard</tag>
      <tag>priority_medium</tag>
      <kw name="Run Test Steps" library="SeleniumLibrary">
        <msg timestamp="20241030 00:01:19.141" level="INFO">Executing TC_Dashboard_RefreshData</msg>
        <status status="PASS" starttime="20241030 00:01:18.941" endtime="20241030 00:01:22.980" />
      </kw>
      <status status="PASS" starttime="20241030 00:01:18.941" endtime="20241030 00:01:22.980" />
    </test>
    <test id="s1-t17" name="TC_User_BulkImport">
      <tag>alpha_regression</tag>
      <tag>feature_usermgmt</tag>
      <tag>priority_medium</tag>
      <kw name="Run Test Steps" library="SeleniumLibrary">
        <msg timestamp="20241030 00:01:23.460" level="INFO">Executing TC_User_BulkImport</msg>
        <msg timestamp="20241030 00:01:41.862" level="FAIL">Expected HTTP status '200' but got '500' — Internal Server Error</msg>
        <status status="FAIL" starttime="20241030 00:01:23.260" endtime="20241030 00:01:41.903" />
      </kw>
      <kw name="Should Be Equal As Integers" library="BuiltIn">
        <msg timestamp="20241030 00:01:41.862" level="FAIL">Expected HTTP status '200' but got '500' — Internal Server Error</msg>
        <status status="FAIL" starttime="20241030 00:01:41.847" endtime="20241030 00:01:41.862" />
      </kw>
      <status status="FAIL" starttime="20241030 00:01:23.260" endtime="20241030 00:01:41.903">Expected HTTP status '200' but got '500' — Internal Server Error</status>
    </test>
    <test id="s1-t18" name="TC_User_RoleAssignment">
      <tag>alpha_regression</tag>
      <tag>feature_usermgmt</tag>
      <tag>priority_high</tag>
      <kw name="Run Test Steps" library="SeleniumLibrary">
        <msg timestamp="20241030 00:01:42.340" level="INFO">Executing TC_User_RoleAssignment</msg>
        <msg timestamp="20241030 00:01:52.918" level="FAIL">Expected HTTP status '201' but got '400' — Bad Request</msg>
        <status status="FAIL" starttime="20241030 00:01:42.140" endtime="20241030 00:01:52.965" />
      </kw>
      <kw name="Should Be Equal As Integers" library="BuiltIn">
        <msg timestamp="20241030 00:01:52.918" level="FAIL">Expected HTTP status '201' but got '400' — Bad Request</msg>
        <status status="FAIL" starttime="20241030 00:01:52.884" endtime="20241030 00:01:52.918" />
      </kw>
      <status status="FAIL" starttime="20241030 00:01:42.140" endtime="20241030 00:01:52.965">Expected HTTP status '201' but got '400' — Bad Request</status>
    </test>
    <test id="s1-t19" name="TC_User_BatchExport">
      <tag>alpha_regression</tag>
      <tag>feature_usermgmt</tag>
      <tag>priority_medium</tag>
      <kw name="Run Test Steps" library="SeleniumLibrary">
        <msg timestamp="20241030 00:01:53.400" level="INFO">Executing TC_User_BatchExport</msg>
        <status status="PASS" starttime="20241030 00:01:53.200" endtime="20241030 00:02:01.451" />
      </kw>
      <status status="PASS" starttime="20241030 00:01:53.200" endtime="20241030 00:02:01.451" />
    </test>
    <test id="s1-t20" name="TC_Login_OAuthCallback">
      <tag>alpha_regression</tag>
      <tag>feature_login</tag>
      <tag>priority_high</tag>
      <kw name="Run Test Steps" library="SeleniumLibrary">
        <msg timestamp="20241030 00:02:01.831" level="INFO">Executing TC_Login_OAuthCallback</msg>
        <msg timestamp="20241030 00:02:18.268" level="FAIL">Element 'progress-bar' still visible after 30s timeout</msg>
        <status status="FAIL" starttime="20241030 00:02:01.631" endtime="20241030 00:02:18.302" />
      </kw>
      <kw name="Wait Until Element Is Visible" library="BuiltIn">
        <msg timestamp="20241030 00:02:18.268" level="FAIL">Element 'progress-bar' still visible after 30s timeout</msg>
        <status status="FAIL" starttime="20241030 00:02:18.213" endtime="20241030 00:02:18.268" />
      </kw>
      <status status="FAIL" starttime="20241030 00:02:01.631" endtime="20241030 00:02:18.302">Element 'progress-bar' still visible after 30s timeout</status>
    </test>
    <test id="s1-t21" name="TC_API_UserProfile_Get">
      <tag>alpha_regression</tag>
      <tag>feature_api</tag>
      <tag>priority_medium</tag>
      <kw name="Run Test Steps" library="SeleniumLibrary">
        <msg timestamp="20241030 00:02:18.646" level="INFO">Executing TC_API_UserProfile_Get</msg>
        <status status="PASS" starttime="20241030 00:02:18.446" endtime="20241030 00:02:25.586" />
      </kw>
      <status status="PASS" starttime="20241030 00:02:18.446" endtime="20241030 00:02:25.586" />
    </test>
    <test id="s1-t22" name="TC_Report_GenerateMonthly">
      <tag>alpha_regression</tag>
      <tag>feature_reports</tag>
      <tag>priority_medium</tag>
      <kw name="Run Test Steps" library="SeleniumLibrary">
        <msg timestamp="20241030 00:02:26.066" level="INFO">Executing TC_Report_GenerateMonthly</msg>
        <msg timestamp="20241030 00:02:47.072" level="FAIL">Timeout waiting for application server to respond</msg>
        <status status="FAIL" starttime="20241030 00:02:25.866" endtime="20241030 00:02:47.097" />
      </kw>
      <kw name="Environment_Setup" library="BuiltIn">
        <msg timestamp="20241030 00:02:47.072" level="FAIL">Timeout waiting for application server to respond</msg>
        <status status="FAIL" starttime="20241030 00:02:47.040" endtime="20241030 00:02:47.072" />
      </kw>
      <status status="FAIL" starttime="20241030 00:02:25.866" endtime="20241030 00:02:47.097">Timeout waiting for application server to respond</status>
    </test>
    <test id="s1-t23" name="TC_Export_AuditLogs">
      <tag>alpha_regression</tag>
      <tag>feature_audit</tag>
      <tag>priority_medium</tag>
      <kw name="Run Test Steps" library="SeleniumLibrary">
        <msg timestamp="20241030 00:02:47.458" level="INFO">Executing TC_Export_AuditLogs</msg>
        <msg timestamp="20241030 00:02:57.475" level="FAIL">CSV export contained 2 rows — expected at least 100 records for last 7 days</msg>
        <status status="FAIL" starttime="20241030 00:02:47.258" endtime="20241030 00:02:57.518" />
      </kw>
      <kw name="Should Not Be Empty" library="BuiltIn">
        <msg timestamp="20241030 00:02:57.475" level="FAIL">CSV export contained 2 rows — expected at least 100 records for last 7 days</msg>
        <status status="FAIL" starttime="20241030 00:02:57.460" endtime="20241030 00:02:57.475" />
      </kw>
      <status status="FAIL" starttime="20241030 00:02:47.258" endtime="20241030 00:02:57.518">CSV export contained 2 rows — expected at least 100 records for last 7 days</status>
    </test>
    <status status="FAIL" starttime="20241030 00:00:00.000" endtime="20241030 00:02:57.765" passed="16" failed="7" />
  </suite>
  <statistics>
    <total>
      <stat pass="16" fail="7">All Tests</stat>
    </total>
    <tag>
      <stat pass="16" fail="7">alpha_regression</stat>
    </tag>
  </statistics>
  <errors />
</robot>